
           ___      .______        ______  __    __  .______      
          /   \     |   _  \      /      ||  |  |  | |   _  \     
         /  ^  \    |  |_)  |    |  ,----'|  |__|  | |  |_)  |    
        /  /_\  \   |      /     |  |     |   __   | |      /     
       /  _____  \  |  |\  \\___ |  `----.|  |  |  | |  |\  \\___.
      /__/     \__\ | _| `._____| \______||__|  |__| | _| `._____|
    
Logging With ArchR!

Start Time : 2021-08-06 14:56:18

------- ArchR Info

ArchRThreads = 4

------- System Info

Computer OS = unix
Total Cores = 8

------- Session Info

R version 4.1.0 (2021-05-18)
Platform: x86_64-apple-darwin17.0 (64-bit)
Running under: macOS Big Sur 11.2.3

Matrix products: default
LAPACK: /Library/Frameworks/R.framework/Versions/4.1/Resources/lib/libRlapack.dylib

locale:
[1] en_US.UTF-8/en_US.UTF-8/en_US.UTF-8/C/en_US.UTF-8/en_US.UTF-8

attached base packages:
[1] parallel  stats4    stats     graphics  grDevices utils     datasets  methods   base     

other attached packages:
 [1] patchwork_1.1.1               forcats_0.5.1                 stringr_1.4.0                 dplyr_1.0.7                  
 [5] purrr_0.3.4                   readr_2.0.0                   tidyr_1.1.3                   tibble_3.1.3                 
 [9] tidyverse_1.3.1               scclusteval_0.0.0.9000        cowplot_1.1.1                 EnsDb.Hsapiens.v86_2.99.0    
[13] ensembldb_2.16.3              AnnotationFilter_1.16.0       GenomicFeatures_1.44.0        AnnotationDbi_1.54.1         
[17] Signac_1.3.0                  pbmcMultiome.SeuratData_0.1.0 SeuratData_0.2.1              MAESTRO_1.5.1                
[21] SeuratObject_4.0.2            Seurat_4.0.3                  ArchR_1.0.1                   magrittr_2.0.1               
[25] rhdf5_2.36.0                  Matrix_1.3-4                  data.table_1.14.0             SummarizedExperiment_1.22.0  
[29] Biobase_2.52.0                MatrixGenerics_1.4.0          matrixStats_0.60.0            ggplot2_3.3.5                
[33] GenomicRanges_1.44.0          GenomeInfoDb_1.28.1           IRanges_2.26.0                S4Vectors_0.30.0             
[37] BiocGenerics_0.38.0          

loaded via a namespace (and not attached):
  [1] rappdirs_0.3.3             SnowballC_0.7.0            rtracklayer_1.52.0         scattermore_0.7           
  [5] bit64_4.0.5                knitr_1.33                 irlba_2.3.3                DelayedArray_0.18.0       
  [9] rpart_4.1-15               doParallel_1.0.16          KEGGREST_1.32.0            RCurl_1.98-1.3            
 [13] generics_0.1.0             callr_3.7.0                usethis_2.0.1              RSQLite_2.2.7             
 [17] EnsDb.Mmusculus.v79_2.99.0 RANN_2.6.1                 future_1.21.0              tzdb_0.1.2                
 [21] bit_4.0.4                  lubridate_1.7.10           spatstat.data_2.1-0        xml2_1.3.2                
 [25] httpuv_1.6.1               assertthat_0.2.1           xfun_0.24                  hms_1.1.0                 
 [29] evaluate_0.14              promises_1.2.0.1           fansi_0.5.0                restfulr_0.0.13           
 [33] progress_1.2.2             readxl_1.3.1               caTools_1.18.2             dbplyr_2.1.1              
 [37] igraph_1.2.6               DBI_1.1.1                  htmlwidgets_1.5.3          sparsesvd_0.2             
 [41] spatstat.geom_2.2-2        ellipsis_0.3.2             RSpectra_0.16-0            backports_1.2.1           
 [45] biomaRt_2.48.2             deldir_0.2-10              vctrs_0.3.8                remotes_2.4.0             
 [49] Cairo_1.5-12.2             ROCR_1.0-11                abind_1.4-5                cachem_1.0.5              
 [53] withr_2.4.2                ggforce_0.3.3              BSgenome_1.60.0            presto_1.0.0              
 [57] checkmate_2.0.0            sctransform_0.3.2          GenomicAlignments_1.28.0   prettyunits_1.1.1         
 [61] goftest_1.2-2              cluster_2.1.2              lazyeval_0.2.2             crayon_1.4.1              
 [65] hdf5r_1.3.3                labeling_0.4.2             pkgconfig_2.0.3            slam_0.1-48               
 [69] tweenr_1.0.2               nlme_3.1-152               pkgload_1.2.1              ProtGenerics_1.24.0       
 [73] nnet_7.3-16                devtools_2.4.2             rlang_0.4.11               globals_0.14.0            
 [77] lifecycle_1.0.0            miniUI_0.1.1.1             filelock_1.0.2             BiocFileCache_2.0.0       
 [81] modelr_0.1.8               dichromat_2.0-0            cellranger_1.1.0           rprojroot_2.0.2           
 [85] polyclip_1.10-0            lmtest_0.9-38              ggseqlogo_0.1              Rhdf5lib_1.14.2           
 [89] zoo_1.8-9                  reprex_2.0.0               base64enc_0.1-3            GlobalOptions_0.1.2       
 [93] ggridges_0.5.3             processx_3.5.2             pheatmap_1.0.12            png_0.1-7                 
 [97] viridisLite_0.4.0          rjson_0.2.20               bitops_1.0-7               KernSmooth_2.23-20        
[101] rhdf5filters_1.4.0         Biostrings_2.60.1          blob_1.2.2                 shape_1.4.6               
[105] forestplot_1.10.1          parallelly_1.27.0          jpeg_0.1-9                 scales_1.1.1              
[109] memoise_2.0.0              plyr_1.8.6                 ica_1.0-2                  gplots_3.1.1              
[113] zlibbioc_1.38.0            compiler_4.1.0             Gmisc_1.10.0               BiocIO_1.2.0              
[117] RColorBrewer_1.1-2         clue_0.3-59                fitdistrplus_1.1-5         Rsamtools_2.8.0           
[121] cli_3.0.1                  XVector_0.32.0             listenv_0.8.0              pbapply_1.4-3             
[125] ps_1.6.0                   Formula_1.2-4              htmlTable_2.2.1            MASS_7.3-54               
[129] mgcv_1.8-36                tidyselect_1.1.1           stringi_1.7.3              yaml_2.2.1                
[133] latticeExtra_0.6-29        ggrepel_0.9.1              grid_4.1.0                 VariantAnnotation_1.38.0  
[137] fastmatch_1.1-3            tools_4.1.0                future.apply_1.7.0         circlize_0.4.13           
[141] rstudioapi_0.13            foreach_1.5.1              foreign_0.8-81             lsa_0.73.2                
[145] gridExtra_2.3              farver_2.1.0               Rtsne_0.15                 digest_0.6.27             
[149] BiocManager_1.30.16        shiny_1.6.0                qlcMatrix_0.9.7            Rcpp_1.0.7                
[153] broom_0.7.9                later_1.2.0                RcppAnnoy_0.0.19           httr_1.4.2                
[157] biovizBase_1.40.0          ComplexHeatmap_2.8.0       colorspace_2.0-2           rvest_1.0.1               
[161] XML_3.99-0.6               fs_1.5.0                   tensor_1.5                 reticulate_1.20           
[165] splines_4.1.0              uwot_0.1.10                RcppRoll_0.3.0             spatstat.utils_2.2-0      
[169] plotly_4.9.4.1             sessioninfo_1.1.1          xtable_1.8-4               jsonlite_1.7.2            
[173] testthat_3.0.4             R6_2.5.0                   Hmisc_4.5-0                pillar_1.6.2              
[177] htmltools_0.5.1.1          mime_0.11                  glue_1.4.2                 fastmap_1.1.0             
[181] BiocParallel_1.26.1        codetools_0.2-18           pkgbuild_1.2.0             utf8_1.2.2                
[185] lattice_0.20-44            spatstat.sparse_2.0-0      curl_4.3.2                 leiden_0.3.9              
[189] gtools_3.9.2               survival_3.2-11            rmarkdown_2.9              docopt_0.7.1              
[193] desc_1.3.0                 munsell_0.5.0              GetoptLong_1.0.5           GenomeInfoDbData_1.2.6    
[197] iterators_1.0.13           haven_2.4.3                reshape2_1.4.4             gtable_0.3.0              
[201] spatstat.core_2.3-0       


------- Log Info


2021-08-06 14:56:19 : IterativeLSI Input-Parameters, Class = list

IterativeLSI Input-Parameters$ArchRProj: length = 1

IterativeLSI Input-Parameters$useMatrix: length = 1
[1] "TileMatrix"


IterativeLSI Input-Parameters$name: length = 1
[1] "LSI_ATAC_save_iters"


IterativeLSI Input-Parameters$iterations: length = 1
[1] 2


IterativeLSI Input-Parameters$firstSelection: length = 1
[1] "top"


IterativeLSI Input-Parameters$depthCol: length = 1
[1] "nFrags"


IterativeLSI Input-Parameters$varFeatures: length = 1
[1] 25000


IterativeLSI Input-Parameters$dimsToUse: length = 30
[1] 1 2 3 4 5 6


IterativeLSI Input-Parameters$LSIMethod: length = 1
[1] 2


IterativeLSI Input-Parameters$scaleDims: length = 1
[1] TRUE


IterativeLSI Input-Parameters$corCutOff: length = 1
[1] 0.75


IterativeLSI Input-Parameters$binarize: length = 1
[1] TRUE


IterativeLSI Input-Parameters$outlierQuantiles: length = 2
[1] 0.02 0.98


IterativeLSI Input-Parameters$filterBias: length = 1
[1] TRUE


IterativeLSI Input-Parameters$sampleCellsPre: length = 1
[1] 10000


IterativeLSI Input-Parameters$projectCellsPre: length = 1
[1] FALSE


IterativeLSI Input-Parameters$sampleCellsFinal: length = 0
NULL


IterativeLSI Input-Parameters$selectionMethod: length = 1
[1] "var"


IterativeLSI Input-Parameters$scaleTo: length = 1
[1] 10000


IterativeLSI Input-Parameters$totalFeatures: length = 1
[1] 5e+05


IterativeLSI Input-Parameters$filterQuantile: length = 1
[1] 0.995


IterativeLSI Input-Parameters$excludeChr: length = 0
NULL


IterativeLSI Input-Parameters$saveIterations: length = 1
[1] TRUE


IterativeLSI Input-Parameters$nPlot: length = 1
[1] 10000


IterativeLSI Input-Parameters$outDir: length = 1
[1] "/Users/jeongeunkim/Desktop/HARVARD/Dana_Farber_Research/Save-Projfilter2"


IterativeLSI Input-Parameters$threads: length = 1
[1] 4


IterativeLSI Input-Parameters$seed: length = 1
[1] 1


IterativeLSI Input-Parameters$verbose: length = 1
[1] TRUE


IterativeLSI Input-Parameters$force: length = 1
[1] FALSE


IterativeLSI Input-Parameters$logFile: length = 1
[1] "ArchRLogs/ArchR-addIterativeLSI-16d41f50c78c-Date-2021-08-06_Time-14-56-18.log"


2021-08-06 14:56:20 : Computing Total Across All Features, 0.012 mins elapsed.
2021-08-06 14:56:23 : Computing Top Features, 0.063 mins elapsed.
###########
2021-08-06 14:56:47 : Running LSI (1 of 2) on Top Features, 0.474 mins elapsed.
###########
2021-08-06 14:56:47 : Sampling Cells (N = 10000) for Estimated LSI, 0.475 mins elapsed.
2021-08-06 14:56:47 : Creating Sampled Partial Matrix, 0.476 mins elapsed.
2021-08-06 14:57:36 : Computing Estimated LSI (projectAll = FALSE), 1.28 mins elapsed.

2021-08-06 14:57:36 : LSI Parameters, Class = list

LSI Parameters$: length = 1
                       
1 function (name)      
2 .Internal(args(name))


LSI Parameters$mat: nRows = 25000, nCols = 10000
LSI Parameters$mat: NonZeroEntries = 48301116, EntryRange = [ 1 , 1 ]
5 x 5 sparse Matrix of class "dgCMatrix"
     PBMC_10k#AAACAGCCAAGGAATC-1 PBMC_10k#AAACAGCCAATCCCTT-1 PBMC_10k#AAACAGCCAATGCGCT-1 PBMC_10k#AAACAGCCACCAACCG-1
[1,]                           .                           .                           .                           .
[2,]                           .                           1                           .                           .
[3,]                           1                           .                           .                           .
[4,]                           .                           .                           .                           1
[5,]                           1                           .                           .                           1
     PBMC_10k#AAACAGCCAGTAGGTG-1
[1,]                           1
[2,]                           1
[3,]                           1
[4,]                           1
[5,]                           1


LSI Parameters$LSIMethod: length = 1
[1] 2


LSI Parameters$scaleTo: length = 1
[1] 10000


LSI Parameters$nDimensions: length = 1
[1] 30


LSI Parameters$binarize: length = 1
[1] TRUE


LSI Parameters$outlierQuantiles: length = 2
[1] 0.02 0.98


LSI Parameters$seed: length = 1
[1] 1


LSI Parameters$verbose: length = 1
[1] FALSE


LSI Parameters$tstart: length = 1
[1] "2021-08-06 14:56:19 EDT"


LSI Parameters$logFile: length = 1
[1] "ArchRLogs/ArchR-addIterativeLSI-16d41f50c78c-Date-2021-08-06_Time-14-56-18.log"


2021-08-06 14:57:36 : Running LSI, Input Matrix = 0.581 GB, 1.289 mins elapsed.
2021-08-06 14:57:36 : Binarizing Matrix, 1.289 mins elapsed.
2021-08-06 14:57:38 : Computing Term Frequency, 1.311 mins elapsed.
2021-08-06 14:57:38 : Filtering Outliers Based On Counts, 1.32 mins elapsed.
2021-08-06 14:57:39 : Removing 0 Sum Rows, 1.334 mins elapsed.
2021-08-06 14:57:41 : Computing Inverse Document Frequency, 1.359 mins elapsed.
2021-08-06 14:57:46 : Computing SVD using irlba, 1.458 mins elapsed.
2021-08-06 14:58:20 : Projecting Outliers with LSI-Projection (Granja* et al 2019), 2.009 mins elapsed.

2021-08-06 14:58:20 : LSI-Projection Parameters, Class = list

LSI-Projection Parameters$: length = 1
                       
1 function (name)      
2 .Internal(args(name))


LSI-Projection Parameters$mat: nRows = 25000, nCols = 10
LSI-Projection Parameters$mat: NonZeroEntries = 48770, EntryRange = [ 1 , 1 ]
5 x 5 sparse Matrix of class "dgCMatrix"
     PBMC_10k#AAACAGCCAATCCCTT-1 PBMC_10k#AAACAGCCAATGCGCT-1 PBMC_10k#AAACAGCCACCAACCG-1 PBMC_10k#AAACAGCCAGTAGGTG-1
[1,]                           .                           .                           .                           1
[2,]                           1                           .                           .                           1
[3,]                           .                           .                           .                           1
[4,]                           .                           .                           1                           1
[5,]                           .                           .                           1                           1
     PBMC_10k#AAACAGCCAGTTTACG-1
[1,]                           .
[2,]                           .
[3,]                           .
[4,]                           .
[5,]                           1


LSI-Projection Parameters$matSVD: nRows = 9600, nCols = 30
                                  LSI1      LSI2      LSI3       LSI4       LSI5
PBMC_10k#AAACAGCCAATCCCTT-1  -80.22151 -13.88951  2.845368 -4.1185553  -5.255961
PBMC_10k#AAACAGCCAATGCGCT-1  -68.01339 -13.71343 -5.931370  2.6125060   2.860558
PBMC_10k#AAACAGCCACCAACCG-1  -43.03785 -10.10167 -3.067047  0.1563207   2.635904
PBMC_10k#AAACAGCCAGTAGGTG-1 -107.97079 -22.67962 -3.101336  1.8942050   2.248176
PBMC_10k#AAACAGCCAGTTTACG-1  -79.67770 -13.17610 -3.066464 -1.0716253 -11.096655


LSI-Projection Parameters$returnModel: length = 1
[1] FALSE


LSI-Projection Parameters$verbose: length = 1
[1] FALSE


LSI-Projection Parameters$tstart: length = 0
NULL


LSI-Projection Parameters$logFile: length = 1
[1] "ArchRLogs/ArchR-addIterativeLSI-16d41f50c78c-Date-2021-08-06_Time-14-56-18.log"


2021-08-06 14:58:20 : Projecting LSI, Input Matrix = 0.001 GB, 0 mins elapsed.
2021-08-06 14:58:20 : Subsetting by Non-Zero features in inital Matrix, 0 mins elapsed.
2021-08-06 14:58:20 : Binarizing Matrix, 0 mins elapsed.
2021-08-06 14:58:20 : Computing Term Frequency, 0 mins elapsed.
2021-08-06 14:58:20 : Computing Inverse Document Frequency, 0 mins elapsed.
2021-08-06 14:58:20 : Computing TF-IDF Matrix, 0 mins elapsed.
2021-08-06 14:58:21 : Calculating V Matrix, 0.017 mins elapsed.
2021-08-06 14:58:21 : Computing Projected Coordinates, 0.017 mins elapsed.

2021-08-06 14:58:21 : LSI-Projection Parameters, Class = list

LSI-Projection Parameters$: length = 1
                       
1 function (name)      
2 .Internal(args(name))


LSI-Projection Parameters$mat: nRows = 25000, nCols = 400
LSI-Projection Parameters$mat: NonZeroEntries = 2369884, EntryRange = [ 1 , 1 ]
5 x 5 sparse Matrix of class "dgCMatrix"
     PBMC_10k#AAACAGCCAAGGAATC-1 PBMC_10k#AAACCAACACTAAGAA-1 PBMC_10k#AAAGCAAGTGTAATAC-1 PBMC_10k#AAAGCAAGTTAACGGC-1
[1,]                           .                           1                           .                           .
[2,]                           .                           1                           .                           .
[3,]                           1                           1                           .                           .
[4,]                           .                           .                           .                           .
[5,]                           1                           .                           .                           .
     PBMC_10k#AAAGCCGCATTAAGCT-1
[1,]                           .
[2,]                           .
[3,]                           .
[4,]                           .
[5,]                           .


LSI-Projection Parameters$matSVD: nRows = 9600, nCols = 30
                                  LSI1      LSI2      LSI3       LSI4       LSI5
PBMC_10k#AAACAGCCAATCCCTT-1  -80.22151 -13.88951  2.845368 -4.1185553  -5.255961
PBMC_10k#AAACAGCCAATGCGCT-1  -68.01339 -13.71343 -5.931370  2.6125060   2.860558
PBMC_10k#AAACAGCCACCAACCG-1  -43.03785 -10.10167 -3.067047  0.1563207   2.635904
PBMC_10k#AAACAGCCAGTAGGTG-1 -107.97079 -22.67962 -3.101336  1.8942050   2.248176
PBMC_10k#AAACAGCCAGTTTACG-1  -79.67770 -13.17610 -3.066464 -1.0716253 -11.096655


LSI-Projection Parameters$returnModel: length = 1
[1] FALSE


LSI-Projection Parameters$verbose: length = 1
[1] FALSE


LSI-Projection Parameters$tstart: length = 0
NULL


LSI-Projection Parameters$logFile: length = 1
[1] "ArchRLogs/ArchR-addIterativeLSI-16d41f50c78c-Date-2021-08-06_Time-14-56-18.log"


2021-08-06 14:58:21 : Projecting LSI, Input Matrix = 0.028 GB, 0 mins elapsed.
2021-08-06 14:58:21 : Subsetting by Non-Zero features in inital Matrix, 0 mins elapsed.
2021-08-06 14:58:21 : Binarizing Matrix, 0.001 mins elapsed.
2021-08-06 14:58:21 : Computing Term Frequency, 0.002 mins elapsed.
2021-08-06 14:58:21 : Computing Inverse Document Frequency, 0.002 mins elapsed.
2021-08-06 14:58:21 : Computing TF-IDF Matrix, 0.002 mins elapsed.
2021-08-06 14:58:22 : Calculating V Matrix, 0.017 mins elapsed.
2021-08-06 14:58:22 : Computing Projected Coordinates, 0.018 mins elapsed.
2021-08-06 14:58:22 : Finished LSI (TF-IDF SVD) using irlba, 2.047 mins elapsed.

2021-08-06 14:58:24 : outLSI-1, Class = SimpleList

outLSI-1$matSVD: nRows = 10000, nCols = 30
                                  LSI1      LSI2      LSI3       LSI4      LSI5
PBMC_10k#AAACAGCCAAGGAATC-1 -122.55625 -25.90962 -9.813168  5.0033528  5.658874
PBMC_10k#AAACAGCCAATCCCTT-1  -80.22151 -13.88951  2.845368 -4.1185553 -5.255961
PBMC_10k#AAACAGCCAATGCGCT-1  -68.01339 -13.71343 -5.931370  2.6125060  2.860558
PBMC_10k#AAACAGCCACCAACCG-1  -43.03785 -10.10167 -3.067047  0.1563207  2.635904
PBMC_10k#AAACAGCCAGTAGGTG-1 -107.97079 -22.67962 -3.101336  1.8942050  2.248176


outLSI-1$rowSm: length = 25000
[1] 1401 1606 1173 1417 2473 1310


outLSI-1$nCol: length = 1
[1] 9600


outLSI-1$exclude: length = 0
NULL


outLSI-1$idx: length = 25000
[1] 1 2 3 4 5 6


outLSI-1$u: nRows = 25000, nCols = 30
             [,1]         [,2]          [,3]          [,4]          [,5]
[1,] -0.005299990  0.002554861  0.0073362958 -0.0056122652  0.0016485461
[2,] -0.005799981  0.001732151  0.0042287471 -0.0045505302  0.0005805787
[3,] -0.004772264 -0.003801901 -0.0009647875  0.0082120333 -0.0035440431
[4,] -0.005374915 -0.003228693 -0.0031141891  0.0007022051  0.0016044024
[5,] -0.007559967 -0.002524445 -0.0008556932 -0.0027003585  0.0028792283


outLSI-1$v: nRows = 9600, nCols = 30
             [,1]         [,2]         [,3]          [,4]         [,5]
[1,] -0.010864177 -0.007262469  0.003921952 -0.0059892183 -0.012095429
[2,] -0.009210865 -0.007170397 -0.008175585  0.0037991158  0.006582941
[3,] -0.005828497 -0.005281904 -0.004227507  0.0002273221  0.006065948
[4,] -0.014622184 -0.011858591 -0.004274769  0.0027545599  0.005173678
[5,] -0.010790530 -0.006889444 -0.004226703 -0.0015583615 -0.025536490


outLSI-1$binarize: length = 1
[1] TRUE


outLSI-1$scaleTo: length = 1
[1] 10000


outLSI-1$nDimensions: length = 1
[1] 30


outLSI-1$LSIMethod: length = 1
[1] 2


outLSI-1$outliers: length = 400
[1] "PBMC_10k#AAACAGCCAAGGAATC-1" "PBMC_10k#AAACCAACACTAAGAA-1" "PBMC_10k#AAAGCAAGTGTAATAC-1" "PBMC_10k#AAAGCAAGTTAACGGC-1"
[5] "PBMC_10k#AAAGCCGCATTAAGCT-1" "PBMC_10k#AAAGGTTAGGTTACGT-1"


outLSI-1$date: length = 1
[1] "2021-08-06"


outLSI-1$seed: length = 1
[1] 1


outLSI-1$scaleDims: length = 1
[1] TRUE


outLSI-1$useMatrix: length = 1
[1] "TileMatrix"


outLSI-1$tileSize: length = 1
[1] 500



2021-08-06 14:58:24 : Cluster Params, Class = list

Cluster Params$: length = 1
                       
1 function (name)      
2 .Internal(args(name))


Cluster Params$matSVD: nRows = 10000, nCols = 30
                                  LSI1      LSI2      LSI3       LSI4      LSI5
PBMC_10k#AAACAGCCAAGGAATC-1 -122.55625 -25.90962 -9.813168  5.0033528  5.658874
PBMC_10k#AAACAGCCAATCCCTT-1  -80.22151 -13.88951  2.845368 -4.1185553 -5.255961
PBMC_10k#AAACAGCCAATGCGCT-1  -68.01339 -13.71343 -5.931370  2.6125060  2.860558
PBMC_10k#AAACAGCCACCAACCG-1  -43.03785 -10.10167 -3.067047  0.1563207  2.635904
PBMC_10k#AAACAGCCAGTAGGTG-1 -107.97079 -22.67962 -3.101336  1.8942050  2.248176


Cluster Params$corCutOff: length = 1
[1] 0.75


Cluster Params$dimsToUse: length = 30
[1] 1 2 3 4 5 6


Cluster Params$scaleDims: length = 1
[1] TRUE


Cluster Params$verbose: length = 1
[1] TRUE


Cluster Params$j: length = 1
[1] 1


Cluster Params$filterBias: length = 1
[1] TRUE


Cluster Params$cellNames: length = 10387
[1] "PBMC_10k#TAGCTAGGTTTGGGTA-1" "PBMC_10k#TTGGAGGCAGGCTTCG-1" "PBMC_10k#CATAGACTCCCTGGAA-1" "PBMC_10k#GGTGAGTAGGCGTAAA-1"
[5] "PBMC_10k#ATTTGCAAGCCGCAAC-1" "PBMC_10k#TATAGGTGTCATCAAG-1"


Cluster Params$cellDepth: length = 10387
PBMC_10k#TAGCTAGGTTTGGGTA-1 PBMC_10k#TTGGAGGCAGGCTTCG-1 PBMC_10k#CATAGACTCCCTGGAA-1 PBMC_10k#GGTGAGTAGGCGTAAA-1 
                   4.941149                    4.940940                    4.911387                    4.907879 
PBMC_10k#ATTTGCAAGCCGCAAC-1 PBMC_10k#TATAGGTGTCATCAAG-1 
                   4.898369                    4.898237 


Cluster Params$tstart: length = 1
[1] "2021-08-06 14:56:19 EDT"


Cluster Params$logFile: length = 1
[1] "ArchRLogs/ArchR-addIterativeLSI-16d41f50c78c-Date-2021-08-06_Time-14-56-18.log"


2021-08-06 14:58:24 : Identifying Clusters, 2.088 mins elapsed.

2021-08-06 14:58:24 : addClusters Input-Parameters, Class = list

addClusters Input-Parameters$: length = 1
                       
1 function (name)      
2 .Internal(args(name))


addClusters Input-Parameters$input: nRows = 10000, nCols = 30
                                 LSI1       LSI2        LSI3        LSI4       LSI5
PBMC_10k#AAACAGCCAAGGAATC-1 -5.137558 -0.9204172 -0.21805415  0.42845940  0.4570628
PBMC_10k#AAACAGCCAATCCCTT-1 -5.120224 -0.7147006  0.39676779 -0.06574999 -0.1412922
PBMC_10k#AAACAGCCAATGCGCT-1 -5.063559 -0.8659310 -0.26434347  0.39613599  0.4153115
PBMC_10k#AAACAGCCACCAACCG-1 -4.979959 -0.9880672 -0.13546497  0.25520981  0.5557373
PBMC_10k#AAACAGCCAGTAGGTG-1 -5.137160 -0.9431604  0.01955756  0.26520195  0.2826077


addClusters Input-Parameters$reducedDims: length = 1
[1] "IterativeLSI"


addClusters Input-Parameters$name: length = 1
[1] "Clusters"


addClusters Input-Parameters$sampleCells: length = 1
[1] 10000


addClusters Input-Parameters$seed: length = 1
[1] 1


addClusters Input-Parameters$method: length = 1
[1] "Seurat"


addClusters Input-Parameters$dimsToUse: length = 0
NULL


addClusters Input-Parameters$scaleDims: length = 0
NULL


addClusters Input-Parameters$corCutOff: length = 1
[1] 0.75


addClusters Input-Parameters$knnAssign: length = 1
[1] 10


addClusters Input-Parameters$nOutlier: length = 1
[1] 5


addClusters Input-Parameters$maxClusters: length = 1
[1] 25


addClusters Input-Parameters$testBias: length = 1
[1] TRUE


addClusters Input-Parameters$filterBias: length = 1
[1] TRUE


addClusters Input-Parameters$biasClusters: length = 1
[1] 0.01


addClusters Input-Parameters$biasCol: length = 1
[1] "nFrags"


addClusters Input-Parameters$biasVals: length = 10000
[1] 4.550607 4.127623 4.050612 3.710371 4.415824 4.109612


addClusters Input-Parameters$biasQuantiles: length = 2
[1] 0.05 0.95


addClusters Input-Parameters$biasEnrich: length = 1
[1] 10


addClusters Input-Parameters$biasProportion: length = 1
[1] 0.5


addClusters Input-Parameters$biasPval: length = 1
[1] 0.05


addClusters Input-Parameters$nPerm: length = 1
[1] 500


addClusters Input-Parameters$prefix: length = 1
[1] "C"


addClusters Input-Parameters$ArchRProj: length = 0
NULL


addClusters Input-Parameters$verbose: length = 1
[1] FALSE


addClusters Input-Parameters$tstart: length = 0
NULL


addClusters Input-Parameters$force: length = 1
[1] FALSE


addClusters Input-Parameters$logFile: length = 1
[1] "ArchRLogs/ArchR-addIterativeLSI-16d41f50c78c-Date-2021-08-06_Time-14-56-18.log"


addClusters Input-Parameters$...: length = 2

2021-08-06 14:58:24 : Running Seurats FindClusters (Stuart et al. Cell 2019), 0 mins elapsed.
2021-08-06 14:58:41 : Testing Biased Clusters, 0.279 mins elapsed.
2021-08-06 14:58:41 : Assigning Biased Clusters (n = 1) to Neighbors, 0.281 mins elapsed.
2021-08-06 14:58:42 : Testing Outlier Clusters, 0.29 mins elapsed.
2021-08-06 14:58:42 : Assigning Cluster Names to 14 Clusters, 0.29 mins elapsed.
2021-08-06 14:58:42 : Finished addClusters, 0.291 mins elapsed.
2021-08-06 14:58:42 : Identified 14 Clusters, 2.379 mins elapsed.

2021-08-06 14:58:42 : clusterDF-1, Class = DFrame
DataFrame with 10000 rows and 2 columns
                   cellNames    clusters
                 <character> <character>
1     PBMC_10k#AAACAGCCAAG..         C10
2     PBMC_10k#AAACAGCCAAT..          C9
3     PBMC_10k#AAACAGCCAAT..         C11
4     PBMC_10k#AAACAGCCACC..         C10
5     PBMC_10k#AAACAGCCAGT..         C10
...                      ...         ...
9996  PBMC_10k#TTTGTTGGTGA..         C10
9997  PBMC_10k#TTTGTTGGTGT..         C10
9998  PBMC_10k#TTTGTTGGTTA..          C7
9999  PBMC_10k#TTTGTTGGTTG..          C9
10000 PBMC_10k#TTTGTTGGTTT..          C9

2021-08-06 14:58:42 : Saving LSI Iteration, 2.379 mins elapsed.

2021-08-06 14:58:42 : Save iteration, Class = list

Save iteration$: length = 1
                       
1 function (name)      
2 .Internal(args(name))


Save iteration$matSVD: nRows = 10000, nCols = 30
                                  LSI1      LSI2      LSI3       LSI4      LSI5
PBMC_10k#AAACAGCCAAGGAATC-1 -122.55625 -25.90962 -9.813168  5.0033528  5.658874
PBMC_10k#AAACAGCCAATCCCTT-1  -80.22151 -13.88951  2.845368 -4.1185553 -5.255961
PBMC_10k#AAACAGCCAATGCGCT-1  -68.01339 -13.71343 -5.931370  2.6125060  2.860558
PBMC_10k#AAACAGCCACCAACCG-1  -43.03785 -10.10167 -3.067047  0.1563207  2.635904
PBMC_10k#AAACAGCCAGTAGGTG-1 -107.97079 -22.67962 -3.101336  1.8942050  2.248176


Save iteration$clusters: length = 10000
[1] "C10" "C9"  "C11" "C10" "C10" "C9" 


Save iteration$nPlot: length = 1
[1] 10000


Save iteration$ArchRProj: length = 1

Save iteration$scaleDims: length = 1
[1] TRUE


Save iteration$corCutOff: length = 1
[1] 0.75


Save iteration$dimsToUse: length = 30
[1] 1 2 3 4 5 6


Save iteration$j: length = 1
[1] 1


Save iteration$threads: length = 1
[1] 4


Save iteration$outDir: length = 1
[1] "/Users/jeongeunkim/Desktop/HARVARD/Dana_Farber_Research/Save-Projfilter2/LSI_ATAC_save_iters"


Save iteration$logFile: length = 1
[1] "ArchRLogs/ArchR-addIterativeLSI-16d41f50c78c-Date-2021-08-06_Time-14-56-18.log"


2021-08-06 14:58:57 : Creating Cluster Matrix on the total Group Features, 2.63 mins elapsed.
