
           ___      .______        ______  __    __  .______      
          /   \     |   _  \      /      ||  |  |  | |   _  \     
         /  ^  \    |  |_)  |    |  ,----'|  |__|  | |  |_)  |    
        /  /_\  \   |      /     |  |     |   __   | |      /     
       /  _____  \  |  |\  \\___ |  `----.|  |  |  | |  |\  \\___.
      /__/     \__\ | _| `._____| \______||__|  |__| | _| `._____|
    
Logging With ArchR!

Start Time : 2021-07-21 17:56:51

------- ArchR Info

ArchRThreads = 4
ArchRGenome = Hg19

------- System Info

Computer OS = unix
Total Cores = 8

------- Session Info

R version 4.1.0 (2021-05-18)
Platform: x86_64-apple-darwin17.0 (64-bit)
Running under: macOS Big Sur 11.2.3

Matrix products: default
LAPACK: /Library/Frameworks/R.framework/Versions/4.1/Resources/lib/libRlapack.dylib

locale:
[1] en_US.UTF-8/en_US.UTF-8/en_US.UTF-8/C/en_US.UTF-8/en_US.UTF-8

attached base packages:
[1] parallel  stats4    stats     graphics  grDevices utils     datasets  methods  
[9] base     

other attached packages:
 [1] BSgenome.Hsapiens.UCSC.hg19_1.4.3 BSgenome_1.60.0                  
 [3] rtracklayer_1.52.0                Biostrings_2.60.1                
 [5] XVector_0.32.0                    ArchR_1.0.1                      
 [7] magrittr_2.0.1                    rhdf5_2.36.0                     
 [9] Matrix_1.3-4                      data.table_1.14.0                
[11] SummarizedExperiment_1.22.0       Biobase_2.52.0                   
[13] GenomicRanges_1.44.0              GenomeInfoDb_1.28.1              
[15] IRanges_2.26.0                    S4Vectors_0.30.0                 
[17] BiocGenerics_0.38.0               MatrixGenerics_1.4.0             
[19] matrixStats_0.59.0                ggplot2_3.3.5                    

loaded via a namespace (and not attached):
  [1] Seurat_4.0.3             Rtsne_0.15               colorspace_2.0-2        
  [4] rjson_0.2.20             deldir_0.2-10            ellipsis_0.3.2          
  [7] ggridges_0.5.3           rstudioapi_0.13          spatstat.data_2.1-0     
 [10] leiden_0.3.8             listenv_0.8.0            ggrepel_0.9.1           
 [13] fansi_0.5.0              codetools_0.2-18         splines_4.1.0           
 [16] knitr_1.33               polyclip_1.10-0          jsonlite_1.7.2          
 [19] Rsamtools_2.8.0          Cairo_1.5-12.2           ica_1.0-2               
 [22] cluster_2.1.2            png_0.1-7                uwot_0.1.10             
 [25] shiny_1.6.0              sctransform_0.3.2        spatstat.sparse_2.0-0   
 [28] BiocManager_1.30.16      compiler_4.1.0           httr_1.4.2              
 [31] SeuratObject_4.0.2       fastmap_1.1.0            lazyeval_0.2.2          
 [34] later_1.2.0              htmltools_0.5.1.1        tools_4.1.0             
 [37] igraph_1.2.6             gtable_0.3.0             glue_1.4.2              
 [40] GenomeInfoDbData_1.2.6   RANN_2.6.1               reshape2_1.4.4          
 [43] dplyr_1.0.7              Rcpp_1.0.7               scattermore_0.7         
 [46] rhdf5filters_1.4.0       vctrs_0.3.8              nlme_3.1-152            
 [49] lmtest_0.9-38            xfun_0.24                stringr_1.4.0           
 [52] globals_0.14.0           mime_0.11                miniUI_0.1.1.1          
 [55] lifecycle_1.0.0          irlba_2.3.3              restfulr_0.0.13         
 [58] XML_3.99-0.6             goftest_1.2-2            future_1.21.0           
 [61] MASS_7.3-54              zlibbioc_1.38.0          zoo_1.8-9               
 [64] scales_1.1.1             spatstat.core_2.3-0      promises_1.2.0.1        
 [67] spatstat.utils_2.2-0     RColorBrewer_1.1-2       yaml_2.2.1              
 [70] reticulate_1.20          pbapply_1.4-3            gridExtra_2.3           
 [73] rpart_4.1-15             stringi_1.7.3            BiocIO_1.2.0            
 [76] BiocParallel_1.26.1      rlang_0.4.11             pkgconfig_2.0.3         
 [79] bitops_1.0-7             lattice_0.20-44          Rhdf5lib_1.14.2         
 [82] ROCR_1.0-11              purrr_0.3.4              tensor_1.5              
 [85] GenomicAlignments_1.28.0 patchwork_1.1.1          htmlwidgets_1.5.3       
 [88] cowplot_1.1.1            tidyselect_1.1.1         parallelly_1.27.0       
 [91] RcppAnnoy_0.0.18         plyr_1.8.6               R6_2.5.0                
 [94] generics_0.1.0           DelayedArray_0.18.0      pillar_1.6.1            
 [97] withr_2.4.2              mgcv_1.8-36              fitdistrplus_1.1-5      
[100] survival_3.2-11          abind_1.4-5              RCurl_1.98-1.3          
[103] tibble_3.1.2             future.apply_1.7.0       crayon_1.4.1            
[106] KernSmooth_2.23-20       utf8_1.2.1               spatstat.geom_2.2-2     
[109] plotly_4.9.4.1           grid_4.1.0               digest_0.6.27           
[112] xtable_1.8-4             tidyr_1.1.3              httpuv_1.6.1            
[115] munsell_0.5.0            viridisLite_0.4.0       


------- Log Info


2021-07-21 17:56:51 : addDoubletScores Input-Parameters, Class = list

addDoubletScores Input-Parameters$input: length = 3
[1] "scATAC_BMMC_R1.arrow"      "scATAC_CD34_BMMC_R1.arrow"
[3] "scATAC_PBMC_R1.arrow"     


addDoubletScores Input-Parameters$useMatrix: length = 1
[1] "TileMatrix"


addDoubletScores Input-Parameters$k: length = 1
[1] 10


addDoubletScores Input-Parameters$nTrials: length = 1
[1] 5


addDoubletScores Input-Parameters$dimsToUse: length = 30
[1] 1 2 3 4 5 6


addDoubletScores Input-Parameters$LSIMethod: length = 1
[1] 1


addDoubletScores Input-Parameters$scaleDims: length = 1
[1] FALSE


addDoubletScores Input-Parameters$corCutOff: length = 1
[1] 0.75


addDoubletScores Input-Parameters$knnMethod: length = 1
[1] "UMAP"


addDoubletScores Input-Parameters$outDir: length = 1
[1] "QualityControl"


addDoubletScores Input-Parameters$threads: length = 1
[1] 4


addDoubletScores Input-Parameters$force: length = 1
[1] FALSE


addDoubletScores Input-Parameters$parallelParam: length = 0
NULL


addDoubletScores Input-Parameters$verbose: length = 1
[1] TRUE


addDoubletScores Input-Parameters$logFile: length = 1
[1] "ArchRLogs/ArchR-addDoubletScores-35b917cbf8cf-Date-2021-07-21_Time-17-56-51.log"


2021-07-21 17:56:51 : Batch Execution w/ safelapply!, 0 mins elapsed.
2021-07-21 17:56:51 : scATAC_BMMC_R1 (1 of 3) :  Computing Doublet Statistics, 0 mins elapsed.
