
           ___      .______        ______  __    __  .______      
          /   \     |   _  \      /      ||  |  |  | |   _  \     
         /  ^  \    |  |_)  |    |  ,----'|  |__|  | |  |_)  |    
        /  /_\  \   |      /     |  |     |   __   | |      /     
       /  _____  \  |  |\  \\___ |  `----.|  |  |  | |  |\  \\___.
      /__/     \__\ | _| `._____| \______||__|  |__| | _| `._____|
    
Logging With ArchR!

Start Time : 2021-07-23 19:32:28

------- ArchR Info

ArchRThreads = 4

------- System Info

Computer OS = unix
Total Cores = 8

------- Session Info

R version 4.1.0 (2021-05-18)
Platform: x86_64-apple-darwin17.0 (64-bit)
Running under: macOS Big Sur 11.2.3

Matrix products: default
LAPACK: /Library/Frameworks/R.framework/Versions/4.1/Resources/lib/libRlapack.dylib

locale:
[1] en_US.UTF-8/en_US.UTF-8/en_US.UTF-8/C/en_US.UTF-8/en_US.UTF-8

attached base packages:
 [1] grid      parallel  stats4    stats     graphics  grDevices utils     datasets  methods   base     

other attached packages:
 [1] pheatmap_1.0.12             harmony_0.1.0               Rcpp_1.0.7                 
 [4] gridExtra_2.3               uwot_0.1.10                 nabor_0.5.0                
 [7] SeuratObject_4.0.2          Seurat_4.0.3                dplyr_1.0.7                
[10] ArchR_1.0.1                 magrittr_2.0.1              rhdf5_2.36.0               
[13] Matrix_1.3-4                data.table_1.14.0           SummarizedExperiment_1.22.0
[16] Biobase_2.52.0              MatrixGenerics_1.4.0        matrixStats_0.59.0         
[19] ggplot2_3.3.5               GenomicRanges_1.44.0        GenomeInfoDb_1.28.1        
[22] IRanges_2.26.0              S4Vectors_0.30.0            BiocGenerics_0.38.0        

loaded via a namespace (and not attached):
  [1] plyr_1.8.6             igraph_1.2.6           lazyeval_0.2.2         splines_4.1.0         
  [5] listenv_0.8.0          scattermore_0.7        usethis_2.0.1          digest_0.6.27         
  [9] htmltools_0.5.1.1      fansi_0.5.0            memoise_2.0.0          tensor_1.5            
 [13] cluster_2.1.2          ROCR_1.0-11            remotes_2.4.0          globals_0.14.0        
 [17] spatstat.sparse_2.0-0  prettyunits_1.1.1      colorspace_2.0-2       ggrepel_0.9.1         
 [21] xfun_0.24              callr_3.7.0            crayon_1.4.1           RCurl_1.98-1.3        
 [25] jsonlite_1.7.2         spatstat.data_2.1-0    survival_3.2-11        zoo_1.8-9             
 [29] glue_1.4.2             polyclip_1.10-0        gtable_0.3.0           zlibbioc_1.38.0       
 [33] XVector_0.32.0         leiden_0.3.8           DelayedArray_0.18.0    pkgbuild_1.2.0        
 [37] Rhdf5lib_1.14.2        future.apply_1.7.0     abind_1.4-5            scales_1.1.1          
 [41] miniUI_0.1.1.1         viridisLite_0.4.0      xtable_1.8-4           reticulate_1.20       
 [45] spatstat.core_2.3-0    htmlwidgets_1.5.3      httr_1.4.2             RColorBrewer_1.1-2    
 [49] ellipsis_0.3.2         ica_1.0-2              farver_2.1.0           pkgconfig_2.0.3       
 [53] deldir_0.2-10          utf8_1.2.1             labeling_0.4.2         tidyselect_1.1.1      
 [57] rlang_0.4.11           reshape2_1.4.4         later_1.2.0            munsell_0.5.0         
 [61] tools_4.1.0            cachem_1.0.5           cli_3.0.1              generics_0.1.0        
 [65] devtools_2.4.2         ggridges_0.5.3         evaluate_0.14          stringr_1.4.0         
 [69] fastmap_1.1.0          yaml_2.2.1             goftest_1.2-2          processx_3.5.2        
 [73] knitr_1.33             fs_1.5.0               fitdistrplus_1.1-5     purrr_0.3.4           
 [77] RANN_2.6.1             pbapply_1.4-3          future_1.21.0          nlme_3.1-152          
 [81] mime_0.11              rstudioapi_0.13        compiler_4.1.0         curl_4.3.2            
 [85] plotly_4.9.4.1         png_0.1-7              testthat_3.0.4         spatstat.utils_2.2-0  
 [89] tibble_3.1.3           stringi_1.7.3          ps_1.6.0               RSpectra_0.16-0       
 [93] desc_1.3.0             lattice_0.20-44        vctrs_0.3.8            pillar_1.6.1          
 [97] lifecycle_1.0.0        rhdf5filters_1.4.0     BiocManager_1.30.16    spatstat.geom_2.2-2   
[101] lmtest_0.9-38          RcppAnnoy_0.0.18       cowplot_1.1.1          bitops_1.0-7          
[105] irlba_2.3.3            httpuv_1.6.1           patchwork_1.1.1        R6_2.5.0              
[109] promises_1.2.0.1       KernSmooth_2.23-20     parallelly_1.27.0      sessioninfo_1.1.1     
[113] codetools_0.2-18       gtools_3.9.2           MASS_7.3-54            pkgload_1.2.1         
[117] rprojroot_2.0.2        withr_2.4.2            sctransform_0.3.2      GenomeInfoDbData_1.2.6
[121] mgcv_1.8-36            rpart_4.1-15           tidyr_1.1.3            rmarkdown_2.9         
[125] Cairo_1.5-12.2         Rtsne_0.15             shiny_1.6.0           


------- Log Info


2021-07-23 19:32:28 : Input-Parameters, Class = list

Input-Parameters$ArchRProj: length = 1

Input-Parameters$embedding: length = 1
[1] "UMAP"


Input-Parameters$colorBy: length = 1
[1] "cellColData"


Input-Parameters$name: length = 1
[1] "Sample"


Input-Parameters$log2Norm: length = 0
NULL


Input-Parameters$imputeWeights: length = 0
NULL


Input-Parameters$pal: length = 0
NULL


Input-Parameters$size: length = 1
[1] 0.1


Input-Parameters$sampleCells: length = 0
NULL


Input-Parameters$highlightCells: length = 0
NULL


Input-Parameters$rastr: length = 1
[1] TRUE


Input-Parameters$quantCut: length = 2
[1] 0.01 0.99


Input-Parameters$discreteSet: length = 0
NULL


Input-Parameters$continuousSet: length = 0
NULL


Input-Parameters$randomize: length = 1
[1] TRUE


Input-Parameters$keepAxis: length = 1
[1] FALSE


Input-Parameters$baseSize: length = 1
[1] 10


Input-Parameters$plotAs: length = 0
NULL


Input-Parameters$threads: length = 1
[1] 4


Input-Parameters$logFile: length = 1
[1] "ArchRLogs/ArchR-plotEmbedding-1170109afbc5-Date-2021-07-23_Time-19-32-27.log"



2021-07-23 19:32:28 : Getting UMAP Embedding

2021-07-23 19:32:28 : Embedding data.frame, Class = data.frame
Embedding data.frame: nRows = 10250, nCols = 2



2021-07-23 19:32:28 : ColorBy = cellColData

2021-07-23 19:32:29 : ColorParams 1, Class = list

ColorParams 1$color: length = 10250
[1] "scATAC_BMMC_R1" "scATAC_BMMC_R1" "scATAC_BMMC_R1" "scATAC_BMMC_R1" "scATAC_BMMC_R1" "scATAC_BMMC_R1"


ColorParams 1$discrete: length = 1
[1] TRUE


ColorParams 1$continuousSet: length = 1
[1] "solarExtra"


ColorParams 1$discreteSet: length = 1
[1] "stallion"


ColorParams 1$title: length = 1
[1] "UMAP of IterativeLSI  colored by\ncolData :  Sample"



2021-07-23 19:32:29 : PlotParams-1, Class = list

PlotParams-1$color: length = 10250
[1] "scATAC_BMMC_R1" "scATAC_BMMC_R1" "scATAC_BMMC_R1" "scATAC_BMMC_R1" "scATAC_BMMC_R1" "scATAC_BMMC_R1"


PlotParams-1$discrete: length = 1
[1] TRUE


PlotParams-1$continuousSet: length = 1
[1] "solarExtra"


PlotParams-1$discreteSet: length = 1
[1] "stallion"


PlotParams-1$title: length = 1
[1] "UMAP of IterativeLSI  colored by\ncolData :  Sample"


PlotParams-1$x: length = 10250
[1]  2.588759 -8.246568 -2.537635 -2.893483  3.571315 -4.255147


PlotParams-1$y: length = 10250
[1]  0.3892461 -0.5271565  8.3837801  6.3278142 -0.7319388  4.7073944


PlotParams-1$baseSize: length = 1
[1] 10


PlotParams-1$xlabel: length = 1
[1] "UMAP Dimension 1"


PlotParams-1$ylabel: length = 1
[1] "UMAP Dimension 2"


PlotParams-1$rastr: length = 1
[1] TRUE


PlotParams-1$size: length = 1
[1] 0.1


PlotParams-1$randomize: length = 1
[1] TRUE



------- Completed

End Time : 2021-07-23 19:32:29
Elapsed Time Minutes = 0.0265865008036296
Elapsed Time Hours = 0.000443297227223714

-------



