
           ___      .______        ______  __    __  .______      
          /   \     |   _  \      /      ||  |  |  | |   _  \     
         /  ^  \    |  |_)  |    |  ,----'|  |__|  | |  |_)  |    
        /  /_\  \   |      /     |  |     |   __   | |      /     
       /  _____  \  |  |\  \\___ |  `----.|  |  |  | |  |\  \\___.
      /__/     \__\ | _| `._____| \______||__|  |__| | _| `._____|
    
Logging With ArchR!

Start Time : 2021-07-22 12:07:40

------- ArchR Info

ArchRThreads = 4

------- System Info

Computer OS = unix
Total Cores = 8

------- Session Info

R version 4.1.0 (2021-05-18)
Platform: x86_64-apple-darwin17.0 (64-bit)
Running under: macOS Big Sur 11.2.3

Matrix products: default
LAPACK: /Library/Frameworks/R.framework/Versions/4.1/Resources/lib/libRlapack.dylib

locale:
[1] en_US.UTF-8/en_US.UTF-8/en_US.UTF-8/C/en_US.UTF-8/en_US.UTF-8

attached base packages:
[1] parallel  stats4    stats     graphics  grDevices utils     datasets  methods   base     

other attached packages:
 [1] ArchR_1.0.1                 magrittr_2.0.1              rhdf5_2.36.0               
 [4] Matrix_1.3-4                data.table_1.14.0           SummarizedExperiment_1.22.0
 [7] Biobase_2.52.0              MatrixGenerics_1.4.0        matrixStats_0.59.0         
[10] ggplot2_3.3.5               GenomicRanges_1.44.0        GenomeInfoDb_1.28.1        
[13] IRanges_2.26.0              S4Vectors_0.30.0            BiocGenerics_0.38.0        

loaded via a namespace (and not attached):
  [1] Seurat_4.0.3           Rtsne_0.15             colorspace_2.0-2       deldir_0.2-10         
  [5] ellipsis_0.3.2         ggridges_0.5.3         XVector_0.32.0         spatstat.data_2.1-0   
  [9] leiden_0.3.8           listenv_0.8.0          ggrepel_0.9.1          fansi_0.5.0           
 [13] codetools_0.2-18       splines_4.1.0          knitr_1.33             polyclip_1.10-0       
 [17] jsonlite_1.7.2         Cairo_1.5-12.2         ica_1.0-2              cluster_2.1.2         
 [21] png_0.1-7              uwot_0.1.10            shiny_1.6.0            sctransform_0.3.2     
 [25] spatstat.sparse_2.0-0  compiler_4.1.0         httr_1.4.2             SeuratObject_4.0.2    
 [29] fastmap_1.1.0          lazyeval_0.2.2         later_1.2.0            htmltools_0.5.1.1     
 [33] tools_4.1.0            igraph_1.2.6           gtable_0.3.0           glue_1.4.2            
 [37] GenomeInfoDbData_1.2.6 RANN_2.6.1             reshape2_1.4.4         dplyr_1.0.7           
 [41] Rcpp_1.0.7             scattermore_0.7        vctrs_0.3.8            rhdf5filters_1.4.0    
 [45] nlme_3.1-152           lmtest_0.9-38          xfun_0.24              stringr_1.4.0         
 [49] globals_0.14.0         mime_0.11              miniUI_0.1.1.1         lifecycle_1.0.0       
 [53] irlba_2.3.3            goftest_1.2-2          future_1.21.0          zlibbioc_1.38.0       
 [57] MASS_7.3-54            zoo_1.8-9              scales_1.1.1           spatstat.core_2.3-0   
 [61] promises_1.2.0.1       spatstat.utils_2.2-0   RColorBrewer_1.1-2     reticulate_1.20       
 [65] pbapply_1.4-3          gridExtra_2.3          rpart_4.1-15           stringi_1.7.3         
 [69] rlang_0.4.11           pkgconfig_2.0.3        bitops_1.0-7           lattice_0.20-44       
 [73] ROCR_1.0-11            purrr_0.3.4            tensor_1.5             Rhdf5lib_1.14.2       
 [77] patchwork_1.1.1        htmlwidgets_1.5.3      cowplot_1.1.1          tidyselect_1.1.1      
 [81] parallelly_1.27.0      RcppAnnoy_0.0.18       plyr_1.8.6             R6_2.5.0              
 [85] generics_0.1.0         DelayedArray_0.18.0    mgcv_1.8-36            pillar_1.6.1          
 [89] withr_2.4.2            fitdistrplus_1.1-5     survival_3.2-11        abind_1.4-5           
 [93] RCurl_1.98-1.3         tibble_3.1.2           future.apply_1.7.0     crayon_1.4.1          
 [97] KernSmooth_2.23-20     utf8_1.2.1             spatstat.geom_2.2-2    plotly_4.9.4.1        
[101] grid_4.1.0             digest_0.6.27          xtable_1.8-4           tidyr_1.1.3           
[105] httpuv_1.6.1           munsell_0.5.0          viridisLite_0.4.0     


------- Log Info


2021-07-22 12:07:40 : getMatrixFromProject Input-Parameters, Class = list

getMatrixFromProject Input-Parameters$ArchRProj: length = 1

getMatrixFromProject Input-Parameters$useMatrix: length = 1
[1] "TileMatrix"


getMatrixFromProject Input-Parameters$useSeqnames: length = 0
NULL


getMatrixFromProject Input-Parameters$verbose: length = 1
[1] TRUE


getMatrixFromProject Input-Parameters$binarize: length = 1
[1] FALSE


getMatrixFromProject Input-Parameters$threads: length = 1
[1] 4


getMatrixFromProject Input-Parameters$logFile: length = 1
[1] "ArchRLogs/ArchR-getMatrixFromProject-1170537b200-Date-2021-07-22_Time-12-07-40.log"


2021-07-22 12:07:41 : Reading TileMatrix : scATAC_BMMC_R1(1 of 3), 0.007 mins elapsed.
2021-07-22 12:07:41 : Reading TileMatrix : scATAC_CD34_BMMC_R1(2 of 3), 0.007 mins elapsed.
2021-07-22 12:07:41 : Reading TileMatrix : scATAC_PBMC_R1(3 of 3), 0.007 mins elapsed.

2021-07-22 12:07:41 : getMatrixFromArrow Input-Parameters, Class = list

2021-07-22 12:07:41 : getMatrixFromArrow Input-Parameters, Class = list


getMatrixFromArrow Input-Parameters$ArrowFile: length = 1
getMatrixFromArrow Input-Parameters$ArrowFile: length = 1
                                                                                        scATAC_CD34_BMMC_R1                                                                                         scATAC_PBMC_R1 

"/Users/jeongeunkim/Desktop/HARVARD/Dana_Farber_Research/HemeTutorial/ArrowFiles/scATAC_CD34_BMMC_R1.arrow" "/Users/jeongeunkim/Desktop/HARVARD/Dana_Farber_Research/HemeTutorial/ArrowFiles/scATAC_PBMC_R1.arrow" 





getMatrixFromArrow Input-Parameters$useMatrix: length = 1
getMatrixFromArrow Input-Parameters$useMatrix: length = 1
[1] "TileMatrix"
[1] "TileMatrix"




getMatrixFromArrow Input-Parameters$useSeqnames: length = 0
getMatrixFromArrow Input-Parameters$useSeqnames: length = 0
NULL
NULL




getMatrixFromArrow Input-Parameters$cellNames: length = 3275
[1] "scATAC_CD34_BMMC_R1#GTTCAAGAGGTGTTGG-1" "scATAC_CD34_BMMC_R1#GCGTTGGGTTACGGAG-1"
[3] "scATAC_CD34_BMMC_R1#CAACGGCGTACCCACG-1" "scATAC_CD34_BMMC_R1#ATTCGTTTCTCGTGAA-1"
[5] "scATAC_CD34_BMMC_R1#CAAGGCCAGGCTTTAC-1" "scATAC_CD34_BMMC_R1#TAATCGGGTTCGGGAA-1"
getMatrixFromArrow Input-Parameters$cellNames: length = 2453

[1] "scATAC_PBMC_R1#CCGTGAGAGACCATAA-1" "scATAC_PBMC_R1#TGCACCTTCGGCTATA-1"
[3] "scATAC_PBMC_R1#TATCTGTAGACAGCTG-1" "scATAC_PBMC_R1#ATGGATCCAGGCAAGT-1"
[5] "scATAC_PBMC_R1#CACATGAAGGCCTAAG-1" "scATAC_PBMC_R1#CAAAGCTGTCTGATTG-1"


getMatrixFromArrow Input-Parameters$ArchRProj: length = 1

getMatrixFromArrow Input-Parameters$ArchRProj: length = 1

getMatrixFromArrow Input-Parameters$verbose: length = 1

getMatrixFromArrow Input-Parameters$verbose: length = 1
[1] FALSE

[1] FALSE


getMatrixFromArrow Input-Parameters$binarize: length = 1

[1]getMatrixFromArrow Input-Parameters$binarize: length = 1
 FALSE

[1] FALSE


getMatrixFromArrow Input-Parameters$logFile: length = 1

[1]getMatrixFromArrow Input-Parameters$logFile: length = 1
 "ArchRLogs/ArchR-getMatrixFromProject-1170537b200-Date-2021-07-22_Time-12-07-40.log"

[1]
 "ArchRLogs/ArchR-getMatrixFromProject-1170537b200-Date-2021-07-22_Time-12-07-40.log"



2021-07-22 12:07:41 : getMatrixFromArrow Input-Parameters, Class = list

getMatrixFromArrow Input-Parameters$ArrowFile: length = 1
                                                                                        scATAC_BMMC_R1 
"/Users/jeongeunkim/Desktop/HARVARD/Dana_Farber_Research/HemeTutorial/ArrowFiles/scATAC_BMMC_R1.arrow" 


getMatrixFromArrow Input-Parameters$useMatrix: length = 1
[1] "TileMatrix"


getMatrixFromArrow Input-Parameters$useSeqnames: length = 0
NULL


getMatrixFromArrow Input-Parameters$cellNames: length = 4932
[1] "scATAC_BMMC_R1#TTATGTCAGTGATTAG-1" "scATAC_BMMC_R1#AAGATAGTCACCGCGA-1"
[3] "scATAC_BMMC_R1#GCATTGAAGATTCCGT-1" "scATAC_BMMC_R1#TATGTTCAGGGTTCCC-1"
[5] "scATAC_BMMC_R1#TCCATCGGTCCCGTGA-1" "scATAC_BMMC_R1#AGTTACGAGAACGTCG-1"


getMatrixFromArrow Input-Parameters$ArchRProj: length = 1

getMatrixFromArrow Input-Parameters$verbose: length = 1
[1] FALSE


getMatrixFromArrow Input-Parameters$binarize: length = 1
[1] FALSE


getMatrixFromArrow Input-Parameters$logFile: length = 1
[1] "ArchRLogs/ArchR-getMatrixFromProject-1170537b200-Date-2021-07-22_Time-12-07-40.log"



2021-07-22 12:07:46 : featureDF scATAC_PBMC_R1, Class = DFrame
DataFrame with 6072620 rows and 3 columns

2021-07-22 12:07:46 : featureDF scATAC_CD34_BMMC_R1, Class = DFrame
DataFrame with 6072620 rows and 3 columns
        seqnames     idx     start
           <Rle> <array>   <array>
1           chr1       1         0
2           chr1       2       500
3           chr1       3      1000
4           chr1       4      1500
5           chr1       5      2000
...          ...     ...       ...
6072616     chrX  310538 155268500
6072617     chrX  310539 155269000
6072618     chrX  310540 155269500
6072619     chrX  310541 155270000
6072620     chrX  310542 155270500


2021-07-22 12:07:46 : featureDF scATAC_BMMC_R1, Class = DFrame
DataFrame with 6072620 rows and 3 columns
        seqnames     idx     start
           <Rle> <array>   <array>
1           chr1       1         0
2           chr1       2       500
3           chr1       3      1000
4           chr1       4      1500
5           chr1       5      2000
...          ...     ...       ...
6072616     chrX  310538 155268500
6072617     chrX  310539 155269000
6072618     chrX  310540 155269500
6072619     chrX  310541 155270000
6072620     chrX  310542 155270500

        seqnames     idx     start
           <Rle> <array>   <array>
1           chr1       1         0
2           chr1       2       500
3           chr1       3      1000
4           chr1       4      1500
5           chr1       5      2000
...          ...     ...       ...
6072616     chrX  310538 155268500
6072617     chrX  310539 155269000
6072618     chrX  310540 155269500
6072619     chrX  310541 155270000
6072620     chrX  310542 155270500

2021-07-22 12:07:47 : Getting TileMatrix from ArrowFile : scATAC_PBMC_R1.arrow, 0.098 mins elapsed.
2021-07-22 12:07:47 : Getting TileMatrix from ArrowFile : scATAC_BMMC_R1.arrow, 0.098 mins elapsed.
2021-07-22 12:07:47 : Getting TileMatrix from ArrowFile : scATAC_CD34_BMMC_R1.arrow, 0.098 mins elapsed.
