
           ___      .______        ______  __    __  .______      
          /   \     |   _  \      /      ||  |  |  | |   _  \     
         /  ^  \    |  |_)  |    |  ,----'|  |__|  | |  |_)  |    
        /  /_\  \   |      /     |  |     |   __   | |      /     
       /  _____  \  |  |\  \\___ |  `----.|  |  |  | |  |\  \\___.
      /__/     \__\ | _| `._____| \______||__|  |__| | _| `._____|
    
Logging With ArchR!

Start Time : 2021-08-04 15:31:57

------- ArchR Info

ArchRThreads = 4
ArchRGenome = Hg38

------- System Info

Computer OS = unix
Total Cores = 8

------- Session Info

R version 4.1.0 (2021-05-18)
Platform: x86_64-apple-darwin17.0 (64-bit)
Running under: macOS Big Sur 11.2.3

Matrix products: default
LAPACK: /Library/Frameworks/R.framework/Versions/4.1/Resources/lib/libRlapack.dylib

locale:
[1] en_US.UTF-8/en_US.UTF-8/en_US.UTF-8/C/en_US.UTF-8/en_US.UTF-8

attached base packages:
 [1] grid      parallel  stats4    stats     graphics  grDevices utils     datasets  methods   base     

other attached packages:
 [1] SeuratDisk_0.0.0.9019             cowplot_1.1.1                     EnsDb.Hsapiens.v86_2.99.0        
 [4] ensembldb_2.16.3                  AnnotationFilter_1.16.0           GenomicFeatures_1.44.0           
 [7] AnnotationDbi_1.54.1              Signac_1.3.0                      pbmcMultiome.SeuratData_0.1.0    
[10] SeuratData_0.2.1                  devtools_2.4.2                    usethis_2.0.1                    
[13] patchwork_1.1.1                   forcats_0.5.1                     stringr_1.4.0                    
[16] dplyr_1.0.7                       purrr_0.3.4                       readr_2.0.0                      
[19] tidyr_1.1.3                       tibble_3.1.3                      tidyverse_1.3.1                  
[22] scclusteval_0.0.0.9000            nabor_0.5.0                       SeuratObject_4.0.2               
[25] Seurat_4.0.3                      gridExtra_2.3                     Rsamtools_2.8.0                  
[28] BSgenome.Hsapiens.UCSC.hg38_1.4.3 BSgenome_1.60.0                   rtracklayer_1.52.0               
[31] Biostrings_2.60.1                 XVector_0.32.0                    ArchR_1.0.1                      
[34] magrittr_2.0.1                    rhdf5_2.36.0                      Matrix_1.3-4                     
[37] data.table_1.14.0                 SummarizedExperiment_1.22.0       Biobase_2.52.0                   
[40] MatrixGenerics_1.4.0              matrixStats_0.60.0                ggplot2_3.3.5                    
[43] GenomicRanges_1.44.0              GenomeInfoDb_1.28.1               IRanges_2.26.0                   
[46] S4Vectors_0.30.0                  BiocGenerics_0.38.0              

loaded via a namespace (and not attached):
  [1] rappdirs_0.3.3           SnowballC_0.7.0          scattermore_0.7          bit64_4.0.5             
  [5] knitr_1.33               irlba_2.3.3              DelayedArray_0.18.0      rpart_4.1-15            
  [9] KEGGREST_1.32.0          RCurl_1.98-1.3           doParallel_1.0.16        generics_0.1.0          
 [13] callr_3.7.0              RSQLite_2.2.7            RANN_2.6.1               future_1.21.0           
 [17] bit_4.0.4                tzdb_0.1.2               spatstat.data_2.1-0      xml2_1.3.2              
 [21] lubridate_1.7.10         httpuv_1.6.1             assertthat_0.2.1         xfun_0.24               
 [25] hms_1.1.0                evaluate_0.14            promises_1.2.0.1         progress_1.2.2          
 [29] fansi_0.5.0              restfulr_0.0.13          dbplyr_2.1.1             readxl_1.3.1            
 [33] igraph_1.2.6             DBI_1.1.1                htmlwidgets_1.5.3        sparsesvd_0.2           
 [37] spatstat.geom_2.2-2      ellipsis_0.3.2           RSpectra_0.16-0          backports_1.2.1         
 [41] biomaRt_2.48.2           deldir_0.2-10            vctrs_0.3.8              remotes_2.4.0           
 [45] Cairo_1.5-12.2           ROCR_1.0-11              abind_1.4-5              cachem_1.0.5            
 [49] withr_2.4.2              ggforce_0.3.3            sctransform_0.3.2        GenomicAlignments_1.28.0
 [53] prettyunits_1.1.1        goftest_1.2-2            cluster_2.1.2            lazyeval_0.2.2          
 [57] crayon_1.4.1             hdf5r_1.3.3              pkgconfig_2.0.3          slam_0.1-48             
 [61] labeling_0.4.2           tweenr_1.0.2             ProtGenerics_1.24.0      nlme_3.1-152            
 [65] pkgload_1.2.1            rlang_0.4.11             globals_0.14.0           lifecycle_1.0.0         
 [69] miniUI_0.1.1.1           filelock_1.0.2           BiocFileCache_2.0.0      modelr_0.1.8            
 [73] cellranger_1.1.0         rprojroot_2.0.2          polyclip_1.10-0          lmtest_0.9-38           
 [77] ggseqlogo_0.1            Rhdf5lib_1.14.2          zoo_1.8-9                reprex_2.0.0            
 [81] ggridges_0.5.3           GlobalOptions_0.1.2      processx_3.5.2           pheatmap_1.0.12         
 [85] png_0.1-7                viridisLite_0.4.0        rjson_0.2.20             bitops_1.0-7            
 [89] KernSmooth_2.23-20       rhdf5filters_1.4.0       blob_1.2.2               shape_1.4.6             
 [93] parallelly_1.27.0        scales_1.1.1             memoise_2.0.0            plyr_1.8.6              
 [97] ica_1.0-2                zlibbioc_1.38.0          compiler_4.1.0           BiocIO_1.2.0            
[101] RColorBrewer_1.1-2       clue_0.3-59              fitdistrplus_1.1-5       cli_3.0.1               
[105] listenv_0.8.0            pbapply_1.4-3            ps_1.6.0                 MASS_7.3-54             
[109] mgcv_1.8-36              tidyselect_1.1.1         stringi_1.7.3            yaml_2.2.1              
[113] ggrepel_0.9.1            fastmatch_1.1-3          tools_4.1.0              future.apply_1.7.0      
[117] circlize_0.4.13          rstudioapi_0.13          foreach_1.5.1            lsa_0.73.2              
[121] farver_2.1.0             Rtsne_0.15               digest_0.6.27            BiocManager_1.30.16     
[125] shiny_1.6.0              qlcMatrix_0.9.7          Rcpp_1.0.7               broom_0.7.9             
[129] later_1.2.0              RcppAnnoy_0.0.19         httr_1.4.2               ComplexHeatmap_2.8.0    
[133] colorspace_2.0-2         rvest_1.0.1              XML_3.99-0.6             fs_1.5.0                
[137] tensor_1.5               reticulate_1.20          splines_4.1.0            uwot_0.1.10             
[141] RcppRoll_0.3.0           spatstat.utils_2.2-0     plotly_4.9.4.1           sessioninfo_1.1.1       
[145] xtable_1.8-4             jsonlite_1.7.2           testthat_3.0.4           R6_2.5.0                
[149] pillar_1.6.2             htmltools_0.5.1.1        mime_0.11                glue_1.4.2              
[153] fastmap_1.1.0            BiocParallel_1.26.1      codetools_0.2-18         pkgbuild_1.2.0          
[157] utf8_1.2.2               lattice_0.20-44          spatstat.sparse_2.0-0    curl_4.3.2              
[161] leiden_0.3.9             gtools_3.9.2             survival_3.2-11          rmarkdown_2.9           
[165] docopt_0.7.1             desc_1.3.0               munsell_0.5.0            GetoptLong_1.0.5        
[169] GenomeInfoDbData_1.2.6   iterators_1.0.13         haven_2.4.3              reshape2_1.4.4          
[173] gtable_0.3.0             spatstat.core_2.3-0     


------- Log Info


2021-08-04 15:31:58 : getMatrixFromProject Input-Parameters, Class = list

getMatrixFromProject Input-Parameters$ArchRProj: length = 1

getMatrixFromProject Input-Parameters$useMatrix: length = 1
[1] "TileMatrix"


getMatrixFromProject Input-Parameters$useSeqnames: length = 0
NULL


getMatrixFromProject Input-Parameters$verbose: length = 1
[1] TRUE


getMatrixFromProject Input-Parameters$binarize: length = 1
[1] TRUE


getMatrixFromProject Input-Parameters$threads: length = 1
[1] 4


getMatrixFromProject Input-Parameters$logFile: length = 1
[1] "ArchRLogs/ArchR-getMatrixFromProject-23bf2d309abd-Date-2021-08-04_Time-15-31-57.log"


2021-08-04 15:31:59 : Reading TileMatrix : PBMC_10k(1 of 1), 0.025 mins elapsed.

2021-08-04 15:31:59 : getMatrixFromArrow Input-Parameters, Class = list

getMatrixFromArrow Input-Parameters$ArrowFile: length = 1
                                                                                     PBMC_10k 
"/Users/jeongeunkim/Desktop/HARVARD/Dana_Farber_Research/benchmark/ArrowFiles/PBMC_10k.arrow" 


getMatrixFromArrow Input-Parameters$useMatrix: length = 1
[1] "TileMatrix"


getMatrixFromArrow Input-Parameters$useSeqnames: length = 0
NULL


getMatrixFromArrow Input-Parameters$cellNames: length = 10387
[1] "PBMC_10k#TAGCTAGGTTTGGGTA-1" "PBMC_10k#TTGGAGGCAGGCTTCG-1" "PBMC_10k#CATAGACTCCCTGGAA-1" "PBMC_10k#GGTGAGTAGGCGTAAA-1"
[5] "PBMC_10k#ATTTGCAAGCCGCAAC-1" "PBMC_10k#TATAGGTGTCATCAAG-1"


getMatrixFromArrow Input-Parameters$ArchRProj: length = 1

getMatrixFromArrow Input-Parameters$verbose: length = 1
[1] FALSE


getMatrixFromArrow Input-Parameters$binarize: length = 1
[1] TRUE


getMatrixFromArrow Input-Parameters$logFile: length = 1
[1] "ArchRLogs/ArchR-getMatrixFromProject-23bf2d309abd-Date-2021-08-04_Time-15-31-57.log"



2021-08-04 15:32:27 : featureDF PBMC_10k, Class = DFrame
DataFrame with 6062095 rows and 3 columns
        seqnames     idx     start
           <Rle> <array>   <array>
1           chr1       1         0
2           chr1       2       500
3           chr1       3      1000
4           chr1       4      1500
5           chr1       5      2000
...          ...     ...       ...
6062091     chrX  312078 156038500
6062092     chrX  312079 156039000
6062093     chrX  312080 156039500
6062094     chrX  312081 156040000
6062095     chrX  312082 156040500

2021-08-04 15:32:28 : Getting TileMatrix from ArrowFile : PBMC_10k.arrow, 0.488 mins elapsed.
