
           ___      .______        ______  __    __  .______      
          /   \     |   _  \      /      ||  |  |  | |   _  \     
         /  ^  \    |  |_)  |    |  ,----'|  |__|  | |  |_)  |    
        /  /_\  \   |      /     |  |     |   __   | |      /     
       /  _____  \  |  |\  \\___ |  `----.|  |  |  | |  |\  \\___.
      /__/     \__\ | _| `._____| \______||__|  |__| | _| `._____|
    
Logging With ArchR!

Start Time : 2021-07-29 13:01:44

------- ArchR Info

ArchRThreads = 4
ArchRGenome = Hg38

------- System Info

Computer OS = unix
Total Cores = 8

------- Session Info

R version 4.1.0 (2021-05-18)
Platform: x86_64-apple-darwin17.0 (64-bit)
Running under: macOS Big Sur 11.2.3

Matrix products: default
LAPACK: /Library/Frameworks/R.framework/Versions/4.1/Resources/lib/libRlapack.dylib

locale:
[1] en_US.UTF-8/en_US.UTF-8/en_US.UTF-8/C/en_US.UTF-8/en_US.UTF-8

attached base packages:
 [1] grid      parallel  stats4    stats     graphics  grDevices utils     datasets  methods   base     

other attached packages:
 [1] patchwork_1.1.1                   forcats_0.5.1                     stringr_1.4.0                    
 [4] dplyr_1.0.7                       purrr_0.3.4                       readr_2.0.0                      
 [7] tidyr_1.1.3                       tibble_3.1.3                      tidyverse_1.3.1                  
[10] scclusteval_0.0.0.9000            nabor_0.5.0                       SeuratObject_4.0.2               
[13] Seurat_4.0.3                      gridExtra_2.3                     Rsamtools_2.8.0                  
[16] BSgenome.Hsapiens.UCSC.hg38_1.4.3 BSgenome_1.60.0                   rtracklayer_1.52.0               
[19] Biostrings_2.60.1                 XVector_0.32.0                    ArchR_1.0.1                      
[22] magrittr_2.0.1                    rhdf5_2.36.0                      Matrix_1.3-4                     
[25] data.table_1.14.0                 SummarizedExperiment_1.22.0       Biobase_2.52.0                   
[28] MatrixGenerics_1.4.0              matrixStats_0.60.0                ggplot2_3.3.5                    
[31] GenomicRanges_1.44.0              GenomeInfoDb_1.28.1               IRanges_2.26.0                   
[34] S4Vectors_0.30.0                  BiocGenerics_0.38.0              

loaded via a namespace (and not attached):
  [1] utf8_1.2.2               reticulate_1.20          tidyselect_1.1.1         htmlwidgets_1.5.3       
  [5] BiocParallel_1.26.1      Rtsne_0.15               devtools_2.4.2           munsell_0.5.0           
  [9] codetools_0.2-18         ica_1.0-2                future_1.21.0            miniUI_0.1.1.1          
 [13] withr_2.4.2              colorspace_2.0-2         knitr_1.33               rstudioapi_0.13         
 [17] ROCR_1.0-11              tensor_1.5               listenv_0.8.0            labeling_0.4.2          
 [21] GenomeInfoDbData_1.2.6   polyclip_1.10-0          farver_2.1.0             pheatmap_1.0.12         
 [25] rprojroot_2.0.2          parallelly_1.27.0        vctrs_0.3.8              generics_0.1.0          
 [29] xfun_0.24                doParallel_1.0.16        R6_2.5.0                 clue_0.3-59             
 [33] bitops_1.0-7             rhdf5filters_1.4.0       spatstat.utils_2.2-0     cachem_1.0.5            
 [37] DelayedArray_0.18.0      assertthat_0.2.1         promises_1.2.0.1         BiocIO_1.2.0            
 [41] scales_1.1.1             gtable_0.3.0             Cairo_1.5-12.2           globals_0.14.0          
 [45] processx_3.5.2           goftest_1.2-2            rlang_0.4.11             GlobalOptions_0.1.2     
 [49] splines_4.1.0            lazyeval_0.2.2           spatstat.geom_2.2-2      broom_0.7.9             
 [53] modelr_0.1.8             yaml_2.2.1               reshape2_1.4.4           abind_1.4-5             
 [57] backports_1.2.1          httpuv_1.6.1             tools_4.1.0              usethis_2.0.1           
 [61] ellipsis_0.3.2           spatstat.core_2.3-0      RColorBrewer_1.1-2       sessioninfo_1.1.1       
 [65] ggridges_0.5.3           Rcpp_1.0.7               plyr_1.8.6               zlibbioc_1.38.0         
 [69] RCurl_1.98-1.3           ps_1.6.0                 prettyunits_1.1.1        rpart_4.1-15            
 [73] deldir_0.2-10            GetoptLong_1.0.5         pbapply_1.4-3            cowplot_1.1.1           
 [77] zoo_1.8-9                haven_2.4.1              ggrepel_0.9.1            cluster_2.1.2           
 [81] fs_1.5.0                 RSpectra_0.16-0          scattermore_0.7          circlize_0.4.13         
 [85] reprex_2.0.0             lmtest_0.9-38            RANN_2.6.1               fitdistrplus_1.1-5      
 [89] pkgload_1.2.1            hms_1.1.0                mime_0.11                evaluate_0.14           
 [93] xtable_1.8-4             XML_3.99-0.6             readxl_1.3.1             shape_1.4.6             
 [97] testthat_3.0.4           compiler_4.1.0           KernSmooth_2.23-20       crayon_1.4.1            
[101] htmltools_0.5.1.1        tzdb_0.1.2               mgcv_1.8-36              later_1.2.0             
[105] lubridate_1.7.10         DBI_1.1.1                ComplexHeatmap_2.8.0     dbplyr_2.1.1            
[109] MASS_7.3-54              cli_3.0.1                igraph_1.2.6             pkgconfig_2.0.3         
[113] GenomicAlignments_1.28.0 plotly_4.9.4.1           spatstat.sparse_2.0-0    foreach_1.5.1           
[117] xml2_1.3.2               rvest_1.0.1              callr_3.7.0              digest_0.6.27           
[121] sctransform_0.3.2        RcppAnnoy_0.0.18         spatstat.data_2.1-0      cellranger_1.1.0        
[125] rmarkdown_2.9            leiden_0.3.9             uwot_0.1.10              restfulr_0.0.13         
[129] curl_4.3.2               shiny_1.6.0              gtools_3.9.2             rjson_0.2.20            
[133] lifecycle_1.0.0          nlme_3.1-152             jsonlite_1.7.2           Rhdf5lib_1.14.2         
[137] desc_1.3.0               viridisLite_0.4.0        fansi_0.5.0              pillar_1.6.1            
[141] lattice_0.20-44          fastmap_1.1.0            httr_1.4.2               pkgbuild_1.2.0          
[145] survival_3.2-11          glue_1.4.2               remotes_2.4.0            iterators_1.0.13        
[149] png_0.1-7                stringi_1.7.3            memoise_2.0.0            irlba_2.3.3             
[153] future.apply_1.7.0      


------- Log Info


2021-07-29 13:01:44 : Input-Parameters, Class = list

Input-Parameters$ArchRProj: length = 1

Input-Parameters$embedding: length = 1
[1] "UMAP_Combined_res.0.6"


Input-Parameters$colorBy: length = 1
[1] "cellColData"


Input-Parameters$name: length = 1
[1] "Clusters_binmethod_res0.6"


Input-Parameters$log2Norm: length = 0
NULL


Input-Parameters$imputeWeights: length = 0
NULL


Input-Parameters$pal: length = 0
NULL


Input-Parameters$size: length = 1
[1] 1.5


Input-Parameters$sampleCells: length = 0
NULL


Input-Parameters$highlightCells: length = 0
NULL


Input-Parameters$rastr: length = 1
[1] TRUE


Input-Parameters$quantCut: length = 2
[1] 0.01 0.99


Input-Parameters$discreteSet: length = 0
NULL


Input-Parameters$continuousSet: length = 0
NULL


Input-Parameters$randomize: length = 1
[1] TRUE


Input-Parameters$keepAxis: length = 1
[1] FALSE


Input-Parameters$baseSize: length = 1
[1] 10


Input-Parameters$plotAs: length = 0
NULL


Input-Parameters$threads: length = 1
[1] 4


Input-Parameters$logFile: length = 1
[1] "ArchRLogs/ArchR-plotEmbedding-23bf75429487-Date-2021-07-29_Time-13-01-44.log"


Input-Parameters$...: length = 2


2021-07-29 13:01:44 : Getting UMAP Embedding

2021-07-29 13:01:44 : Embedding data.frame, Class = data.frame
Embedding data.frame: nRows = 10387, nCols = 2



2021-07-29 13:01:44 : ColorBy = cellColData

2021-07-29 13:01:44 : ColorParams 1, Class = list

ColorParams 1$color: length = 10387
[1] "C2" "C3" "C2" "C3" "C3" "C2"


ColorParams 1$discrete: length = 1
[1] TRUE


ColorParams 1$continuousSet: length = 1
[1] "solarExtra"


ColorParams 1$discreteSet: length = 1
[1] "stallion"


ColorParams 1$title: length = 1
[1] "UMAP_Combined_res.0.6 of LSI_Combined_res0.6  colored by\ncolData :  Clusters_binmethod_res0.6"



2021-07-29 13:01:44 : PlotParams-1, Class = list

PlotParams-1$color: length = 10387
[1] "C2" "C3" "C2" "C3" "C3" "C2"


PlotParams-1$discrete: length = 1
[1] TRUE


PlotParams-1$continuousSet: length = 1
[1] "solarExtra"


PlotParams-1$discreteSet: length = 1
[1] "stallion"


PlotParams-1$title: length = 1
[1] "UMAP_Combined_res.0.6 of LSI_Combined_res0.6  colored by\ncolData :  Clusters_binmethod_res0.6"


PlotParams-1$labelAsFactors: length = 1
[1] FALSE


PlotParams-1$labelMeans: length = 1
[1] FALSE


PlotParams-1$x: length = 10387
[1] -2.379263 -1.595043 -1.562483 -1.142736 -1.293273 -2.991756


PlotParams-1$y: length = 10387
[1] -6.206779 -4.704058 -6.311191 -3.607170 -4.260360 -5.572416


PlotParams-1$baseSize: length = 1
[1] 10


PlotParams-1$xlabel: length = 1
[1] "UMAP Dimension 1"


PlotParams-1$ylabel: length = 1
[1] "UMAP Dimension 2"


PlotParams-1$rastr: length = 1
[1] TRUE


PlotParams-1$size: length = 1
[1] 1.5


PlotParams-1$randomize: length = 1
[1] TRUE



------- Completed

End Time : 2021-07-29 13:01:44
Elapsed Time Minutes = 0.0149748841921488
Elapsed Time Hours = 0.000249625245730082

-------



