
           ___      .______        ______  __    __  .______      
          /   \     |   _  \      /      ||  |  |  | |   _  \     
         /  ^  \    |  |_)  |    |  ,----'|  |__|  | |  |_)  |    
        /  /_\  \   |      /     |  |     |   __   | |      /     
       /  _____  \  |  |\  \\___ |  `----.|  |  |  | |  |\  \\___.
      /__/     \__\ | _| `._____| \______||__|  |__| | _| `._____|
    
Logging With ArchR!

Start Time : 2021-07-27 17:11:52

------- ArchR Info

ArchRThreads = 4
ArchRGenome = Hg38

------- System Info

Computer OS = unix
Total Cores = 8

------- Session Info

R version 4.1.0 (2021-05-18)
Platform: x86_64-apple-darwin17.0 (64-bit)
Running under: macOS Big Sur 11.2.3

Matrix products: default
LAPACK: /Library/Frameworks/R.framework/Versions/4.1/Resources/lib/libRlapack.dylib

locale:
[1] en_US.UTF-8/en_US.UTF-8/en_US.UTF-8/C/en_US.UTF-8/en_US.UTF-8

attached base packages:
[1] parallel  stats4    stats     graphics  grDevices utils     datasets  methods   base     

other attached packages:
 [1] BSgenome.Hsapiens.UCSC.hg38_1.4.3 BSgenome_1.60.0                   rtracklayer_1.52.0               
 [4] Biostrings_2.60.1                 XVector_0.32.0                    ArchR_1.0.1                      
 [7] magrittr_2.0.1                    rhdf5_2.36.0                      Matrix_1.3-4                     
[10] data.table_1.14.0                 SummarizedExperiment_1.22.0       Biobase_2.52.0                   
[13] MatrixGenerics_1.4.0              matrixStats_0.60.0                ggplot2_3.3.5                    
[16] GenomicRanges_1.44.0              GenomeInfoDb_1.28.1               IRanges_2.26.0                   
[19] S4Vectors_0.30.0                  BiocGenerics_0.38.0              

loaded via a namespace (and not attached):
  [1] plyr_1.8.6               igraph_1.2.6             lazyeval_0.2.2           splines_4.1.0           
  [5] BiocParallel_1.26.1      listenv_0.8.0            scattermore_0.7          digest_0.6.27           
  [9] htmltools_0.5.1.1        fansi_0.5.0              tensor_1.5               cluster_2.1.2           
 [13] ROCR_1.0-11              globals_0.14.0           spatstat.sparse_2.0-0    colorspace_2.0-2        
 [17] ggrepel_0.9.1            xfun_0.24                dplyr_1.0.7              crayon_1.4.1            
 [21] RCurl_1.98-1.3           jsonlite_1.7.2           spatstat.data_2.1-0      survival_3.2-11         
 [25] zoo_1.8-9                glue_1.4.2               polyclip_1.10-0          gtable_0.3.0            
 [29] zlibbioc_1.38.0          leiden_0.3.8             DelayedArray_0.18.0      Rhdf5lib_1.14.2         
 [33] future.apply_1.7.0       abind_1.4-5              scales_1.1.1             pheatmap_1.0.12         
 [37] miniUI_0.1.1.1           Rcpp_1.0.7               viridisLite_0.4.0        xtable_1.8-4            
 [41] reticulate_1.20          spatstat.core_2.3-0      htmlwidgets_1.5.3        httr_1.4.2              
 [45] RColorBrewer_1.1-2       ellipsis_0.3.2           Seurat_4.0.3             ica_1.0-2               
 [49] pkgconfig_2.0.3          XML_3.99-0.6             uwot_0.1.10              deldir_0.2-10           
 [53] utf8_1.2.2               tidyselect_1.1.1         rlang_0.4.11             reshape2_1.4.4          
 [57] later_1.2.0              munsell_0.5.0            tools_4.1.0              generics_0.1.0          
 [61] ggridges_0.5.3           evaluate_0.14            stringr_1.4.0            fastmap_1.1.0           
 [65] yaml_2.2.1               goftest_1.2-2            knitr_1.33               fitdistrplus_1.1-5      
 [69] purrr_0.3.4              RANN_2.6.1               pbapply_1.4-3            future_1.21.0           
 [73] nlme_3.1-152             mime_0.11                compiler_4.1.0           rstudioapi_0.13         
 [77] plotly_4.9.4.1           png_0.1-7                spatstat.utils_2.2-0     tibble_3.1.3            
 [81] stringi_1.7.3            lattice_0.20-44          vctrs_0.3.8              pillar_1.6.1            
 [85] lifecycle_1.0.0          rhdf5filters_1.4.0       spatstat.geom_2.2-2      lmtest_0.9-38           
 [89] RcppAnnoy_0.0.18         cowplot_1.1.1            bitops_1.0-7             irlba_2.3.3             
 [93] httpuv_1.6.1             patchwork_1.1.1          R6_2.5.0                 BiocIO_1.2.0            
 [97] promises_1.2.0.1         KernSmooth_2.23-20       gridExtra_2.3            parallelly_1.27.0       
[101] codetools_0.2-18         MASS_7.3-54              rjson_0.2.20             withr_2.4.2             
[105] SeuratObject_4.0.2       GenomicAlignments_1.28.0 sctransform_0.3.2        Rsamtools_2.8.0         
[109] GenomeInfoDbData_1.2.6   mgcv_1.8-36              grid_4.1.0               rpart_4.1-15            
[113] tidyr_1.1.3              rmarkdown_2.9            Cairo_1.5-12.2           Rtsne_0.15              
[117] shiny_1.6.0              restfulr_0.0.13         


------- Log Info


2021-07-27 17:11:52 : createArrowFiles Input-Parameters, Class = list

createArrowFiles Input-Parameters$inputFiles: length = 1
                                                                                                                       PBMC_10k 
"/Users/jeongeunkim/Desktop/HARVARD/Dana_Farber_Research/comparison/pbmc_10k/pbmc_granulocyte_sorted_10k_atac_fragments.tsv.gz" 


createArrowFiles Input-Parameters$sampleNames: length = 1
[1] "PBMC_10k"


createArrowFiles Input-Parameters$outputNames: length = 1
[1] "PBMC_10k"


createArrowFiles Input-Parameters$validBarcodes: length = 0
NULL


createArrowFiles Input-Parameters$minTSS: length = 1
[1] 4


createArrowFiles Input-Parameters$minFrags: length = 1
[1] 1000


createArrowFiles Input-Parameters$maxFrags: length = 1
[1] 1e+05


createArrowFiles Input-Parameters$QCDir: length = 1
[1] "QualityControl"


createArrowFiles Input-Parameters$nucLength: length = 1
[1] 147


createArrowFiles Input-Parameters$promoterRegion: length = 2
[1] 2000  100


createArrowFiles Input-Parameters$excludeChr: length = 2
[1] "chrM" "chrY"


createArrowFiles Input-Parameters$nChunk: length = 1
[1] 5


createArrowFiles Input-Parameters$bcTag: length = 1
[1] "qname"


createArrowFiles Input-Parameters$gsubExpression: length = 0
NULL


createArrowFiles Input-Parameters$bamFlag: length = 0
NULL


createArrowFiles Input-Parameters$offsetPlus: length = 1
[1] 4


createArrowFiles Input-Parameters$offsetMinus: length = 1
[1] -5


createArrowFiles Input-Parameters$addTileMat: length = 1
[1] TRUE


createArrowFiles Input-Parameters$addGeneScoreMat: length = 1
[1] TRUE


createArrowFiles Input-Parameters$force: length = 1
[1] FALSE


createArrowFiles Input-Parameters$threads: length = 1
[1] 4


createArrowFiles Input-Parameters$parallelParam: length = 0
NULL


createArrowFiles Input-Parameters$subThreading: length = 1
[1] TRUE


createArrowFiles Input-Parameters$verbose: length = 1
[1] TRUE


createArrowFiles Input-Parameters$cleanTmp: length = 1
[1] TRUE


createArrowFiles Input-Parameters$logFile: length = 1
[1] "ArchRLogs/ArchR-createArrows-23bf3e3da4d9-Date-2021-07-27_Time-17-11-52.log"


createArrowFiles Input-Parameters$filterFrags: length = 1
[1] 1000


createArrowFiles Input-Parameters$filterTSS: length = 1
[1] 4



2021-07-27 17:11:52 : Cleaning Temporary Files
2021-07-27 17:11:52 : Batch Execution w/ safelapply!, 0 mins elapsed.

###########
2021-07-27 17:11:52 : Creating Arrow File PBMC_10k.arrow (PBMC_10k : 1 of 1)
###########


2021-07-27 17:11:52 : validBC, Class = NULL

validBC: length = 0
NULL



2021-07-27 17:11:52 : (PBMC_10k : 1 of 1) Determining Arrow Method to use!
2021-07-27 17:11:52 : (PBMC_10k : 1 of 1) Reading In Fragments from inputFiles (readMethod = tabix), 0 mins elapsed.
2021-07-27 17:11:52 : (PBMC_10k : 1 of 1) Tabix Bed To Temporary File, 0.001 mins elapsed.

2021-07-27 17:11:52 : tileChromSizes, Class = GRanges
GRanges object with 120 ranges and 1 metadata column:
        seqnames              ranges strand |     chunkName
           <Rle>           <IRanges>  <Rle> |   <character>
    [1]     chr1          1-49791284      * |   chr1#chunk1
    [2]     chr1   49791285-99582568      * |   chr1#chunk2
    [3]     chr1  99582569-149373853      * |   chr1#chunk3
    [4]     chr1 149373854-199165137      * |   chr1#chunk4
    [5]     chr1 199165138-248956422      * |   chr1#chunk5
    ...      ...                 ...    ... .           ...
  [116]     chrY          1-11445483      * | chrY#chunk116
  [117]     chrY   11445484-22890966      * | chrY#chunk117
  [118]     chrY   22890967-34336449      * | chrY#chunk118
  [119]     chrY   34336450-45781932      * | chrY#chunk119
  [120]     chrY   45781933-57227415      * | chrY#chunk120
  -------
  seqinfo: 24 sequences from an unspecified genome; no seqlengths

2021-07-27 17:13:44 : (PBMC_10k : 1 of 1) Reading TabixFile 8 Percent, 1.867 mins elapsed.

2021-07-27 17:14:11 : (PBMC_10k : 1 of 1) .tabixToTmp Fragments-Chunk-(1 of 120)-chr1:1-49791284, Class = data.table
 
2021-07-27 17:14:11 : (PBMC_10k : 1 of 1) .tabixToTmp Fragments-Chunk-(1 of 120)-chr1:1-49791284, Class = data.frame
(PBMC_10k : 1 of 1) .tabixToTmp Fragments-Chunk-(1 of 120)-chr1:1-49791284: nRows = 6447704, nCols = 3



2021-07-27 17:14:13 : (PBMC_10k : 1 of 1) .tabixToTmp Barcodes-Chunk-(1 of 120)-chr1:1-49791284, Class = character

(PBMC_10k : 1 of 1) .tabixToTmp Barcodes-Chunk-(1 of 120)-chr1:1-49791284: length = 162278
[1] "TCAAGAACAGTAATAG-1" "AACCCGCAGGTAGCTT-1" "CGCATATAGGTTACGT-1" "GTAAGGTCACCCACAG-1" "TATTCGTTCCGCCTCA-1" "ATGAATGCATTGTCAG-1"


2021-07-27 17:15:20 : (PBMC_10k : 1 of 1) Reading TabixFile 15 Percent, 3.468 mins elapsed.
2021-07-27 17:15:49 : (PBMC_10k : 1 of 1) Reading TabixFile 22 Percent, 3.959 mins elapsed.
2021-07-27 17:16:53 : (PBMC_10k : 1 of 1) Reading TabixFile 30 Percent, 5.024 mins elapsed.
2021-07-27 17:17:28 : (PBMC_10k : 1 of 1) Reading TabixFile 38 Percent, 5.597 mins elapsed.
2021-07-27 17:18:05 : (PBMC_10k : 1 of 1) Reading TabixFile 45 Percent, 6.223 mins elapsed.
2021-07-27 17:18:56 : (PBMC_10k : 1 of 1) Reading TabixFile 52 Percent, 7.062 mins elapsed.
2021-07-27 17:19:16 : (PBMC_10k : 1 of 1) Reading TabixFile 60 Percent, 7.399 mins elapsed.
2021-07-27 17:19:54 : (PBMC_10k : 1 of 1) Reading TabixFile 68 Percent, 8.04 mins elapsed.
2021-07-27 17:20:31 : (PBMC_10k : 1 of 1) Reading TabixFile 75 Percent, 8.656 mins elapsed.
2021-07-27 17:21:27 : (PBMC_10k : 1 of 1) Reading TabixFile 82 Percent, 9.592 mins elapsed.
2021-07-27 17:21:41 : (PBMC_10k : 1 of 1) Reading TabixFile 90 Percent, 9.827 mins elapsed.
2021-07-27 17:22:03 : (PBMC_10k : 1 of 1) Reading TabixFile 98 Percent, 10.191 mins elapsed.
2021-07-27 17:22:09 : (PBMC_10k : 1 of 1) Parallel Hdf5 Linkage Temporary File, 10.283 mins elapsed.
2021-07-27 17:22:09 : (PBMC_10k : 1 of 1) Successful creation of Temporary File, 10.294 mins elapsed.
2021-07-27 17:22:09 : (PBMC_10k : 1 of 1) Creating ArrowFile From Temporary File, 10.294 mins elapsed.

2021-07-27 17:22:10 : (PBMC_10k : 1 of 1) chunkChrNames, Class = data.frame
(PBMC_10k : 1 of 1) chunkChrNames: nRows = 118, nCols = 1


2021-07-27 17:22:10 : (PBMC_10k : 1 of 1) Counting Unique Barcodes From Temporary File, 10.297 mins elapsed.

2021-07-27 17:22:35 : (PBMC_10k : 1 of 1) BarcodeFrequencyTable, Class = data.table
 
2021-07-27 17:22:35 : (PBMC_10k : 1 of 1) BarcodeFrequencyTable, Class = data.frame
(PBMC_10k : 1 of 1) BarcodeFrequencyTable: nRows = 639399, nCols = 2



2021-07-27 17:22:35 : (PBMC_10k : 1 of 1) BarcodesMinMaxFrags, Class = data.frame
(PBMC_10k : 1 of 1) BarcodesMinMaxFrags: nRows = 11909, nCols = 1



2021-07-27 17:22:36 : (PBMC_10k : 1 of 1) Unique Chromosomes, Class = data.frame
(PBMC_10k : 1 of 1) Unique Chromosomes: nRows = 24, nCols = 1


2021-07-27 17:22:36 : (PBMC_10k : 1 of 1) Adding Chromosome 1 of 24, 10.731 mins elapsed.
2021-07-27 17:22:36 : (PBMC_10k : 1 of 1) Adding Chromosome 2 of 24, 10.731 mins elapsed.
2021-07-27 17:22:36 : (PBMC_10k : 1 of 1) Adding Chromosome 3 of 24, 10.731 mins elapsed.
2021-07-27 17:22:36 : (PBMC_10k : 1 of 1) Adding Chromosome 4 of 24, 10.731 mins elapsed.
2021-07-27 17:23:06 : (PBMC_10k : 1 of 1) Adding Chromosome 5 of 24, 11.238 mins elapsed.
2021-07-27 17:23:10 : (PBMC_10k : 1 of 1) Adding Chromosome 6 of 24, 11.311 mins elapsed.
2021-07-27 17:23:19 : (PBMC_10k : 1 of 1) Adding Chromosome 7 of 24, 11.449 mins elapsed.

2021-07-27 17:23:31 : (PBMC_10k : 1 of 1) .tmpToArrow Fragments-Chr-(1 of 24)-chr1, Class = IRanges

(PBMC_10k : 1 of 1) .tmpToArrow Fragments-Chr-(1 of 24)-chr1: length = 16767620
IRanges object with 6 ranges and 1 metadata column:
          start       end     width |                 RG
      <integer> <integer> <integer> |              <Rle>
  [1]    201378    201594       217 | TGAGCAAAGGCCTGGT-1
  [2]   1013448   1013670       223 | TGAGCAAAGGCCTGGT-1
  [3]   1068966   1069372       407 | TGAGCAAAGGCCTGGT-1
  [4]   1233969   1234339       371 | TGAGCAAAGGCCTGGT-1
  [5]   1234340   1234572       233 | TGAGCAAAGGCCTGGT-1
  [6]   1273654   1273844       191 | TGAGCAAAGGCCTGGT-1



2021-07-27 17:23:31 : (PBMC_10k : 1 of 1) .tmpToArrow Barcodes-Chr-(1 of 24)-chr1, Class = data.frame
(PBMC_10k : 1 of 1) .tmpToArrow Barcodes-Chr-(1 of 24)-chr1: nRows = 11909, nCols = 1


2021-07-27 17:23:46 : (PBMC_10k : 1 of 1) Adding Chromosome 8 of 24, 11.907 mins elapsed.
2021-07-27 17:23:49 : (PBMC_10k : 1 of 1) Adding Chromosome 9 of 24, 11.951 mins elapsed.
2021-07-27 17:23:50 : (PBMC_10k : 1 of 1) Adding Chromosome 10 of 24, 11.969 mins elapsed.
2021-07-27 17:24:05 : (PBMC_10k : 1 of 1) Adding Chromosome 11 of 24, 12.222 mins elapsed.
2021-07-27 17:24:14 : (PBMC_10k : 1 of 1) Adding Chromosome 12 of 24, 12.368 mins elapsed.
2021-07-27 17:24:18 : (PBMC_10k : 1 of 1) Adding Chromosome 13 of 24, 12.431 mins elapsed.
2021-07-27 17:24:22 : (PBMC_10k : 1 of 1) Adding Chromosome 14 of 24, 12.506 mins elapsed.
2021-07-27 17:24:40 : (PBMC_10k : 1 of 1) Adding Chromosome 15 of 24, 12.804 mins elapsed.
2021-07-27 17:24:48 : (PBMC_10k : 1 of 1) Adding Chromosome 16 of 24, 12.93 mins elapsed.
2021-07-27 17:24:49 : (PBMC_10k : 1 of 1) Adding Chromosome 17 of 24, 12.95 mins elapsed.
2021-07-27 17:24:49 : (PBMC_10k : 1 of 1) Adding Chromosome 18 of 24, 12.955 mins elapsed.
2021-07-27 17:25:01 : (PBMC_10k : 1 of 1) Adding Chromosome 19 of 24, 13.151 mins elapsed.
2021-07-27 17:25:01 : (PBMC_10k : 1 of 1) Adding Chromosome 20 of 24, 13.156 mins elapsed.
2021-07-27 17:25:13 : (PBMC_10k : 1 of 1) Adding Chromosome 21 of 24, 13.356 mins elapsed.
2021-07-27 17:25:17 : (PBMC_10k : 1 of 1) Adding Chromosome 22 of 24, 13.415 mins elapsed.
2021-07-27 17:25:26 : (PBMC_10k : 1 of 1) Adding Chromosome 23 of 24, 13.564 mins elapsed.
2021-07-27 17:25:27 : (PBMC_10k : 1 of 1) Adding Chromosome 24 of 24, 13.58 mins elapsed.
2021-07-27 17:25:32 : (PBMC_10k : 1 of 1) Parallel Hdf5 Linkage Arrow File, 13.676 mins elapsed.
2021-07-27 17:25:33 : (PBMC_10k : 1 of 1) Successful creation of Arrow File, 13.681 mins elapsed.
2021-07-27 17:25:33 : (PBMC_10k : 1 of 1) Adding Fragment Summary, 13.693 mins elapsed.
2021-07-27 17:25:54 : (PBMC_10k : 1 of 1) Plotting Fragment Size Distribution, 14.041 mins elapsed.
2021-07-27 17:25:55 : (PBMC_10k : 1 of 1) Computing TSS Enrichment Scores, 14.054 mins elapsed.
2021-07-27 17:27:17 : (PBMC_10k : 1 of 1) Computed TSS Scores!, 1.371 mins elapsed.
2021-07-27 17:27:17 : (PBMC_10k : 1 of 1) CellStats : Number of Cells Pass Filter = 11582 , 15.425 mins elapsed.
2021-07-27 17:27:17 : (PBMC_10k : 1 of 1) CellStats : Median Frags = 13610 , 15.425 mins elapsed.
2021-07-27 17:27:17 : (PBMC_10k : 1 of 1) CellStats : Median TSS Enrichment = 13.6245 , 15.425 mins elapsed.
2021-07-27 17:27:17 : (PBMC_10k : 1 of 1) Plotting TSS Enrichment Scores, 15.425 mins elapsed.
2021-07-27 17:27:19 : (PBMC_10k : 1 of 1) Adding Metadata to Fragments, 15.448 mins elapsed.
2021-07-27 17:27:19 : (PBMC_10k : 1 of 1) Adding Additional Feature Counts!, 15.455 mins elapsed.
2021-07-27 17:28:35 : (PBMC_10k : 1 of 1) Finished Adding Additional Feature Counts!, 16.728 mins elapsed.

2021-07-27 17:28:35 : (PBMC_10k : 1 of 1) Metadata, Class = DFrame
DataFrame with 11909 rows and 12 columns
                   cellNames    nFrags nMonoFrags  nDiFrags nMultiFrags TSSEnrichment ReadsInTSS      Keep ReadsInPromoter
                 <character> <numeric>  <numeric> <numeric>   <numeric>     <numeric>  <numeric> <numeric>       <numeric>
1     PBMC_10k#TGAGCAAAGGC..     99678      20167     58346       21165         4.822       4568         1            6010
2     PBMC_10k#AACCGCTCATA..     94284      40334     36464       17486         8.795      25890         1           27737
3     PBMC_10k#CAGCAAGCAGT..     92494      15417     56392       20685         3.344       2496         0            3884
4     PBMC_10k#TTCATTCAGCC..     92303      43378     33301       15624         2.510       5808         0           11180
5     PBMC_10k#GGAGTCTGTGA..     90198      45136     29367       15695         5.890      17394         1           22415
...                      ...       ...        ...       ...         ...           ...        ...       ...             ...
11905 PBMC_10k#ATTACGTCATT..      1004        433       396         175        19.411        745         1             679
11906 PBMC_10k#CTTGAACAGCG..      1004        534       351         119         8.549        177         1             169
11907 PBMC_10k#TAACCTAAGTA..      1002        677       228          97         5.633        128         1             185
11908 PBMC_10k#TGAGTTTCAAC..      1001        691       246          64         3.363         90         0             161
11909 PBMC_10k#CAAGTATGTCT..      1000        414       400         186        10.129        445         1             434
      PromoterRatio ReadsInBlacklist BlacklistRatio
          <numeric>        <numeric>      <numeric>
1         0.0301471              481     0.00241277
2         0.1470928              951     0.00504327
3         0.0209960             1272     0.00687612
4         0.0605614              993     0.00537902
5         0.1242544             1035     0.00573738
...             ...              ...            ...
11905     0.3381474               14     0.00697211
11906     0.0841633                8     0.00398406
11907     0.0923154               10     0.00499002
11908     0.0804196               16     0.00799201
11909     0.2170000                8     0.00400000

2021-07-27 17:28:36 : (PBMC_10k : 1 of 1) Removing Fragments from Filtered Cells, 16.731 mins elapsed.
2021-07-27 17:28:36 : (PBMC_10k : 1 of 1) Creating Filtered Arrow File, 16.731 mins elapsed.

2021-07-27 17:28:39 : (PBMC_10k : 1 of 1) .filterCellsFromArrow Fragments-Chr-(1 of 24)-chr1, Class = GRanges
GRanges object with 16566850 ranges and 1 metadata column:
             seqnames              ranges strand |                     RG
                <Rle>           <IRanges>  <Rle> |                  <Rle>
         [1]     chr1       201378-201594      * | PBMC_10k#TGAGCAAAGGC..
         [2]     chr1     1013448-1013670      * | PBMC_10k#TGAGCAAAGGC..
         [3]     chr1     1068966-1069372      * | PBMC_10k#TGAGCAAAGGC..
         [4]     chr1     1233969-1234339      * | PBMC_10k#TGAGCAAAGGC..
         [5]     chr1     1234340-1234572      * | PBMC_10k#TGAGCAAAGGC..
         ...      ...                 ...    ... .                    ...
  [16566846]     chr1 235161318-235161362      * | PBMC_10k#CAAGTATGTCT..
  [16566847]     chr1 235276622-235276797      * | PBMC_10k#CAAGTATGTCT..
  [16566848]     chr1 236290550-236290733      * | PBMC_10k#CAAGTATGTCT..
  [16566849]     chr1 241551698-241552000      * | PBMC_10k#CAAGTATGTCT..
  [16566850]     chr1 247413835-247414028      * | PBMC_10k#CAAGTATGTCT..
  -------
  seqinfo: 1 sequence from an unspecified genome; no seqlengths


2021-07-27 17:28:39 : (PBMC_10k : 1 of 1) .filterCellsFromArrow Barcodes-Chr-(1 of 24)-chr1, Class = data.frame
(PBMC_10k : 1 of 1) .filterCellsFromArrow Barcodes-Chr-(1 of 24)-chr1: nRows = 11582, nCols = 1


2021-07-27 17:29:07 : (PBMC_10k : 1 of 1) Finished Constructing Filtered Arrow File!, 17.251 mins elapsed.
2021-07-27 17:29:07 : (PBMC_10k : 1 of 1) Adding TileMatrix!, 17.252 mins elapsed.

2021-07-27 17:29:08 : PBMC_10k .addTileMat FeatureDF, Class = DFrame
DataFrame with 6062095 rows and 3 columns
           seqnames       idx     start
        <character> <integer> <numeric>
1              chr1         1         0
2              chr1         2       500
3              chr1         3      1000
4              chr1         4      1500
5              chr1         5      2000
...             ...       ...       ...
6062091        chrX    312078 156038500
6062092        chrX    312079 156039000
6062093        chrX    312080 156039500
6062094        chrX    312081 156040000
6062095        chrX    312082 156040500

2021-07-27 17:29:15 : Adding TileMatrix to PBMC_10k for Chr (1 of 23)!, 0.139 mins elapsed.

2021-07-27 17:29:17 : NTiles_TileMatrix_1_chr1, Class = numeric

NTiles_TileMatrix_1_chr1: length = 1
  chr1 
497913 



2021-07-27 17:29:17 : NCells_TileMatrix_1_chr1, Class = integer

NCells_TileMatrix_1_chr1: length = 1
[1] 11582



2021-07-27 17:29:17 : MinTile_TileMatrix_1_chr1, Class = numeric

MinTile_TileMatrix_1_chr1: length = 1
[1] 21



2021-07-27 17:29:17 : MaxTile_TileMatrix_1_chr1, Class = numeric

MaxTile_TileMatrix_1_chr1: length = 1
[1] 497893



2021-07-27 17:29:18 : MinCell_TileMatrix_1_chr1, Class = integer

MinCell_TileMatrix_1_chr1: length = 1
[1] 1



2021-07-27 17:29:18 : MaxCell_TileMatrix_1_chr1, Class = integer

MaxCell_TileMatrix_1_chr1: length = 1
[1] 11582


2021-07-27 17:29:24 : Adding TileMatrix to PBMC_10k for Chr (2 of 23)!, 0.291 mins elapsed.

2021-07-27 17:29:25 : NTiles_TileMatrix_2_chr2, Class = numeric

NTiles_TileMatrix_2_chr2: length = 1
  chr2 
484388 



2021-07-27 17:29:25 : NCells_TileMatrix_2_chr2, Class = integer

NCells_TileMatrix_2_chr2: length = 1
[1] 11582



2021-07-27 17:29:25 : MinTile_TileMatrix_2_chr2, Class = numeric

MinTile_TileMatrix_2_chr2: length = 1
[1] 21



2021-07-27 17:29:25 : MaxTile_TileMatrix_2_chr2, Class = numeric

MaxTile_TileMatrix_2_chr2: length = 1
[1] 484367



2021-07-27 17:29:25 : MinCell_TileMatrix_2_chr2, Class = integer

MinCell_TileMatrix_2_chr2: length = 1
[1] 1



2021-07-27 17:29:25 : MaxCell_TileMatrix_2_chr2, Class = integer

MaxCell_TileMatrix_2_chr2: length = 1
[1] 11582


2021-07-27 17:29:29 : Adding TileMatrix to PBMC_10k for Chr (3 of 23)!, 0.375 mins elapsed.

2021-07-27 17:29:30 : NTiles_TileMatrix_3_chr3, Class = numeric

NTiles_TileMatrix_3_chr3: length = 1
  chr3 
396592 



2021-07-27 17:29:30 : NCells_TileMatrix_3_chr3, Class = integer

NCells_TileMatrix_3_chr3: length = 1
[1] 11582



2021-07-27 17:29:30 : MinTile_TileMatrix_3_chr3, Class = numeric

MinTile_TileMatrix_3_chr3: length = 1
[1] 21



2021-07-27 17:29:30 : MaxTile_TileMatrix_3_chr3, Class = numeric

MaxTile_TileMatrix_3_chr3: length = 1
[1] 396441



2021-07-27 17:29:30 : MinCell_TileMatrix_3_chr3, Class = integer

MinCell_TileMatrix_3_chr3: length = 1
[1] 1



2021-07-27 17:29:30 : MaxCell_TileMatrix_3_chr3, Class = integer

MaxCell_TileMatrix_3_chr3: length = 1
[1] 11582


2021-07-27 17:29:34 : Adding TileMatrix to PBMC_10k for Chr (4 of 23)!, 0.447 mins elapsed.

2021-07-27 17:29:34 : NTiles_TileMatrix_4_chr4, Class = numeric

NTiles_TileMatrix_4_chr4: length = 1
  chr4 
380430 



2021-07-27 17:29:34 : NCells_TileMatrix_4_chr4, Class = integer

NCells_TileMatrix_4_chr4: length = 1
[1] 11582



2021-07-27 17:29:34 : MinTile_TileMatrix_4_chr4, Class = numeric

MinTile_TileMatrix_4_chr4: length = 1
[1] 21



2021-07-27 17:29:34 : MaxTile_TileMatrix_4_chr4, Class = numeric

MaxTile_TileMatrix_4_chr4: length = 1
[1] 380410



2021-07-27 17:29:34 : MinCell_TileMatrix_4_chr4, Class = integer

MinCell_TileMatrix_4_chr4: length = 1
[1] 1



2021-07-27 17:29:34 : MaxCell_TileMatrix_4_chr4, Class = integer

MaxCell_TileMatrix_4_chr4: length = 1
[1] 11582


2021-07-27 17:29:37 : Adding TileMatrix to PBMC_10k for Chr (5 of 23)!, 0.495 mins elapsed.

2021-07-27 17:29:37 : NTiles_TileMatrix_5_chr5, Class = numeric

NTiles_TileMatrix_5_chr5: length = 1
  chr5 
363077 



2021-07-27 17:29:37 : NCells_TileMatrix_5_chr5, Class = integer

NCells_TileMatrix_5_chr5: length = 1
[1] 11582



2021-07-27 17:29:37 : MinTile_TileMatrix_5_chr5, Class = numeric

MinTile_TileMatrix_5_chr5: length = 1
[1] 21



2021-07-27 17:29:37 : MaxTile_TileMatrix_5_chr5, Class = numeric

MaxTile_TileMatrix_5_chr5: length = 1
[1] 362956



2021-07-27 17:29:37 : MinCell_TileMatrix_5_chr5, Class = integer

MinCell_TileMatrix_5_chr5: length = 1
[1] 1



2021-07-27 17:29:37 : MaxCell_TileMatrix_5_chr5, Class = integer

MaxCell_TileMatrix_5_chr5: length = 1
[1] 11582


2021-07-27 17:29:40 : Adding TileMatrix to PBMC_10k for Chr (6 of 23)!, 0.551 mins elapsed.

2021-07-27 17:29:41 : NTiles_TileMatrix_6_chr6, Class = numeric

NTiles_TileMatrix_6_chr6: length = 1
  chr6 
341612 



2021-07-27 17:29:41 : NCells_TileMatrix_6_chr6, Class = integer

NCells_TileMatrix_6_chr6: length = 1
[1] 11582



2021-07-27 17:29:41 : MinTile_TileMatrix_6_chr6, Class = numeric

MinTile_TileMatrix_6_chr6: length = 1
[1] 128



2021-07-27 17:29:41 : MaxTile_TileMatrix_6_chr6, Class = numeric

MaxTile_TileMatrix_6_chr6: length = 1
[1] 341480



2021-07-27 17:29:41 : MinCell_TileMatrix_6_chr6, Class = integer

MinCell_TileMatrix_6_chr6: length = 1
[1] 1



2021-07-27 17:29:41 : MaxCell_TileMatrix_6_chr6, Class = integer

MaxCell_TileMatrix_6_chr6: length = 1
[1] 11582


2021-07-27 17:29:44 : Adding TileMatrix to PBMC_10k for Chr (7 of 23)!, 0.617 mins elapsed.

2021-07-27 17:29:44 : NTiles_TileMatrix_7_chr7, Class = numeric

NTiles_TileMatrix_7_chr7: length = 1
  chr7 
318692 



2021-07-27 17:29:44 : NCells_TileMatrix_7_chr7, Class = integer

NCells_TileMatrix_7_chr7: length = 1
[1] 11582



2021-07-27 17:29:44 : MinTile_TileMatrix_7_chr7, Class = numeric

MinTile_TileMatrix_7_chr7: length = 1
[1] 21



2021-07-27 17:29:44 : MaxTile_TileMatrix_7_chr7, Class = numeric

MaxTile_TileMatrix_7_chr7: length = 1
[1] 318672



2021-07-27 17:29:44 : MinCell_TileMatrix_7_chr7, Class = integer

MinCell_TileMatrix_7_chr7: length = 1
[1] 1



2021-07-27 17:29:44 : MaxCell_TileMatrix_7_chr7, Class = integer

MaxCell_TileMatrix_7_chr7: length = 1
[1] 11582


2021-07-27 17:29:47 : Adding TileMatrix to PBMC_10k for Chr (8 of 23)!, 0.673 mins elapsed.

2021-07-27 17:29:48 : NTiles_TileMatrix_8_chr8, Class = numeric

NTiles_TileMatrix_8_chr8: length = 1
  chr8 
290278 



2021-07-27 17:29:48 : NCells_TileMatrix_8_chr8, Class = integer

NCells_TileMatrix_8_chr8: length = 1
[1] 11582



2021-07-27 17:29:48 : MinTile_TileMatrix_8_chr8, Class = numeric

MinTile_TileMatrix_8_chr8: length = 1
[1] 143



2021-07-27 17:29:48 : MaxTile_TileMatrix_8_chr8, Class = numeric

MaxTile_TileMatrix_8_chr8: length = 1
[1] 290153



2021-07-27 17:29:48 : MinCell_TileMatrix_8_chr8, Class = integer

MinCell_TileMatrix_8_chr8: length = 1
[1] 1



2021-07-27 17:29:48 : MaxCell_TileMatrix_8_chr8, Class = integer

MaxCell_TileMatrix_8_chr8: length = 1
[1] 11582


2021-07-27 17:29:50 : Adding TileMatrix to PBMC_10k for Chr (9 of 23)!, 0.722 mins elapsed.

2021-07-27 17:29:51 : NTiles_TileMatrix_9_chr9, Class = numeric

NTiles_TileMatrix_9_chr9: length = 1
  chr9 
276790 



2021-07-27 17:29:51 : NCells_TileMatrix_9_chr9, Class = integer

NCells_TileMatrix_9_chr9: length = 1
[1] 11582



2021-07-27 17:29:51 : MinTile_TileMatrix_9_chr9, Class = numeric

MinTile_TileMatrix_9_chr9: length = 1
[1] 21



2021-07-27 17:29:51 : MaxTile_TileMatrix_9_chr9, Class = numeric

MaxTile_TileMatrix_9_chr9: length = 1
[1] 276457



2021-07-27 17:29:51 : MinCell_TileMatrix_9_chr9, Class = integer

MinCell_TileMatrix_9_chr9: length = 1
[1] 1



2021-07-27 17:29:51 : MaxCell_TileMatrix_9_chr9, Class = integer

MaxCell_TileMatrix_9_chr9: length = 1
[1] 11582


2021-07-27 17:29:53 : Adding TileMatrix to PBMC_10k for Chr (10 of 23)!, 0.772 mins elapsed.

2021-07-27 17:29:54 : NTiles_TileMatrix_10_chr10, Class = numeric

NTiles_TileMatrix_10_chr10: length = 1
 chr10 
267595 



2021-07-27 17:29:54 : NCells_TileMatrix_10_chr10, Class = integer

NCells_TileMatrix_10_chr10: length = 1
[1] 11582



2021-07-27 17:29:54 : MinTile_TileMatrix_10_chr10, Class = numeric

MinTile_TileMatrix_10_chr10: length = 1
[1] 21



2021-07-27 17:29:54 : MaxTile_TileMatrix_10_chr10, Class = numeric

MaxTile_TileMatrix_10_chr10: length = 1
[1] 267575



2021-07-27 17:29:54 : MinCell_TileMatrix_10_chr10, Class = integer

MinCell_TileMatrix_10_chr10: length = 1
[1] 1



2021-07-27 17:29:54 : MaxCell_TileMatrix_10_chr10, Class = integer

MaxCell_TileMatrix_10_chr10: length = 1
[1] 11582


2021-07-27 17:29:56 : Adding TileMatrix to PBMC_10k for Chr (11 of 23)!, 0.825 mins elapsed.

2021-07-27 17:29:57 : NTiles_TileMatrix_11_chr11, Class = numeric

NTiles_TileMatrix_11_chr11: length = 1
 chr11 
270174 



2021-07-27 17:29:57 : NCells_TileMatrix_11_chr11, Class = integer

NCells_TileMatrix_11_chr11: length = 1
[1] 11582



2021-07-27 17:29:57 : MinTile_TileMatrix_11_chr11, Class = numeric

MinTile_TileMatrix_11_chr11: length = 1
[1] 227



2021-07-27 17:29:57 : MaxTile_TileMatrix_11_chr11, Class = numeric

MaxTile_TileMatrix_11_chr11: length = 1
[1] 270154



2021-07-27 17:29:57 : MinCell_TileMatrix_11_chr11, Class = integer

MinCell_TileMatrix_11_chr11: length = 1
[1] 1



2021-07-27 17:29:57 : MaxCell_TileMatrix_11_chr11, Class = integer

MaxCell_TileMatrix_11_chr11: length = 1
[1] 11582


2021-07-27 17:30:00 : Adding TileMatrix to PBMC_10k for Chr (12 of 23)!, 0.886 mins elapsed.

2021-07-27 17:30:01 : NTiles_TileMatrix_12_chr12, Class = numeric

NTiles_TileMatrix_12_chr12: length = 1
 chr12 
266551 



2021-07-27 17:30:01 : NCells_TileMatrix_12_chr12, Class = integer

NCells_TileMatrix_12_chr12: length = 1
[1] 11582



2021-07-27 17:30:01 : MinTile_TileMatrix_12_chr12, Class = numeric

MinTile_TileMatrix_12_chr12: length = 1
[1] 21



2021-07-27 17:30:01 : MaxTile_TileMatrix_12_chr12, Class = numeric

MaxTile_TileMatrix_12_chr12: length = 1
[1] 266531



2021-07-27 17:30:01 : MinCell_TileMatrix_12_chr12, Class = integer

MinCell_TileMatrix_12_chr12: length = 1
[1] 1



2021-07-27 17:30:01 : MaxCell_TileMatrix_12_chr12, Class = integer

MaxCell_TileMatrix_12_chr12: length = 1
[1] 11582


2021-07-27 17:30:04 : Adding TileMatrix to PBMC_10k for Chr (13 of 23)!, 0.947 mins elapsed.

2021-07-27 17:30:04 : NTiles_TileMatrix_13_chr13, Class = numeric

NTiles_TileMatrix_13_chr13: length = 1
 chr13 
228729 



2021-07-27 17:30:04 : NCells_TileMatrix_13_chr13, Class = integer

NCells_TileMatrix_13_chr13: length = 1
[1] 11582



2021-07-27 17:30:04 : MinTile_TileMatrix_13_chr13, Class = numeric

MinTile_TileMatrix_13_chr13: length = 1
[1] 33839



2021-07-27 17:30:04 : MaxTile_TileMatrix_13_chr13, Class = numeric

MaxTile_TileMatrix_13_chr13: length = 1
[1] 228709



2021-07-27 17:30:04 : MinCell_TileMatrix_13_chr13, Class = integer

MinCell_TileMatrix_13_chr13: length = 1
[1] 1



2021-07-27 17:30:04 : MaxCell_TileMatrix_13_chr13, Class = integer

MaxCell_TileMatrix_13_chr13: length = 1
[1] 11582


2021-07-27 17:30:06 : Adding TileMatrix to PBMC_10k for Chr (14 of 23)!, 0.983 mins elapsed.

2021-07-27 17:30:06 : NTiles_TileMatrix_14_chr14, Class = numeric

NTiles_TileMatrix_14_chr14: length = 1
 chr14 
214088 



2021-07-27 17:30:06 : NCells_TileMatrix_14_chr14, Class = integer

NCells_TileMatrix_14_chr14: length = 1
[1] 11582



2021-07-27 17:30:06 : MinTile_TileMatrix_14_chr14, Class = numeric

MinTile_TileMatrix_14_chr14: length = 1
[1] 32082



2021-07-27 17:30:06 : MaxTile_TileMatrix_14_chr14, Class = numeric

MaxTile_TileMatrix_14_chr14: length = 1
[1] 213768



2021-07-27 17:30:06 : MinCell_TileMatrix_14_chr14, Class = integer

MinCell_TileMatrix_14_chr14: length = 1
[1] 1



2021-07-27 17:30:06 : MaxCell_TileMatrix_14_chr14, Class = integer

MaxCell_TileMatrix_14_chr14: length = 1
[1] 11582


2021-07-27 17:30:09 : Adding TileMatrix to PBMC_10k for Chr (15 of 23)!, 1.029 mins elapsed.

2021-07-27 17:30:09 : NTiles_TileMatrix_15_chr15, Class = numeric

NTiles_TileMatrix_15_chr15: length = 1
 chr15 
203983 



2021-07-27 17:30:09 : NCells_TileMatrix_15_chr15, Class = integer

NCells_TileMatrix_15_chr15: length = 1
[1] 11582



2021-07-27 17:30:09 : MinTile_TileMatrix_15_chr15, Class = numeric

MinTile_TileMatrix_15_chr15: length = 1
[1] 34020



2021-07-27 17:30:09 : MaxTile_TileMatrix_15_chr15, Class = numeric

MaxTile_TileMatrix_15_chr15: length = 1
[1] 203963



2021-07-27 17:30:09 : MinCell_TileMatrix_15_chr15, Class = integer

MinCell_TileMatrix_15_chr15: length = 1
[1] 1



2021-07-27 17:30:09 : MaxCell_TileMatrix_15_chr15, Class = integer

MaxCell_TileMatrix_15_chr15: length = 1
[1] 11582


2021-07-27 17:30:12 : Adding TileMatrix to PBMC_10k for Chr (16 of 23)!, 1.078 mins elapsed.

2021-07-27 17:30:12 : NTiles_TileMatrix_16_chr16, Class = numeric

NTiles_TileMatrix_16_chr16: length = 1
 chr16 
180677 



2021-07-27 17:30:12 : NCells_TileMatrix_16_chr16, Class = integer

NCells_TileMatrix_16_chr16: length = 1
[1] 11582



2021-07-27 17:30:12 : MinTile_TileMatrix_16_chr16, Class = numeric

MinTile_TileMatrix_16_chr16: length = 1
[1] 21



2021-07-27 17:30:12 : MaxTile_TileMatrix_16_chr16, Class = numeric

MaxTile_TileMatrix_16_chr16: length = 1
[1] 180450



2021-07-27 17:30:12 : MinCell_TileMatrix_16_chr16, Class = integer

MinCell_TileMatrix_16_chr16: length = 1
[1] 1



2021-07-27 17:30:12 : MaxCell_TileMatrix_16_chr16, Class = integer

MaxCell_TileMatrix_16_chr16: length = 1
[1] 11582


2021-07-27 17:30:15 : Adding TileMatrix to PBMC_10k for Chr (17 of 23)!, 1.128 mins elapsed.

2021-07-27 17:30:15 : NTiles_TileMatrix_17_chr17, Class = numeric

NTiles_TileMatrix_17_chr17: length = 1
 chr17 
166515 



2021-07-27 17:30:15 : NCells_TileMatrix_17_chr17, Class = integer

NCells_TileMatrix_17_chr17: length = 1
[1] 11582



2021-07-27 17:30:15 : MinTile_TileMatrix_17_chr17, Class = numeric

MinTile_TileMatrix_17_chr17: length = 1
[1] 156



2021-07-27 17:30:15 : MaxTile_TileMatrix_17_chr17, Class = numeric

MaxTile_TileMatrix_17_chr17: length = 1
[1] 166495



2021-07-27 17:30:15 : MinCell_TileMatrix_17_chr17, Class = integer

MinCell_TileMatrix_17_chr17: length = 1
[1] 1



2021-07-27 17:30:15 : MaxCell_TileMatrix_17_chr17, Class = integer

MaxCell_TileMatrix_17_chr17: length = 1
[1] 11582


2021-07-27 17:30:19 : Adding TileMatrix to PBMC_10k for Chr (18 of 23)!, 1.206 mins elapsed.

2021-07-27 17:30:19 : NTiles_TileMatrix_18_chr18, Class = numeric

NTiles_TileMatrix_18_chr18: length = 1
 chr18 
160747 



2021-07-27 17:30:19 : NCells_TileMatrix_18_chr18, Class = integer

NCells_TileMatrix_18_chr18: length = 1
[1] 11582



2021-07-27 17:30:19 : MinTile_TileMatrix_18_chr18, Class = numeric

MinTile_TileMatrix_18_chr18: length = 1
[1] 21



2021-07-27 17:30:19 : MaxTile_TileMatrix_18_chr18, Class = numeric

MaxTile_TileMatrix_18_chr18: length = 1
[1] 160527



2021-07-27 17:30:20 : MinCell_TileMatrix_18_chr18, Class = integer

MinCell_TileMatrix_18_chr18: length = 1
[1] 1



2021-07-27 17:30:20 : MaxCell_TileMatrix_18_chr18, Class = integer

MaxCell_TileMatrix_18_chr18: length = 1
[1] 11582


2021-07-27 17:30:21 : Adding TileMatrix to PBMC_10k for Chr (19 of 23)!, 1.242 mins elapsed.

2021-07-27 17:30:22 : NTiles_TileMatrix_19_chr19, Class = numeric

NTiles_TileMatrix_19_chr19: length = 1
 chr19 
117236 



2021-07-27 17:30:22 : NCells_TileMatrix_19_chr19, Class = integer

NCells_TileMatrix_19_chr19: length = 1
[1] 11582



2021-07-27 17:30:22 : MinTile_TileMatrix_19_chr19, Class = numeric

MinTile_TileMatrix_19_chr19: length = 1
[1] 141



2021-07-27 17:30:22 : MaxTile_TileMatrix_19_chr19, Class = numeric

MaxTile_TileMatrix_19_chr19: length = 1
[1] 117216



2021-07-27 17:30:22 : MinCell_TileMatrix_19_chr19, Class = integer

MinCell_TileMatrix_19_chr19: length = 1
[1] 1



2021-07-27 17:30:22 : MaxCell_TileMatrix_19_chr19, Class = integer

MaxCell_TileMatrix_19_chr19: length = 1
[1] 11582


2021-07-27 17:30:26 : Adding TileMatrix to PBMC_10k for Chr (20 of 23)!, 1.326 mins elapsed.

2021-07-27 17:30:27 : NTiles_TileMatrix_20_chr20, Class = numeric

NTiles_TileMatrix_20_chr20: length = 1
 chr20 
128889 



2021-07-27 17:30:27 : NCells_TileMatrix_20_chr20, Class = integer

NCells_TileMatrix_20_chr20: length = 1
[1] 11582



2021-07-27 17:30:27 : MinTile_TileMatrix_20_chr20, Class = numeric

MinTile_TileMatrix_20_chr20: length = 1
[1] 121



2021-07-27 17:30:27 : MaxTile_TileMatrix_20_chr20, Class = numeric

MaxTile_TileMatrix_20_chr20: length = 1
[1] 128667



2021-07-27 17:30:27 : MinCell_TileMatrix_20_chr20, Class = integer

MinCell_TileMatrix_20_chr20: length = 1
[1] 1



2021-07-27 17:30:27 : MaxCell_TileMatrix_20_chr20, Class = integer

MaxCell_TileMatrix_20_chr20: length = 1
[1] 11582


2021-07-27 17:30:29 : Adding TileMatrix to PBMC_10k for Chr (21 of 23)!, 1.371 mins elapsed.

2021-07-27 17:30:29 : NTiles_TileMatrix_21_chr21, Class = numeric

NTiles_TileMatrix_21_chr21: length = 1
chr21 
93420 



2021-07-27 17:30:29 : NCells_TileMatrix_21_chr21, Class = integer

NCells_TileMatrix_21_chr21: length = 1
[1] 11582



2021-07-27 17:30:29 : MinTile_TileMatrix_21_chr21, Class = numeric

MinTile_TileMatrix_21_chr21: length = 1
[1] 10062



2021-07-27 17:30:29 : MaxTile_TileMatrix_21_chr21, Class = numeric

MaxTile_TileMatrix_21_chr21: length = 1
[1] 93400



2021-07-27 17:30:29 : MinCell_TileMatrix_21_chr21, Class = integer

MinCell_TileMatrix_21_chr21: length = 1
[1] 1



2021-07-27 17:30:29 : MaxCell_TileMatrix_21_chr21, Class = integer

MaxCell_TileMatrix_21_chr21: length = 1
[1] 11582


2021-07-27 17:30:31 : Adding TileMatrix to PBMC_10k for Chr (22 of 23)!, 1.399 mins elapsed.

2021-07-27 17:30:31 : NTiles_TileMatrix_22_chr22, Class = numeric

NTiles_TileMatrix_22_chr22: length = 1
 chr22 
101637 



2021-07-27 17:30:31 : NCells_TileMatrix_22_chr22, Class = integer

NCells_TileMatrix_22_chr22: length = 1
[1] 11582



2021-07-27 17:30:31 : MinTile_TileMatrix_22_chr22, Class = numeric

MinTile_TileMatrix_22_chr22: length = 1
[1] 21146



2021-07-27 17:30:31 : MaxTile_TileMatrix_22_chr22, Class = numeric

MaxTile_TileMatrix_22_chr22: length = 1
[1] 101617



2021-07-27 17:30:31 : MinCell_TileMatrix_22_chr22, Class = integer

MinCell_TileMatrix_22_chr22: length = 1
[1] 1



2021-07-27 17:30:31 : MaxCell_TileMatrix_22_chr22, Class = integer

MaxCell_TileMatrix_22_chr22: length = 1
[1] 11582


2021-07-27 17:30:33 : Adding TileMatrix to PBMC_10k for Chr (23 of 23)!, 1.437 mins elapsed.

2021-07-27 17:30:33 : NTiles_TileMatrix_23_chrX, Class = numeric

NTiles_TileMatrix_23_chrX: length = 1
  chrX 
312082 



2021-07-27 17:30:33 : NCells_TileMatrix_23_chrX, Class = integer

NCells_TileMatrix_23_chrX: length = 1
[1] 11582



2021-07-27 17:30:33 : MinTile_TileMatrix_23_chrX, Class = numeric

MinTile_TileMatrix_23_chrX: length = 1
[1] 21



2021-07-27 17:30:33 : MaxTile_TileMatrix_23_chrX, Class = numeric

MaxTile_TileMatrix_23_chrX: length = 1
[1] 312062



2021-07-27 17:30:33 : MinCell_TileMatrix_23_chrX, Class = integer

MinCell_TileMatrix_23_chrX: length = 1
[1] 1



2021-07-27 17:30:33 : MaxCell_TileMatrix_23_chrX, Class = integer

MaxCell_TileMatrix_23_chrX: length = 1
[1] 11582


2021-07-27 17:30:36 : (PBMC_10k : 1 of 1) Finished Adding TileMatrix!, 18.734 mins elapsed.
2021-07-27 17:30:36 : (PBMC_10k : 1 of 1) Adding GeneScoreMatrix!, 18.734 mins elapsed.


2021-07-27 17:30:36 : PBMC_10k .addGeneScoreMat geneRegions, Class = GRanges
GRanges object with 24919 ranges and 5 metadata columns:
          seqnames              ranges strand |     gene_id       symbol geneStart   geneEnd geneWeight
             <Rle>           <IRanges>  <Rle> | <character>  <character> <integer> <integer>  <numeric>
      [1]     chr1         64091-70008      + |       79501        OR4F5     69091     70008    4.40770
      [2]     chr1       139790-145339      - |      729737    LOC729737    140339    139790    4.63365
      [3]     chr1       585990-634010      - |   101928626 LOC101928626    629010    585990    1.41996
      [4]     chr1       812371-819837      + |      400728       FAM87B    817371    819837    3.70079
      [5]     chr1       820138-859446      + |      643837    LINC01128    825138    859446    1.51303
      ...      ...                 ...    ... .         ...          ...       ...       ...        ...
  [24915]     chrX 155258241-155269589      - |      116442       RAB39B 155264589 155258241    2.77696
  [24916]     chrX 155276211-155339657      - |        1193        CLIC2 155334657 155276211    1.31785
  [24917]     chrX 155375787-155381134      + |      474382       H2AFB1 155380787 155381134    4.77090
  [24918]     chrX 155377115-155383230      + |      474383         F8A2 155382115 155383230    4.29738
  [24919]     chrX 155490115-155674944      - |       55217        TMLHE 155669944 155490115    1.10911
  -------
  seqinfo: 23 sequences from hg38 genome

2021-07-27 17:30:36 : Creating Temp GeneScoreMatrix for PBMC_10k, Chr (1 of 23)!, 0 mins elapsed.
2021-07-27 17:30:36 : Creating Temp GeneScoreMatrix for PBMC_10k, Chr (2 of 23)!, 0 mins elapsed.
2021-07-27 17:30:36 : Creating Temp GeneScoreMatrix for PBMC_10k, Chr (3 of 23)!, 0 mins elapsed.
2021-07-27 17:30:36 : Creating Temp GeneScoreMatrix for PBMC_10k, Chr (4 of 23)!, 0.001 mins elapsed.
2021-07-27 17:30:55 : Creating Temp GeneScoreMatrix for PBMC_10k, Chr (5 of 23)!, 0.323 mins elapsed.
2021-07-27 17:30:59 : Creating Temp GeneScoreMatrix for PBMC_10k, Chr (6 of 23)!, 0.388 mins elapsed.
2021-07-27 17:31:14 : Creating Temp GeneScoreMatrix for PBMC_10k, Chr (7 of 23)!, 0.626 mins elapsed.
2021-07-27 17:31:16 : Creating Temp GeneScoreMatrix for PBMC_10k, Chr (8 of 23)!, 0.659 mins elapsed.
2021-07-27 17:31:28 : Creating Temp GeneScoreMatrix for PBMC_10k, Chr (9 of 23)!, 0.865 mins elapsed.
2021-07-27 17:31:31 : Creating Temp GeneScoreMatrix for PBMC_10k, Chr (10 of 23)!, 0.909 mins elapsed.
2021-07-27 17:31:33 : Creating Temp GeneScoreMatrix for PBMC_10k, Chr (11 of 23)!, 0.954 mins elapsed.
2021-07-27 17:31:34 : Creating Temp GeneScoreMatrix for PBMC_10k, Chr (12 of 23)!, 0.959 mins elapsed.
2021-07-27 17:31:43 : Creating Temp GeneScoreMatrix for PBMC_10k, Chr (13 of 23)!, 1.112 mins elapsed.
2021-07-27 17:31:45 : Creating Temp GeneScoreMatrix for PBMC_10k, Chr (14 of 23)!, 1.148 mins elapsed.
2021-07-27 17:31:55 : Creating Temp GeneScoreMatrix for PBMC_10k, Chr (15 of 23)!, 1.316 mins elapsed.
2021-07-27 17:32:01 : Creating Temp GeneScoreMatrix for PBMC_10k, Chr (17 of 23)!, 1.421 mins elapsed.
2021-07-27 17:32:01 : Creating Temp GeneScoreMatrix for PBMC_10k, Chr (16 of 23)!, 1.421 mins elapsed.
2021-07-27 17:32:07 : Creating Temp GeneScoreMatrix for PBMC_10k, Chr (18 of 23)!, 1.518 mins elapsed.
2021-07-27 17:32:09 : Creating Temp GeneScoreMatrix for PBMC_10k, Chr (19 of 23)!, 1.55 mins elapsed.
2021-07-27 17:32:21 : Creating Temp GeneScoreMatrix for PBMC_10k, Chr (20 of 23)!, 1.757 mins elapsed.
2021-07-27 17:32:22 : Creating Temp GeneScoreMatrix for PBMC_10k, Chr (21 of 23)!, 1.772 mins elapsed.
2021-07-27 17:32:27 : Creating Temp GeneScoreMatrix for PBMC_10k, Chr (22 of 23)!, 1.854 mins elapsed.
2021-07-27 17:32:32 : Creating Temp GeneScoreMatrix for PBMC_10k, Chr (23 of 23)!, 1.931 mins elapsed.

2021-07-27 17:32:41 : PBMC_10k .addGeneScoreMat FeatureDF, Class = data.frame
PBMC_10k .addGeneScoreMat FeatureDF: nRows = 24919, nCols = 6


2021-07-27 17:32:42 : Adding GeneScoreMatrix to PBMC_10k for Chr (1 of 23)!, 2.106 mins elapsed.
2021-07-27 17:32:45 : Adding GeneScoreMatrix to PBMC_10k for Chr (2 of 23)!, 2.147 mins elapsed.
2021-07-27 17:32:47 : Adding GeneScoreMatrix to PBMC_10k for Chr (3 of 23)!, 2.177 mins elapsed.
2021-07-27 17:32:48 : Adding GeneScoreMatrix to PBMC_10k for Chr (4 of 23)!, 2.206 mins elapsed.
2021-07-27 17:32:49 : Adding GeneScoreMatrix to PBMC_10k for Chr (5 of 23)!, 2.223 mins elapsed.
2021-07-27 17:32:51 : Adding GeneScoreMatrix to PBMC_10k for Chr (6 of 23)!, 2.242 mins elapsed.
2021-07-27 17:32:52 : Adding GeneScoreMatrix to PBMC_10k for Chr (7 of 23)!, 2.271 mins elapsed.
2021-07-27 17:32:53 : Adding GeneScoreMatrix to PBMC_10k for Chr (8 of 23)!, 2.29 mins elapsed.
2021-07-27 17:32:54 : Adding GeneScoreMatrix to PBMC_10k for Chr (9 of 23)!, 2.307 mins elapsed.
2021-07-27 17:32:56 : Adding GeneScoreMatrix to PBMC_10k for Chr (10 of 23)!, 2.33 mins elapsed.
2021-07-27 17:32:57 : Adding GeneScoreMatrix to PBMC_10k for Chr (11 of 23)!, 2.348 mins elapsed.
2021-07-27 17:32:58 : Adding GeneScoreMatrix to PBMC_10k for Chr (12 of 23)!, 2.371 mins elapsed.
2021-07-27 17:33:00 : Adding GeneScoreMatrix to PBMC_10k for Chr (13 of 23)!, 2.398 mins elapsed.
2021-07-27 17:33:01 : Adding GeneScoreMatrix to PBMC_10k for Chr (14 of 23)!, 2.411 mins elapsed.
2021-07-27 17:33:02 : Adding GeneScoreMatrix to PBMC_10k for Chr (15 of 23)!, 2.428 mins elapsed.
2021-07-27 17:33:03 : Adding GeneScoreMatrix to PBMC_10k for Chr (16 of 23)!, 2.449 mins elapsed.
2021-07-27 17:33:04 : Adding GeneScoreMatrix to PBMC_10k for Chr (17 of 23)!, 2.469 mins elapsed.
2021-07-27 17:33:06 : Adding GeneScoreMatrix to PBMC_10k for Chr (18 of 23)!, 2.495 mins elapsed.
2021-07-27 17:33:07 : Adding GeneScoreMatrix to PBMC_10k for Chr (19 of 23)!, 2.513 mins elapsed.
2021-07-27 17:33:08 : Adding GeneScoreMatrix to PBMC_10k for Chr (20 of 23)!, 2.54 mins elapsed.
2021-07-27 17:33:09 : Adding GeneScoreMatrix to PBMC_10k for Chr (21 of 23)!, 2.557 mins elapsed.
2021-07-27 17:33:10 : Adding GeneScoreMatrix to PBMC_10k for Chr (22 of 23)!, 2.573 mins elapsed.
2021-07-27 17:33:11 : Adding GeneScoreMatrix to PBMC_10k for Chr (23 of 23)!, 2.588 mins elapsed.
2021-07-27 17:33:13 : (PBMC_10k : 1 of 1) Finished Adding GeneScoreMatrix!, 21.352 mins elapsed.
2021-07-27 17:33:13 : (PBMC_10k : 1 of 1) Finished Creating Arrow File, 21.352 mins elapsed.

------- Completed

End Time : 2021-07-27 17:33:13
Elapsed Time Minutes = 21.3558761000633
Elapsed Time Hours = 0.355931904183494

-------



