
           ___      .______        ______  __    __  .______      
          /   \     |   _  \      /      ||  |  |  | |   _  \     
         /  ^  \    |  |_)  |    |  ,----'|  |__|  | |  |_)  |    
        /  /_\  \   |      /     |  |     |   __   | |      /     
       /  _____  \  |  |\  \\___ |  `----.|  |  |  | |  |\  \\___.
      /__/     \__\ | _| `._____| \______||__|  |__| | _| `._____|
    
Logging With ArchR!

Start Time : 2021-08-06 15:35:37

------- ArchR Info

ArchRThreads = 4

------- System Info

Computer OS = unix
Total Cores = 8

------- Session Info

R version 4.1.0 (2021-05-18)
Platform: x86_64-apple-darwin17.0 (64-bit)
Running under: macOS Big Sur 11.2.3

Matrix products: default
LAPACK: /Library/Frameworks/R.framework/Versions/4.1/Resources/lib/libRlapack.dylib

locale:
[1] en_US.UTF-8/en_US.UTF-8/en_US.UTF-8/C/en_US.UTF-8/en_US.UTF-8

attached base packages:
[1] parallel  stats4    stats     graphics  grDevices utils     datasets  methods   base     

other attached packages:
 [1] SeuratObject_4.0.2          Seurat_4.0.3                ArchR_1.0.1                 magrittr_2.0.1             
 [5] rhdf5_2.36.0                Matrix_1.3-4                data.table_1.14.0           SummarizedExperiment_1.22.0
 [9] Biobase_2.52.0              MatrixGenerics_1.4.0        matrixStats_0.60.0          ggplot2_3.3.5              
[13] GenomicRanges_1.44.0        GenomeInfoDb_1.28.1         IRanges_2.26.0              S4Vectors_0.30.0           
[17] BiocGenerics_0.38.0        

loaded via a namespace (and not attached):
  [1] plyr_1.8.6             igraph_1.2.6           lazyeval_0.2.2         splines_4.1.0          listenv_0.8.0         
  [6] scattermore_0.7        usethis_2.0.1          digest_0.6.27          htmltools_0.5.1.1      fansi_0.5.0           
 [11] memoise_2.0.0          tensor_1.5             cluster_2.1.2          ROCR_1.0-11            remotes_2.4.0         
 [16] globals_0.14.0         spatstat.sparse_2.0-0  prettyunits_1.1.1      colorspace_2.0-2       ggrepel_0.9.1         
 [21] xfun_0.24              dplyr_1.0.7            callr_3.7.0            crayon_1.4.1           RCurl_1.98-1.3        
 [26] jsonlite_1.7.2         spatstat.data_2.1-0    survival_3.2-11        zoo_1.8-9              glue_1.4.2            
 [31] polyclip_1.10-0        gtable_0.3.0           zlibbioc_1.38.0        XVector_0.32.0         leiden_0.3.9          
 [36] DelayedArray_0.18.0    pkgbuild_1.2.0         Rhdf5lib_1.14.2        future.apply_1.7.0     abind_1.4-5           
 [41] scales_1.1.1           pheatmap_1.0.12        DBI_1.1.1              miniUI_0.1.1.1         Rcpp_1.0.7            
 [46] viridisLite_0.4.0      xtable_1.8-4           reticulate_1.20        spatstat.core_2.3-0    htmlwidgets_1.5.3     
 [51] httr_1.4.2             RColorBrewer_1.1-2     ellipsis_0.3.2         ica_1.0-2              pkgconfig_2.0.3       
 [56] uwot_0.1.10            deldir_0.2-10          utf8_1.2.2             tidyselect_1.1.1       rlang_0.4.11          
 [61] reshape2_1.4.4         later_1.2.0            munsell_0.5.0          tools_4.1.0            cachem_1.0.5          
 [66] cli_3.0.1              generics_0.1.0         devtools_2.4.2         ggridges_0.5.3         evaluate_0.14         
 [71] stringr_1.4.0          fastmap_1.1.0          yaml_2.2.1             goftest_1.2-2          processx_3.5.2        
 [76] knitr_1.33             fs_1.5.0               fitdistrplus_1.1-5     purrr_0.3.4            RANN_2.6.1            
 [81] pbapply_1.4-3          future_1.21.0          nlme_3.1-152           mime_0.11              compiler_4.1.0        
 [86] plotly_4.9.4.1         png_0.1-7              testthat_3.0.4         spatstat.utils_2.2-0   tibble_3.1.3          
 [91] stringi_1.7.3          ps_1.6.0               RSpectra_0.16-0        desc_1.3.0             lattice_0.20-44       
 [96] vctrs_0.3.8            pillar_1.6.2           lifecycle_1.0.0        rhdf5filters_1.4.0     BiocManager_1.30.16   
[101] spatstat.geom_2.2-2    lmtest_0.9-38          RcppAnnoy_0.0.19       cowplot_1.1.1          bitops_1.0-7          
[106] irlba_2.3.3            httpuv_1.6.1           patchwork_1.1.1        R6_2.5.0               promises_1.2.0.1      
[111] KernSmooth_2.23-20     gridExtra_2.3          parallelly_1.27.0      sessioninfo_1.1.1      codetools_0.2-18      
[116] pkgload_1.2.1          MASS_7.3-54            assertthat_0.2.1       rprojroot_2.0.2        withr_2.4.2           
[121] sctransform_0.3.2      GenomeInfoDbData_1.2.6 mgcv_1.8-36            grid_4.1.0             rpart_4.1-15          
[126] tidyr_1.1.3            rmarkdown_2.9          Cairo_1.5-12.2         Rtsne_0.15             shiny_1.6.0           


------- Log Info


2021-08-06 15:35:37 : Input-Parameters, Class = list

Input-Parameters$ArchRProj: length = 1

Input-Parameters$embedding: length = 1
[1] "UMAP_ATAC_res0.6_iter1"


Input-Parameters$colorBy: length = 1
[1] "cellColData"


Input-Parameters$name: length = 1
[1] "Clusters_ATAC_iter1"


Input-Parameters$log2Norm: length = 0
NULL


Input-Parameters$imputeWeights: length = 0
NULL


Input-Parameters$pal: length = 0
NULL


Input-Parameters$size: length = 1
[1] 1.5


Input-Parameters$sampleCells: length = 0
NULL


Input-Parameters$highlightCells: length = 0
NULL


Input-Parameters$rastr: length = 1
[1] TRUE


Input-Parameters$quantCut: length = 2
[1] 0.01 0.99


Input-Parameters$discreteSet: length = 0
NULL


Input-Parameters$continuousSet: length = 0
NULL


Input-Parameters$randomize: length = 1
[1] TRUE


Input-Parameters$keepAxis: length = 1
[1] FALSE


Input-Parameters$baseSize: length = 1
[1] 10


Input-Parameters$plotAs: length = 0
NULL


Input-Parameters$threads: length = 1
[1] 4


Input-Parameters$logFile: length = 1
[1] "ArchRLogs/ArchR-plotEmbedding-82952c194702-Date-2021-08-06_Time-15-35-37.log"


Input-Parameters$...: length = 2


2021-08-06 15:35:37 : Getting UMAP Embedding

2021-08-06 15:35:37 : Embedding data.frame, Class = data.frame
Embedding data.frame: nRows = 10387, nCols = 2



2021-08-06 15:35:37 : ColorBy = cellColData

2021-08-06 15:35:37 : ColorParams 1, Class = list

ColorParams 1$color: length = 10387
[1] "C13" "C13" "C13" "C14" "C13" "C13"


ColorParams 1$discrete: length = 1
[1] TRUE


ColorParams 1$continuousSet: length = 1
[1] "solarExtra"


ColorParams 1$discreteSet: length = 1
[1] "stallion"


ColorParams 1$title: length = 1
[1] "UMAP_ATAC_res0.6_iter1 of LSI_ATAC_res0.6_iter1  colored by\ncolData :  Clusters_ATAC_iter1"



2021-08-06 15:35:37 : PlotParams-1, Class = list

PlotParams-1$color: length = 10387
[1] "C13" "C13" "C13" "C14" "C13" "C13"


PlotParams-1$discrete: length = 1
[1] TRUE


PlotParams-1$continuousSet: length = 1
[1] "solarExtra"


PlotParams-1$discreteSet: length = 1
[1] "stallion"


PlotParams-1$title: length = 1
[1] "UMAP_ATAC_res0.6_iter1 of LSI_ATAC_res0.6_iter1  colored by\ncolData :  Clusters_ATAC_iter1"


PlotParams-1$labelAsFactors: length = 1
[1] FALSE


PlotParams-1$labelMeans: length = 1
[1] FALSE


PlotParams-1$x: length = 10387
[1] 5.979534 5.344216 6.614047 6.175131 5.562296 5.372368


PlotParams-1$y: length = 10387
[1] 11.834962 10.739073 11.483360  8.133943  9.917843 11.488596


PlotParams-1$baseSize: length = 1
[1] 10


PlotParams-1$xlabel: length = 1
[1] "UMAP Dimension 1"


PlotParams-1$ylabel: length = 1
[1] "UMAP Dimension 2"


PlotParams-1$rastr: length = 1
[1] TRUE


PlotParams-1$size: length = 1
[1] 1.5


PlotParams-1$randomize: length = 1
[1] TRUE



------- Completed

End Time : 2021-08-06 15:35:37
Elapsed Time Minutes = 0.0122554818789164
Elapsed Time Hours = 0.000204865535100301

-------



