
           ___      .______        ______  __    __  .______      
          /   \     |   _  \      /      ||  |  |  | |   _  \     
         /  ^  \    |  |_)  |    |  ,----'|  |__|  | |  |_)  |    
        /  /_\  \   |      /     |  |     |   __   | |      /     
       /  _____  \  |  |\  \\___ |  `----.|  |  |  | |  |\  \\___.
      /__/     \__\ | _| `._____| \______||__|  |__| | _| `._____|
    
Logging With ArchR!

Start Time : 2021-07-23 16:44:39

------- ArchR Info

ArchRThreads = 4

------- System Info

Computer OS = unix
Total Cores = 8

------- Session Info

R version 4.1.0 (2021-05-18)
Platform: x86_64-apple-darwin17.0 (64-bit)
Running under: macOS Big Sur 11.2.3

Matrix products: default
LAPACK: /Library/Frameworks/R.framework/Versions/4.1/Resources/lib/libRlapack.dylib

locale:
[1] en_US.UTF-8/en_US.UTF-8/en_US.UTF-8/C/en_US.UTF-8/en_US.UTF-8

attached base packages:
[1] parallel  stats4    stats     graphics  grDevices utils     datasets  methods   base     

other attached packages:
 [1] dplyr_1.0.7                 ArchR_1.0.1                 magrittr_2.0.1             
 [4] rhdf5_2.36.0                Matrix_1.3-4                data.table_1.14.0          
 [7] SummarizedExperiment_1.22.0 Biobase_2.52.0              MatrixGenerics_1.4.0       
[10] matrixStats_0.59.0          ggplot2_3.3.5               GenomicRanges_1.44.0       
[13] GenomeInfoDb_1.28.1         IRanges_2.26.0              S4Vectors_0.30.0           
[16] BiocGenerics_0.38.0        

loaded via a namespace (and not attached):
  [1] plyr_1.8.6             igraph_1.2.6           lazyeval_0.2.2         splines_4.1.0         
  [5] listenv_0.8.0          scattermore_0.7        usethis_2.0.1          digest_0.6.27         
  [9] htmltools_0.5.1.1      fansi_0.5.0            memoise_2.0.0          tensor_1.5            
 [13] cluster_2.1.2          ROCR_1.0-11            remotes_2.4.0          globals_0.14.0        
 [17] spatstat.sparse_2.0-0  prettyunits_1.1.1      colorspace_2.0-2       ggrepel_0.9.1         
 [21] xfun_0.24              callr_3.7.0            crayon_1.4.1           RCurl_1.98-1.3        
 [25] jsonlite_1.7.2         spatstat.data_2.1-0    survival_3.2-11        zoo_1.8-9             
 [29] glue_1.4.2             polyclip_1.10-0        gtable_0.3.0           zlibbioc_1.38.0       
 [33] XVector_0.32.0         leiden_0.3.8           DelayedArray_0.18.0    pkgbuild_1.2.0        
 [37] Rhdf5lib_1.14.2        future.apply_1.7.0     abind_1.4-5            scales_1.1.1          
 [41] miniUI_0.1.1.1         Rcpp_1.0.7             viridisLite_0.4.0      xtable_1.8-4          
 [45] reticulate_1.20        spatstat.core_2.3-0    htmlwidgets_1.5.3      httr_1.4.2            
 [49] RColorBrewer_1.1-2     ellipsis_0.3.2         Seurat_4.0.3           ica_1.0-2             
 [53] farver_2.1.0           pkgconfig_2.0.3        uwot_0.1.10            deldir_0.2-10         
 [57] utf8_1.2.1             labeling_0.4.2         tidyselect_1.1.1       rlang_0.4.11          
 [61] reshape2_1.4.4         later_1.2.0            munsell_0.5.0          tools_4.1.0           
 [65] cachem_1.0.5           cli_3.0.1              generics_0.1.0         devtools_2.4.2        
 [69] ggridges_0.5.3         evaluate_0.14          stringr_1.4.0          fastmap_1.1.0         
 [73] yaml_2.2.1             goftest_1.2-2          processx_3.5.2         knitr_1.33            
 [77] fs_1.5.0               fitdistrplus_1.1-5     purrr_0.3.4            RANN_2.6.1            
 [81] pbapply_1.4-3          future_1.21.0          nlme_3.1-152           mime_0.11             
 [85] compiler_4.1.0         plotly_4.9.4.1         png_0.1-7              testthat_3.0.4        
 [89] spatstat.utils_2.2-0   tibble_3.1.2           stringi_1.7.3          ps_1.6.0              
 [93] desc_1.3.0             lattice_0.20-44        vctrs_0.3.8            pillar_1.6.1          
 [97] lifecycle_1.0.0        rhdf5filters_1.4.0     BiocManager_1.30.16    spatstat.geom_2.2-2   
[101] lmtest_0.9-38          RcppAnnoy_0.0.18       cowplot_1.1.1          bitops_1.0-7          
[105] irlba_2.3.3            httpuv_1.6.1           patchwork_1.1.1        R6_2.5.0              
[109] promises_1.2.0.1       KernSmooth_2.23-20     gridExtra_2.3          parallelly_1.27.0     
[113] sessioninfo_1.1.1      codetools_0.2-18       MASS_7.3-54            pkgload_1.2.1         
[117] rprojroot_2.0.2        withr_2.4.2            SeuratObject_4.0.2     sctransform_0.3.2     
[121] GenomeInfoDbData_1.2.6 mgcv_1.8-36            grid_4.1.0             rpart_4.1-15          
[125] tidyr_1.1.3            rmarkdown_2.9          Cairo_1.5-12.2         Rtsne_0.15            
[129] shiny_1.6.0           


------- Log Info


2021-07-23 16:44:40 : IterativeLSI Input-Parameters, Class = list

IterativeLSI Input-Parameters$ArchRProj: length = 1

IterativeLSI Input-Parameters$useMatrix: length = 1
[1] "TileMatrix"


IterativeLSI Input-Parameters$name: length = 1
[1] "IterativeLSI"


IterativeLSI Input-Parameters$iterations: length = 1
[1] 2


IterativeLSI Input-Parameters$firstSelection: length = 1
[1] "top"


IterativeLSI Input-Parameters$depthCol: length = 1
[1] "nFrags"


IterativeLSI Input-Parameters$varFeatures: length = 1
[1] 25000


IterativeLSI Input-Parameters$dimsToUse: length = 30
[1] 1 2 3 4 5 6


IterativeLSI Input-Parameters$LSIMethod: length = 1
[1] 2


IterativeLSI Input-Parameters$scaleDims: length = 1
[1] TRUE


IterativeLSI Input-Parameters$corCutOff: length = 1
[1] 0.75


IterativeLSI Input-Parameters$binarize: length = 1
[1] TRUE


IterativeLSI Input-Parameters$outlierQuantiles: length = 2
[1] 0.02 0.98


IterativeLSI Input-Parameters$filterBias: length = 1
[1] TRUE


IterativeLSI Input-Parameters$sampleCellsPre: length = 1
[1] 10000


IterativeLSI Input-Parameters$projectCellsPre: length = 1
[1] FALSE


IterativeLSI Input-Parameters$sampleCellsFinal: length = 0
NULL


IterativeLSI Input-Parameters$selectionMethod: length = 1
[1] "var"


IterativeLSI Input-Parameters$scaleTo: length = 1
[1] 10000


IterativeLSI Input-Parameters$totalFeatures: length = 1
[1] 5e+05


IterativeLSI Input-Parameters$filterQuantile: length = 1
[1] 0.995


IterativeLSI Input-Parameters$excludeChr: length = 0
NULL


IterativeLSI Input-Parameters$saveIterations: length = 1
[1] TRUE


IterativeLSI Input-Parameters$nPlot: length = 1
[1] 10000


IterativeLSI Input-Parameters$outDir: length = 1
[1] "/Users/jeongeunkim/Desktop/HARVARD/Dana_Farber_Research/HemeTutorial"


IterativeLSI Input-Parameters$threads: length = 1
[1] 4


IterativeLSI Input-Parameters$seed: length = 1
[1] 1


IterativeLSI Input-Parameters$verbose: length = 1
[1] TRUE


IterativeLSI Input-Parameters$force: length = 1
[1] FALSE


IterativeLSI Input-Parameters$logFile: length = 1
[1] "ArchRLogs/ArchR-addIterativeLSI-11701dc29dc1-Date-2021-07-23_Time-16-44-39.log"


2021-07-23 16:44:41 : Computing Total Across All Features, 0.004 mins elapsed.
2021-07-23 16:44:43 : Computing Top Features, 0.039 mins elapsed.
###########
2021-07-23 16:44:45 : Running LSI (1 of 2) on Top Features, 0.082 mins elapsed.
###########
2021-07-23 16:44:45 : Sampling Cells (N = 10001) for Estimated LSI, 0.083 mins elapsed.
2021-07-23 16:44:45 : Creating Sampled Partial Matrix, 0.083 mins elapsed.
2021-07-23 16:44:53 : Computing Estimated LSI (projectAll = FALSE), 0.205 mins elapsed.

2021-07-23 16:44:53 : LSI Parameters, Class = list

LSI Parameters$: length = 1
                       
1 function (name)      
2 .Internal(args(name))


LSI Parameters$mat: nRows = 25000, nCols = 10001
LSI Parameters$mat: NonZeroEntries = 12091295, EntryRange = [ 1 , 1 ]
5 x 5 sparse Matrix of class "dgCMatrix"
     scATAC_BMMC_R1#AAACGAAAGCACGTAG-1 scATAC_BMMC_R1#AAACGAAAGGCCAGTA-1 scATAC_BMMC_R1#AAACGAAAGGTTGTTC-1
[1,]                                 .                                 .                                 .
[2,]                                 .                                 .                                 .
[3,]                                 .                                 .                                 .
[4,]                                 1                                 .                                 .
[5,]                                 .                                 .                                 .
     scATAC_BMMC_R1#AAACGAAGTCTGCGCA-1 scATAC_BMMC_R1#AAACGAAGTGATGCTT-1
[1,]                                 .                                 .
[2,]                                 .                                 .
[3,]                                 .                                 .
[4,]                                 .                                 .
[5,]                                 .                                 .


LSI Parameters$LSIMethod: length = 1
[1] 2


LSI Parameters$scaleTo: length = 1
[1] 10000


LSI Parameters$nDimensions: length = 1
[1] 30


LSI Parameters$binarize: length = 1
[1] TRUE


LSI Parameters$outlierQuantiles: length = 2
[1] 0.02 0.98


LSI Parameters$seed: length = 1
[1] 1


LSI Parameters$verbose: length = 1
[1] FALSE


LSI Parameters$tstart: length = 1
[1] "2021-07-23 16:44:40 EDT"


LSI Parameters$logFile: length = 1
[1] "ArchRLogs/ArchR-addIterativeLSI-11701dc29dc1-Date-2021-07-23_Time-16-44-39.log"


2021-07-23 16:44:53 : Running LSI, Input Matrix = 0.146 GB, 0.208 mins elapsed.
2021-07-23 16:44:53 : Binarizing Matrix, 0.208 mins elapsed.
2021-07-23 16:44:53 : Computing Term Frequency, 0.209 mins elapsed.
2021-07-23 16:44:53 : Filtering Outliers Based On Counts, 0.21 mins elapsed.
2021-07-23 16:44:53 : Removing 0 Sum Rows, 0.212 mins elapsed.
2021-07-23 16:44:53 : Computing Inverse Document Frequency, 0.216 mins elapsed.
2021-07-23 16:44:54 : Computing SVD using irlba, 0.225 mins elapsed.
2021-07-23 16:45:08 : Projecting Outliers with LSI-Projection (Granja* et al 2019), 0.466 mins elapsed.

2021-07-23 16:45:08 : LSI-Projection Parameters, Class = list

LSI-Projection Parameters$: length = 1
                       
1 function (name)      
2 .Internal(args(name))


LSI-Projection Parameters$mat: nRows = 25000, nCols = 10
LSI-Projection Parameters$mat: NonZeroEntries = 8948, EntryRange = [ 1 , 1 ]
5 x 5 sparse Matrix of class "dgCMatrix"
     scATAC_BMMC_R1#AAACGAAAGCACGTAG-1 scATAC_BMMC_R1#AAACGAAAGGTTGTTC-1 scATAC_BMMC_R1#AAACGAAGTCTGCGCA-1
[1,]                                 .                                 .                                 .
[2,]                                 .                                 .                                 .
[3,]                                 .                                 .                                 .
[4,]                                 1                                 .                                 .
[5,]                                 .                                 .                                 .
     scATAC_BMMC_R1#AAACGAAGTGATGCTT-1 scATAC_BMMC_R1#AAACGAAGTTGAAGCG-1
[1,]                                 .                                 .
[2,]                                 .                                 .
[3,]                                 .                                 .
[4,]                                 .                                 .
[5,]                                 .                                 .


LSI-Projection Parameters$matSVD: nRows = 9596, nCols = 30
                                       LSI1      LSI2       LSI3      LSI4       LSI5
scATAC_BMMC_R1#AAACGAAAGCACGTAG-1 -17.02543  1.592480 -3.6831212  7.729600  0.6035714
scATAC_BMMC_R1#AAACGAAAGGTTGTTC-1 -22.03400  2.571333 -0.9019576  6.845589 -2.3723483
scATAC_BMMC_R1#AAACGAAGTCTGCGCA-1 -49.40551 11.360268  3.6300553 -3.154997  1.5884720
scATAC_BMMC_R1#AAACGAAGTGATGCTT-1 -28.14936  4.605759 -0.3594614  8.401452 -0.3598719
scATAC_BMMC_R1#AAACGAAGTTGAAGCG-1 -21.15015  7.637036  1.2715721  2.230208  4.7787936


LSI-Projection Parameters$returnModel: length = 1
[1] FALSE


LSI-Projection Parameters$verbose: length = 1
[1] FALSE


LSI-Projection Parameters$tstart: length = 0
NULL


LSI-Projection Parameters$logFile: length = 1
[1] "ArchRLogs/ArchR-addIterativeLSI-11701dc29dc1-Date-2021-07-23_Time-16-44-39.log"


2021-07-23 16:45:08 : Projecting LSI, Input Matrix = 0 GB, 0 mins elapsed.
2021-07-23 16:45:08 : Subsetting by Non-Zero features in inital Matrix, 0 mins elapsed.
2021-07-23 16:45:08 : Binarizing Matrix, 0 mins elapsed.
2021-07-23 16:45:08 : Computing Term Frequency, 0 mins elapsed.
2021-07-23 16:45:08 : Computing Inverse Document Frequency, 0 mins elapsed.
2021-07-23 16:45:08 : Computing TF-IDF Matrix, 0 mins elapsed.
2021-07-23 16:45:09 : Calculating V Matrix, 0.005 mins elapsed.
2021-07-23 16:45:09 : Computing Projected Coordinates, 0.006 mins elapsed.

2021-07-23 16:45:09 : LSI-Projection Parameters, Class = list

LSI-Projection Parameters$: length = 1
                       
1 function (name)      
2 .Internal(args(name))


LSI-Projection Parameters$mat: nRows = 25000, nCols = 405
LSI-Projection Parameters$mat: NonZeroEntries = 873887, EntryRange = [ 1 , 1 ]
5 x 5 sparse Matrix of class "dgCMatrix"
     scATAC_BMMC_R1#AAACGAAAGGCCAGTA-1 scATAC_BMMC_R1#AAACTCGAGTTTACGC-1 scATAC_BMMC_R1#AACCGATCACTCGGAC-1
[1,]                                 .                                 .                                 .
[2,]                                 .                                 .                                 .
[3,]                                 .                                 .                                 .
[4,]                                 .                                 .                                 .
[5,]                                 .                                 .                                 .
     scATAC_BMMC_R1#AACCTGATCGAACCGC-1 scATAC_BMMC_R1#AAGGAGCCAGTAACCT-1
[1,]                                 .                                 .
[2,]                                 .                                 .
[3,]                                 .                                 .
[4,]                                 .                                 .
[5,]                                 .                                 .


LSI-Projection Parameters$matSVD: nRows = 9596, nCols = 30
                                       LSI1      LSI2       LSI3      LSI4       LSI5
scATAC_BMMC_R1#AAACGAAAGCACGTAG-1 -17.02543  1.592480 -3.6831212  7.729600  0.6035714
scATAC_BMMC_R1#AAACGAAAGGTTGTTC-1 -22.03400  2.571333 -0.9019576  6.845589 -2.3723483
scATAC_BMMC_R1#AAACGAAGTCTGCGCA-1 -49.40551 11.360268  3.6300553 -3.154997  1.5884720
scATAC_BMMC_R1#AAACGAAGTGATGCTT-1 -28.14936  4.605759 -0.3594614  8.401452 -0.3598719
scATAC_BMMC_R1#AAACGAAGTTGAAGCG-1 -21.15015  7.637036  1.2715721  2.230208  4.7787936


LSI-Projection Parameters$returnModel: length = 1
[1] FALSE


LSI-Projection Parameters$verbose: length = 1
[1] FALSE


LSI-Projection Parameters$tstart: length = 0
NULL


LSI-Projection Parameters$logFile: length = 1
[1] "ArchRLogs/ArchR-addIterativeLSI-11701dc29dc1-Date-2021-07-23_Time-16-44-39.log"


2021-07-23 16:45:09 : Projecting LSI, Input Matrix = 0.011 GB, 0 mins elapsed.
2021-07-23 16:45:09 : Subsetting by Non-Zero features in inital Matrix, 0 mins elapsed.
2021-07-23 16:45:09 : Binarizing Matrix, 0 mins elapsed.
2021-07-23 16:45:09 : Computing Term Frequency, 0 mins elapsed.
2021-07-23 16:45:09 : Computing Inverse Document Frequency, 0.001 mins elapsed.
2021-07-23 16:45:09 : Computing TF-IDF Matrix, 0.001 mins elapsed.
2021-07-23 16:45:09 : Calculating V Matrix, 0.006 mins elapsed.
2021-07-23 16:45:09 : Computing Projected Coordinates, 0.007 mins elapsed.
2021-07-23 16:45:09 : Finished LSI (TF-IDF SVD) using irlba, 0.479 mins elapsed.

2021-07-23 16:45:10 : outLSI-1, Class = SimpleList

outLSI-1$matSVD: nRows = 10001, nCols = 30
                                       LSI1      LSI2       LSI3      LSI4       LSI5
scATAC_BMMC_R1#AAACGAAAGCACGTAG-1 -17.02543  1.592480 -3.6831212  7.729600  0.6035714
scATAC_BMMC_R1#AAACGAAAGGCCAGTA-1 -12.65153 -3.901507  1.4565521  1.134352  1.4332868
scATAC_BMMC_R1#AAACGAAAGGTTGTTC-1 -22.03400  2.571333 -0.9019576  6.845589 -2.3723483
scATAC_BMMC_R1#AAACGAAGTCTGCGCA-1 -49.40551 11.360268  3.6300553 -3.154997  1.5884720
scATAC_BMMC_R1#AAACGAAGTGATGCTT-1 -28.14936  4.605759 -0.3594614  8.401452 -0.3598719


outLSI-1$rowSm: length = 25000
[1] 382 288 540 253 531 468


outLSI-1$nCol: length = 1
[1] 9596


outLSI-1$exclude: length = 0
NULL


outLSI-1$idx: length = 25000
[1] 1 2 3 4 5 6


outLSI-1$u: nRows = 25000, nCols = 30
             [,1]         [,2]          [,3]         [,4]          [,5]
[1,] -0.005607684  0.002463158  0.0072494291 -0.005593203 -0.0129446384
[2,] -0.004433076  0.001766181 -0.0012784739 -0.003318637 -0.0026430218
[3,] -0.007257900  0.001079158  0.0043407403 -0.001216083 -0.0028043725
[4,] -0.003866393 -0.003021392 -0.0005766727 -0.002431122  0.0022858357
[5,] -0.007163269  0.003021281  0.0019731394 -0.001654249  0.0006513028


outLSI-1$v: nRows = 9596, nCols = 30
             [,1]        [,2]          [,3]         [,4]          [,5]
[1,] -0.004145569 0.001557826 -0.0047553951  0.016558073  0.0015213424
[2,] -0.005365119 0.002515377 -0.0011645462  0.014664376 -0.0059796642
[3,] -0.012029883 0.011113052  0.0046868800 -0.006758521  0.0040038510
[4,] -0.006854164 0.004505531 -0.0004641121  0.017997289 -0.0009070813
[5,] -0.005149907 0.007470842  0.0016417672  0.004777473  0.0120452720


outLSI-1$binarize: length = 1
[1] TRUE


outLSI-1$scaleTo: length = 1
[1] 10000


outLSI-1$nDimensions: length = 1
[1] 30


outLSI-1$LSIMethod: length = 1
[1] 2


outLSI-1$outliers: length = 405
[1] "scATAC_BMMC_R1#AAACGAAAGGCCAGTA-1" "scATAC_BMMC_R1#AAACTCGAGTTTACGC-1"
[3] "scATAC_BMMC_R1#AACCGATCACTCGGAC-1" "scATAC_BMMC_R1#AACCTGATCGAACCGC-1"
[5] "scATAC_BMMC_R1#AAGGAGCCAGTAACCT-1" "scATAC_BMMC_R1#ACCAAACCACACGGTC-1"


outLSI-1$date: length = 1
[1] "2021-07-23"


outLSI-1$seed: length = 1
[1] 1


outLSI-1$scaleDims: length = 1
[1] TRUE


outLSI-1$useMatrix: length = 1
[1] "TileMatrix"


outLSI-1$tileSize: length = 1
[1] 500



2021-07-23 16:45:10 : Cluster Params, Class = list

Cluster Params$: length = 1
                       
1 function (name)      
2 .Internal(args(name))


Cluster Params$matSVD: nRows = 10001, nCols = 30
                                       LSI1      LSI2       LSI3      LSI4       LSI5
scATAC_BMMC_R1#AAACGAAAGCACGTAG-1 -17.02543  1.592480 -3.6831212  7.729600  0.6035714
scATAC_BMMC_R1#AAACGAAAGGCCAGTA-1 -12.65153 -3.901507  1.4565521  1.134352  1.4332868
scATAC_BMMC_R1#AAACGAAAGGTTGTTC-1 -22.03400  2.571333 -0.9019576  6.845589 -2.3723483
scATAC_BMMC_R1#AAACGAAGTCTGCGCA-1 -49.40551 11.360268  3.6300553 -3.154997  1.5884720
scATAC_BMMC_R1#AAACGAAGTGATGCTT-1 -28.14936  4.605759 -0.3594614  8.401452 -0.3598719


Cluster Params$corCutOff: length = 1
[1] 0.75


Cluster Params$dimsToUse: length = 30
[1] 1 2 3 4 5 6


Cluster Params$scaleDims: length = 1
[1] TRUE


Cluster Params$verbose: length = 1
[1] TRUE


Cluster Params$j: length = 1
[1] 1


Cluster Params$filterBias: length = 1
[1] TRUE


Cluster Params$cellNames: length = 10250
[1] "scATAC_BMMC_R1#TTATGTCAGTGATTAG-1" "scATAC_BMMC_R1#AAGATAGTCACCGCGA-1"
[3] "scATAC_BMMC_R1#GCATTGAAGATTCCGT-1" "scATAC_BMMC_R1#TATGTTCAGGGTTCCC-1"
[5] "scATAC_BMMC_R1#AGTTACGAGAACGTCG-1" "scATAC_BMMC_R1#TTACTCAGTTCGGGAA-1"


Cluster Params$cellDepth: length = 10250
scATAC_BMMC_R1#TTATGTCAGTGATTAG-1 scATAC_BMMC_R1#AAGATAGTCACCGCGA-1 scATAC_BMMC_R1#GCATTGAAGATTCCGT-1 
                         4.418135                          4.314899                          4.278571 
scATAC_BMMC_R1#TATGTTCAGGGTTCCC-1 scATAC_BMMC_R1#AGTTACGAGAACGTCG-1 scATAC_BMMC_R1#TTACTCAGTTCGGGAA-1 
                         4.262380                          4.233250                          4.228529 


Cluster Params$tstart: length = 1
[1] "2021-07-23 16:44:40 EDT"


Cluster Params$logFile: length = 1
[1] "ArchRLogs/ArchR-addIterativeLSI-11701dc29dc1-Date-2021-07-23_Time-16-44-39.log"


2021-07-23 16:45:10 : Identifying Clusters, 0.5 mins elapsed.

2021-07-23 16:45:11 : addClusters Input-Parameters, Class = list

addClusters Input-Parameters$: length = 1
                       
1 function (name)      
2 .Internal(args(name))


addClusters Input-Parameters$input: nRows = 10001, nCols = 30
                                       LSI1       LSI2        LSI3        LSI4       LSI5
scATAC_BMMC_R1#AAACGAAAGCACGTAG-1 -4.462113  0.4926070 -0.91137018  2.12585708  0.2294322
scATAC_BMMC_R1#AAACGAAAGGCCAGTA-1 -4.778595 -1.3678830  0.72066066  0.59506887  0.7115920
scATAC_BMMC_R1#AAACGAAAGGTTGTTC-1 -4.662378  0.6424920 -0.10634392  1.56401449 -0.4233578
scATAC_BMMC_R1#AAACGAAGTCTGCGCA-1 -4.926357  1.4178727  0.61080253 -0.09758846  0.3976517
scATAC_BMMC_R1#AAACGAAGTGATGCTT-1 -4.726800  0.8706125  0.02212273  1.51924583  0.0220526


addClusters Input-Parameters$reducedDims: length = 1
[1] "IterativeLSI"


addClusters Input-Parameters$name: length = 1
[1] "Clusters"


addClusters Input-Parameters$sampleCells: length = 1
[1] 10000


addClusters Input-Parameters$seed: length = 1
[1] 1


addClusters Input-Parameters$method: length = 1
[1] "Seurat"


addClusters Input-Parameters$dimsToUse: length = 0
NULL


addClusters Input-Parameters$scaleDims: length = 0
NULL


addClusters Input-Parameters$corCutOff: length = 1
[1] 0.75


addClusters Input-Parameters$knnAssign: length = 1
[1] 10


addClusters Input-Parameters$nOutlier: length = 1
[1] 5


addClusters Input-Parameters$maxClusters: length = 1
[1] 25


addClusters Input-Parameters$testBias: length = 1
[1] TRUE


addClusters Input-Parameters$filterBias: length = 1
[1] TRUE


addClusters Input-Parameters$biasClusters: length = 1
[1] 0.01


addClusters Input-Parameters$biasCol: length = 1
[1] "nFrags"


addClusters Input-Parameters$biasVals: length = 10001
[1] 3.192010 3.102777 3.220892 3.534280 3.383815 3.190612


addClusters Input-Parameters$biasQuantiles: length = 2
[1] 0.05 0.95


addClusters Input-Parameters$biasEnrich: length = 1
[1] 10


addClusters Input-Parameters$biasProportion: length = 1
[1] 0.5


addClusters Input-Parameters$biasPval: length = 1
[1] 0.05


addClusters Input-Parameters$nPerm: length = 1
[1] 500


addClusters Input-Parameters$prefix: length = 1
[1] "C"


addClusters Input-Parameters$ArchRProj: length = 0
NULL


addClusters Input-Parameters$verbose: length = 1
[1] FALSE


addClusters Input-Parameters$tstart: length = 0
NULL


addClusters Input-Parameters$force: length = 1
[1] FALSE


addClusters Input-Parameters$logFile: length = 1
[1] "ArchRLogs/ArchR-addIterativeLSI-11701dc29dc1-Date-2021-07-23_Time-16-44-39.log"


addClusters Input-Parameters$...: length = 2

2021-07-23 16:45:11 : Estimating Clusters by Sampling, 0 mins elapsed.
2021-07-23 16:45:11 : Running Seurats FindClusters (Stuart et al. Cell 2019), 0 mins elapsed.
2021-07-23 16:45:27 : Finding Nearest Clusters, 0.274 mins elapsed.
2021-07-23 16:45:27 : Assigning Nearest Clusters, 0.277 mins elapsed.
2021-07-23 16:45:28 : Testing Outlier Clusters, 0.286 mins elapsed.
2021-07-23 16:45:28 : Assigning Cluster Names to 5 Clusters, 0.286 mins elapsed.
2021-07-23 16:45:28 : Finished addClusters, 0.287 mins elapsed.
2021-07-23 16:45:28 : Identified 5 Clusters, 0.787 mins elapsed.

2021-07-23 16:45:28 : clusterDF-1, Class = DFrame
DataFrame with 10001 rows and 2 columns
                   cellNames    clusters
                 <character> <character>
1     scATAC_BMMC_R1#AAACG..          C4
2     scATAC_BMMC_R1#AAACG..          C1
3     scATAC_BMMC_R1#AAACG..          C4
4     scATAC_BMMC_R1#AAACG..          C2
5     scATAC_BMMC_R1#AAACG..          C4
...                      ...         ...
9997  scATAC_PBMC_R1#TTTGG..          C4
9998  scATAC_PBMC_R1#TTTGG..          C1
9999  scATAC_PBMC_R1#TTTGT..          C1
10000 scATAC_PBMC_R1#TTTGT..          C2
10001 scATAC_PBMC_R1#TTTGT..          C2

2021-07-23 16:45:28 : Saving LSI Iteration, 0.788 mins elapsed.

2021-07-23 16:45:28 : Save iteration, Class = list

Save iteration$: length = 1
                       
1 function (name)      
2 .Internal(args(name))


Save iteration$matSVD: nRows = 10001, nCols = 30
                                       LSI1      LSI2       LSI3      LSI4       LSI5
scATAC_BMMC_R1#AAACGAAAGCACGTAG-1 -17.02543  1.592480 -3.6831212  7.729600  0.6035714
scATAC_BMMC_R1#AAACGAAAGGCCAGTA-1 -12.65153 -3.901507  1.4565521  1.134352  1.4332868
scATAC_BMMC_R1#AAACGAAAGGTTGTTC-1 -22.03400  2.571333 -0.9019576  6.845589 -2.3723483
scATAC_BMMC_R1#AAACGAAGTCTGCGCA-1 -49.40551 11.360268  3.6300553 -3.154997  1.5884720
scATAC_BMMC_R1#AAACGAAGTGATGCTT-1 -28.14936  4.605759 -0.3594614  8.401452 -0.3598719


Save iteration$clusters: length = 10001
[1] "C4" "C1" "C4" "C2" "C4" "C2"


Save iteration$nPlot: length = 1
[1] 10000


Save iteration$ArchRProj: length = 1

Save iteration$scaleDims: length = 1
[1] TRUE


Save iteration$corCutOff: length = 1
[1] 0.75


Save iteration$dimsToUse: length = 30
[1] 1 2 3 4 5 6


Save iteration$j: length = 1
[1] 1


Save iteration$threads: length = 1
[1] 4


Save iteration$outDir: length = 1
[1] "/Users/jeongeunkim/Desktop/HARVARD/Dana_Farber_Research/HemeTutorial/IterativeLSI"


Save iteration$logFile: length = 1
[1] "ArchRLogs/ArchR-addIterativeLSI-11701dc29dc1-Date-2021-07-23_Time-16-44-39.log"


2021-07-23 16:45:39 : Creating Cluster Matrix on the total Group Features, 0.98 mins elapsed.
2021-07-23 16:46:14 : Computing Variable Features, 1.555 mins elapsed.
###########
2021-07-23 16:46:14 : Running LSI (2 of 2) on Variable Features, 1.558 mins elapsed.
###########
2021-07-23 16:46:14 : Creating Partial Matrix, 1.558 mins elapsed.
2021-07-23 16:46:21 : Computing LSI, 1.678 mins elapsed.

2021-07-23 16:46:21 : LSI Parameters, Class = list

LSI Parameters$: length = 1
                       
1 function (name)      
2 .Internal(args(name))


LSI Parameters$mat: nRows = 25000, nCols = 10250
LSI Parameters$mat: NonZeroEntries = 11034644, EntryRange = [ 1 , 1 ]
5 x 5 sparse Matrix of class "dgCMatrix"
     scATAC_BMMC_R1#TTATGTCAGTGATTAG-1 scATAC_BMMC_R1#AAGATAGTCACCGCGA-1 scATAC_BMMC_R1#GCATTGAAGATTCCGT-1
[1,]                                 .                                 .                                 .
[2,]                                 .                                 .                                 .
[3,]                                 .                                 .                                 .
[4,]                                 .                                 .                                 .
[5,]                                 .                                 .                                 .
     scATAC_BMMC_R1#TATGTTCAGGGTTCCC-1 scATAC_BMMC_R1#AGTTACGAGAACGTCG-1
[1,]                                 .                                 .
[2,]                                 .                                 .
[3,]                                 .                                 .
[4,]                                 .                                 .
[5,]                                 .                                 .


LSI Parameters$LSIMethod: length = 1
[1] 2


LSI Parameters$scaleTo: length = 1
[1] 10000


LSI Parameters$nDimensions: length = 1
[1] 30


LSI Parameters$binarize: length = 1
[1] TRUE


LSI Parameters$outlierQuantiles: length = 2
[1] 0.02 0.98


LSI Parameters$seed: length = 1
[1] 1


LSI Parameters$verbose: length = 1
[1] FALSE


LSI Parameters$tstart: length = 1
[1] "2021-07-23 16:44:40 EDT"


LSI Parameters$logFile: length = 1
[1] "ArchRLogs/ArchR-addIterativeLSI-11701dc29dc1-Date-2021-07-23_Time-16-44-39.log"


2021-07-23 16:46:21 : Running LSI, Input Matrix = 0.134 GB, 1.68 mins elapsed.
2021-07-23 16:46:21 : Binarizing Matrix, 1.68 mins elapsed.
2021-07-23 16:46:21 : Computing Term Frequency, 1.681 mins elapsed.
2021-07-23 16:46:21 : Filtering Outliers Based On Counts, 1.682 mins elapsed.
2021-07-23 16:46:22 : Removing 0 Sum Rows, 1.684 mins elapsed.
2021-07-23 16:46:22 : Computing Inverse Document Frequency, 1.687 mins elapsed.
2021-07-23 16:46:22 : Computing SVD using irlba, 1.697 mins elapsed.
2021-07-23 16:46:35 : Projecting Outliers with LSI-Projection (Granja* et al 2019), 1.909 mins elapsed.

2021-07-23 16:46:35 : LSI-Projection Parameters, Class = list

LSI-Projection Parameters$: length = 1
                       
1 function (name)      
2 .Internal(args(name))


LSI-Projection Parameters$mat: nRows = 25000, nCols = 10
LSI-Projection Parameters$mat: NonZeroEntries = 16088, EntryRange = [ 1 , 1 ]
5 x 5 sparse Matrix of class "dgCMatrix"
     scATAC_BMMC_R1#TTATGTCAGTGATTAG-1 scATAC_BMMC_R1#AAGATAGTCACCGCGA-1 scATAC_BMMC_R1#GCATTGAAGATTCCGT-1
[1,]                                 .                                 .                                 .
[2,]                                 .                                 .                                 .
[3,]                                 .                                 .                                 .
[4,]                                 .                                 .                                 .
[5,]                                 .                                 .                                 .
     scATAC_BMMC_R1#TATGTTCAGGGTTCCC-1 scATAC_BMMC_R1#AGTTACGAGAACGTCG-1
[1,]                                 .                                 .
[2,]                                 .                                 .
[3,]                                 .                                 .
[4,]                                 .                                 .
[5,]                                 .                                 .


LSI-Projection Parameters$matSVD: nRows = 9837, nCols = 30
                                       LSI1       LSI2      LSI3       LSI4        LSI5
scATAC_BMMC_R1#TTATGTCAGTGATTAG-1 -64.59207 -0.3477233 -3.517293 10.0715672 -6.98800358
scATAC_BMMC_R1#AAGATAGTCACCGCGA-1 -58.09255 -9.5873774  3.157846  5.3222703  3.34419888
scATAC_BMMC_R1#GCATTGAAGATTCCGT-1 -26.55989 -2.2131622 -5.620074 13.6845023 -3.93049039
scATAC_BMMC_R1#TATGTTCAGGGTTCCC-1 -49.19424 -6.3450346 -4.249726  8.0332809  0.63336249
scATAC_BMMC_R1#AGTTACGAGAACGTCG-1 -70.57538 12.1749486 -1.510888 -0.6946037 -0.05242774


LSI-Projection Parameters$returnModel: length = 1
[1] FALSE


LSI-Projection Parameters$verbose: length = 1
[1] FALSE


LSI-Projection Parameters$tstart: length = 0
NULL


LSI-Projection Parameters$logFile: length = 1
[1] "ArchRLogs/ArchR-addIterativeLSI-11701dc29dc1-Date-2021-07-23_Time-16-44-39.log"


2021-07-23 16:46:35 : Projecting LSI, Input Matrix = 0 GB, 0 mins elapsed.
2021-07-23 16:46:35 : Subsetting by Non-Zero features in inital Matrix, 0 mins elapsed.
2021-07-23 16:46:35 : Binarizing Matrix, 0 mins elapsed.
2021-07-23 16:46:35 : Computing Term Frequency, 0 mins elapsed.
2021-07-23 16:46:35 : Computing Inverse Document Frequency, 0 mins elapsed.
2021-07-23 16:46:35 : Computing TF-IDF Matrix, 0 mins elapsed.
2021-07-23 16:46:35 : Calculating V Matrix, 0.006 mins elapsed.
2021-07-23 16:46:35 : Computing Projected Coordinates, 0.006 mins elapsed.

2021-07-23 16:46:35 : LSI-Projection Parameters, Class = list

LSI-Projection Parameters$: length = 1
                       
1 function (name)      
2 .Internal(args(name))


LSI-Projection Parameters$mat: nRows = 25000, nCols = 413
LSI-Projection Parameters$mat: NonZeroEntries = 780589, EntryRange = [ 1 , 1 ]
5 x 5 sparse Matrix of class "dgCMatrix"
     scATAC_BMMC_R1#TTACTCAGTTCGGGAA-1 scATAC_BMMC_R1#GACTAGTGTGATAAGT-1 scATAC_BMMC_R1#GCTCACTTCCAACAAC-1
[1,]                                 1                                 .                                 .
[2,]                                 .                                 .                                 .
[3,]                                 .                                 .                                 .
[4,]                                 .                                 .                                 .
[5,]                                 1                                 .                                 .
     scATAC_BMMC_R1#GCTGTTCAGATGTTCC-1 scATAC_BMMC_R1#GTTCAAGAGGTACACG-1
[1,]                                 .                                 1
[2,]                                 .                                 .
[3,]                                 .                                 1
[4,]                                 .                                 .
[5,]                                 .                                 .


LSI-Projection Parameters$matSVD: nRows = 9837, nCols = 30
                                       LSI1       LSI2      LSI3       LSI4        LSI5
scATAC_BMMC_R1#TTATGTCAGTGATTAG-1 -64.59207 -0.3477233 -3.517293 10.0715672 -6.98800358
scATAC_BMMC_R1#AAGATAGTCACCGCGA-1 -58.09255 -9.5873774  3.157846  5.3222703  3.34419888
scATAC_BMMC_R1#GCATTGAAGATTCCGT-1 -26.55989 -2.2131622 -5.620074 13.6845023 -3.93049039
scATAC_BMMC_R1#TATGTTCAGGGTTCCC-1 -49.19424 -6.3450346 -4.249726  8.0332809  0.63336249
scATAC_BMMC_R1#AGTTACGAGAACGTCG-1 -70.57538 12.1749486 -1.510888 -0.6946037 -0.05242774


LSI-Projection Parameters$returnModel: length = 1
[1] FALSE


LSI-Projection Parameters$verbose: length = 1
[1] FALSE


LSI-Projection Parameters$tstart: length = 0
NULL


LSI-Projection Parameters$logFile: length = 1
[1] "ArchRLogs/ArchR-addIterativeLSI-11701dc29dc1-Date-2021-07-23_Time-16-44-39.log"


2021-07-23 16:46:35 : Projecting LSI, Input Matrix = 0.009 GB, 0 mins elapsed.
2021-07-23 16:46:35 : Subsetting by Non-Zero features in inital Matrix, 0 mins elapsed.
2021-07-23 16:46:35 : Binarizing Matrix, 0 mins elapsed.
2021-07-23 16:46:35 : Computing Term Frequency, 0 mins elapsed.
2021-07-23 16:46:35 : Computing Inverse Document Frequency, 0.001 mins elapsed.
2021-07-23 16:46:35 : Computing TF-IDF Matrix, 0.001 mins elapsed.
2021-07-23 16:46:36 : Calculating V Matrix, 0.006 mins elapsed.
2021-07-23 16:46:36 : Computing Projected Coordinates, 0.007 mins elapsed.
2021-07-23 16:46:36 : Finished LSI (TF-IDF SVD) using irlba, 1.922 mins elapsed.

2021-07-23 16:46:36 : outLSI-2, Class = SimpleList

outLSI-2$matSVD: nRows = 10250, nCols = 30
                                       LSI1       LSI2      LSI3       LSI4        LSI5
scATAC_BMMC_R1#TTATGTCAGTGATTAG-1 -64.59207 -0.3477233 -3.517293 10.0715672 -6.98800358
scATAC_BMMC_R1#AAGATAGTCACCGCGA-1 -58.09255 -9.5873774  3.157846  5.3222703  3.34419888
scATAC_BMMC_R1#GCATTGAAGATTCCGT-1 -26.55989 -2.2131622 -5.620074 13.6845023 -3.93049039
scATAC_BMMC_R1#TATGTTCAGGGTTCCC-1 -49.19424 -6.3450346 -4.249726  8.0332809  0.63336249
scATAC_BMMC_R1#AGTTACGAGAACGTCG-1 -70.57538 12.1749486 -1.510888 -0.6946037 -0.05242774


outLSI-2$rowSm: length = 25000
[1] 388 212 546 291 388 347


outLSI-2$nCol: length = 1
[1] 9837


outLSI-2$exclude: length = 0
NULL


outLSI-2$idx: length = 25000
[1] 1 2 3 4 5 6


outLSI-2$u: nRows = 25000, nCols = 30
             [,1]         [,2]         [,3]         [,4]         [,5]
[1,] -0.005655599 -0.001706986  0.006108328 -0.001090613 -0.003292086
[2,] -0.003149421  0.001460334 -0.012543120 -0.006445581 -0.002802501
[3,] -0.007283482 -0.002611875  0.002024522 -0.001471471  0.001994229
[4,] -0.004223466 -0.001651742 -0.005708986  0.001495211 -0.002914318
[5,] -0.005400776 -0.005300890 -0.005083536  0.002202223 -0.004647965


outLSI-2$v: nRows = 9837, nCols = 30
             [,1]          [,2]         [,3]         [,4]          [,5]
[1,] -0.015344301 -0.0002708418 -0.003518148  0.014578483 -0.0144934623
[2,] -0.013800294 -0.0074676136  0.003158615  0.007703928  0.0069360326
[3,] -0.006309488 -0.0017238333 -0.005621441  0.019808167 -0.0081520299
[4,] -0.011686437 -0.0049421510 -0.004250760  0.011628086  0.0013136249
[5,] -0.016765678  0.0094830743 -0.001511256 -0.001005431 -0.0001087377


outLSI-2$binarize: length = 1
[1] TRUE


outLSI-2$scaleTo: length = 1
[1] 10000


outLSI-2$nDimensions: length = 1
[1] 30


outLSI-2$LSIMethod: length = 1
[1] 2


outLSI-2$outliers: length = 413
[1] "scATAC_BMMC_R1#TTACTCAGTTCGGGAA-1" "scATAC_BMMC_R1#GACTAGTGTGATAAGT-1"
[3] "scATAC_BMMC_R1#GCTCACTTCCAACAAC-1" "scATAC_BMMC_R1#GCTGTTCAGATGTTCC-1"
[5] "scATAC_BMMC_R1#GTTCAAGAGGTACACG-1" "scATAC_BMMC_R1#GATCATGGTACCCACG-1"


outLSI-2$date: length = 1
[1] "2021-07-23"


outLSI-2$seed: length = 1
[1] 1


outLSI-2$scaleDims: length = 1
[1] TRUE


outLSI-2$useMatrix: length = 1
[1] "TileMatrix"


outLSI-2$tileSize: length = 1
[1] 500


2021-07-23 16:46:37 : Finished Running IterativeLSI, 1.942 mins elapsed.
