
           ___      .______        ______  __    __  .______      
          /   \     |   _  \      /      ||  |  |  | |   _  \     
         /  ^  \    |  |_)  |    |  ,----'|  |__|  | |  |_)  |    
        /  /_\  \   |      /     |  |     |   __   | |      /     
       /  _____  \  |  |\  \\___ |  `----.|  |  |  | |  |\  \\___.
      /__/     \__\ | _| `._____| \______||__|  |__| | _| `._____|
    
Logging With ArchR!

Start Time : 2021-08-06 16:02:04

------- ArchR Info

ArchRThreads = 4

------- System Info

Computer OS = unix
Total Cores = 8

------- Session Info

R version 4.1.0 (2021-05-18)
Platform: x86_64-apple-darwin17.0 (64-bit)
Running under: macOS Big Sur 11.2.3

Matrix products: default
LAPACK: /Library/Frameworks/R.framework/Versions/4.1/Resources/lib/libRlapack.dylib

locale:
[1] en_US.UTF-8/en_US.UTF-8/en_US.UTF-8/C/en_US.UTF-8/en_US.UTF-8

attached base packages:
 [1] grid      parallel  stats4    stats     graphics  grDevices utils     datasets  methods   base     

other attached packages:
 [1] gridExtra_2.3               uwot_0.1.10                 nabor_0.5.0                 SeuratObject_4.0.2          Seurat_4.0.3               
 [6] ArchR_1.0.1                 magrittr_2.0.1              rhdf5_2.36.0                Matrix_1.3-4                data.table_1.14.0          
[11] SummarizedExperiment_1.22.0 Biobase_2.52.0              MatrixGenerics_1.4.0        matrixStats_0.60.0          ggplot2_3.3.5              
[16] GenomicRanges_1.44.0        GenomeInfoDb_1.28.1         IRanges_2.26.0              S4Vectors_0.30.0            BiocGenerics_0.38.0        

loaded via a namespace (and not attached):
  [1] plyr_1.8.6             igraph_1.2.6           lazyeval_0.2.2         splines_4.1.0          listenv_0.8.0          scattermore_0.7       
  [7] usethis_2.0.1          digest_0.6.27          htmltools_0.5.1.1      fansi_0.5.0            memoise_2.0.0          tensor_1.5            
 [13] cluster_2.1.2          ROCR_1.0-11            remotes_2.4.0          globals_0.14.0         spatstat.sparse_2.0-0  prettyunits_1.1.1     
 [19] colorspace_2.0-2       ggrepel_0.9.1          xfun_0.24              dplyr_1.0.7            callr_3.7.0            crayon_1.4.1          
 [25] RCurl_1.98-1.3         jsonlite_1.7.2         spatstat.data_2.1-0    survival_3.2-11        zoo_1.8-9              glue_1.4.2            
 [31] polyclip_1.10-0        gtable_0.3.0           zlibbioc_1.38.0        XVector_0.32.0         leiden_0.3.9           DelayedArray_0.18.0   
 [37] pkgbuild_1.2.0         Rhdf5lib_1.14.2        future.apply_1.7.0     abind_1.4-5            scales_1.1.1           pheatmap_1.0.12       
 [43] DBI_1.1.1              miniUI_0.1.1.1         Rcpp_1.0.7             viridisLite_0.4.0      xtable_1.8-4           reticulate_1.20       
 [49] spatstat.core_2.3-0    htmlwidgets_1.5.3      httr_1.4.2             RColorBrewer_1.1-2     ellipsis_0.3.2         ica_1.0-2             
 [55] farver_2.1.0           pkgconfig_2.0.3        deldir_0.2-10          utf8_1.2.2             labeling_0.4.2         tidyselect_1.1.1      
 [61] rlang_0.4.11           reshape2_1.4.4         later_1.2.0            munsell_0.5.0          tools_4.1.0            cachem_1.0.5          
 [67] cli_3.0.1              generics_0.1.0         devtools_2.4.2         ggridges_0.5.3         evaluate_0.14          stringr_1.4.0         
 [73] fastmap_1.1.0          yaml_2.2.1             goftest_1.2-2          processx_3.5.2         knitr_1.33             fs_1.5.0              
 [79] fitdistrplus_1.1-5     purrr_0.3.4            RANN_2.6.1             pbapply_1.4-3          future_1.21.0          nlme_3.1-152          
 [85] mime_0.11              rstudioapi_0.13        compiler_4.1.0         plotly_4.9.4.1         png_0.1-7              testthat_3.0.4        
 [91] spatstat.utils_2.2-0   tibble_3.1.3           stringi_1.7.3          ps_1.6.0               RSpectra_0.16-0        desc_1.3.0            
 [97] lattice_0.20-44        vctrs_0.3.8            pillar_1.6.2           lifecycle_1.0.0        rhdf5filters_1.4.0     BiocManager_1.30.16   
[103] spatstat.geom_2.2-2    lmtest_0.9-38          RcppAnnoy_0.0.19       cowplot_1.1.1          bitops_1.0-7           irlba_2.3.3           
[109] httpuv_1.6.1           patchwork_1.1.1        R6_2.5.0               promises_1.2.0.1       KernSmooth_2.23-20     parallelly_1.27.0     
[115] sessioninfo_1.1.1      codetools_0.2-18       gtools_3.9.2           pkgload_1.2.1          MASS_7.3-54            assertthat_0.2.1      
[121] rprojroot_2.0.2        withr_2.4.2            sctransform_0.3.2      GenomeInfoDbData_1.2.6 mgcv_1.8-36            rpart_4.1-15          
[127] tidyr_1.1.3            rmarkdown_2.9          Cairo_1.5-12.2         Rtsne_0.15             shiny_1.6.0           


------- Log Info


2021-08-06 16:02:04 : IterativeLSI Input-Parameters, Class = list

IterativeLSI Input-Parameters$ArchRProj: length = 1

IterativeLSI Input-Parameters$useMatrix: length = 1
[1] "TileMatrix"


IterativeLSI Input-Parameters$name: length = 1
[1] "LSI_ATAC_save_iters_3"


IterativeLSI Input-Parameters$iterations: length = 1
[1] 3


IterativeLSI Input-Parameters$firstSelection: length = 1
[1] "top"


IterativeLSI Input-Parameters$depthCol: length = 1
[1] "nFrags"


IterativeLSI Input-Parameters$varFeatures: length = 1
[1] 25000


IterativeLSI Input-Parameters$dimsToUse: length = 30
[1] 1 2 3 4 5 6


IterativeLSI Input-Parameters$LSIMethod: length = 1
[1] 2


IterativeLSI Input-Parameters$scaleDims: length = 1
[1] TRUE


IterativeLSI Input-Parameters$corCutOff: length = 1
[1] 0.75


IterativeLSI Input-Parameters$binarize: length = 1
[1] TRUE


IterativeLSI Input-Parameters$outlierQuantiles: length = 2
[1] 0.02 0.98


IterativeLSI Input-Parameters$filterBias: length = 1
[1] TRUE


IterativeLSI Input-Parameters$sampleCellsPre: length = 1
[1] 10000


IterativeLSI Input-Parameters$projectCellsPre: length = 1
[1] FALSE


IterativeLSI Input-Parameters$sampleCellsFinal: length = 0
NULL


IterativeLSI Input-Parameters$selectionMethod: length = 1
[1] "var"


IterativeLSI Input-Parameters$scaleTo: length = 1
[1] 10000


IterativeLSI Input-Parameters$totalFeatures: length = 1
[1] 5e+05


IterativeLSI Input-Parameters$filterQuantile: length = 1
[1] 0.995


IterativeLSI Input-Parameters$excludeChr: length = 0
NULL


IterativeLSI Input-Parameters$saveIterations: length = 1
[1] TRUE


IterativeLSI Input-Parameters$nPlot: length = 1
[1] 10000


IterativeLSI Input-Parameters$outDir: length = 1
[1] "/Users/jeongeunkim/Desktop/HARVARD/Dana_Farber_Research/Save-Projfilter2"


IterativeLSI Input-Parameters$threads: length = 1
[1] 4


IterativeLSI Input-Parameters$seed: length = 1
[1] 1


IterativeLSI Input-Parameters$verbose: length = 1
[1] TRUE


IterativeLSI Input-Parameters$force: length = 1
[1] FALSE


IterativeLSI Input-Parameters$logFile: length = 1
[1] "ArchRLogs/ArchR-addIterativeLSI-8295387d9dd1-Date-2021-08-06_Time-16-02-04.log"


2021-08-06 16:02:05 : Computing Total Across All Features, 0.003 mins elapsed.
2021-08-06 16:02:07 : Computing Top Features, 0.046 mins elapsed.
###########
2021-08-06 16:02:09 : Running LSI (1 of 3) on Top Features, 0.077 mins elapsed.
###########
2021-08-06 16:02:09 : Sampling Cells (N = 10000) for Estimated LSI, 0.077 mins elapsed.
2021-08-06 16:02:09 : Creating Sampled Partial Matrix, 0.077 mins elapsed.
2021-08-06 16:02:43 : Computing Estimated LSI (projectAll = FALSE), 0.639 mins elapsed.

2021-08-06 16:02:43 : LSI Parameters, Class = list

LSI Parameters$: length = 1
                       
1 function (name)      
2 .Internal(args(name))


LSI Parameters$mat: nRows = 25000, nCols = 10000
LSI Parameters$mat: NonZeroEntries = 48301116, EntryRange = [ 1 , 1 ]
5 x 5 sparse Matrix of class "dgCMatrix"
     PBMC_10k#AAACAGCCAAGGAATC-1 PBMC_10k#AAACAGCCAATCCCTT-1 PBMC_10k#AAACAGCCAATGCGCT-1 PBMC_10k#AAACAGCCACCAACCG-1 PBMC_10k#AAACAGCCAGTAGGTG-1
[1,]                           .                           .                           .                           .                           1
[2,]                           .                           1                           .                           .                           1
[3,]                           1                           .                           .                           .                           1
[4,]                           .                           .                           .                           1                           1
[5,]                           1                           .                           .                           1                           1


LSI Parameters$LSIMethod: length = 1
[1] 2


LSI Parameters$scaleTo: length = 1
[1] 10000


LSI Parameters$nDimensions: length = 1
[1] 30


LSI Parameters$binarize: length = 1
[1] TRUE


LSI Parameters$outlierQuantiles: length = 2
[1] 0.02 0.98


LSI Parameters$seed: length = 1
[1] 1


LSI Parameters$verbose: length = 1
[1] FALSE


LSI Parameters$tstart: length = 1
[1] "2021-08-06 16:02:05 EDT"


LSI Parameters$logFile: length = 1
[1] "ArchRLogs/ArchR-addIterativeLSI-8295387d9dd1-Date-2021-08-06_Time-16-02-04.log"


2021-08-06 16:02:43 : Running LSI, Input Matrix = 0.581 GB, 0.647 mins elapsed.
2021-08-06 16:02:43 : Binarizing Matrix, 0.647 mins elapsed.
2021-08-06 16:02:44 : Computing Term Frequency, 0.657 mins elapsed.
2021-08-06 16:02:44 : Filtering Outliers Based On Counts, 0.659 mins elapsed.
2021-08-06 16:02:45 : Removing 0 Sum Rows, 0.673 mins elapsed.
2021-08-06 16:02:47 : Computing Inverse Document Frequency, 0.7 mins elapsed.
2021-08-06 16:02:50 : Computing SVD using irlba, 0.751 mins elapsed.
2021-08-06 16:03:23 : Projecting Outliers with LSI-Projection (Granja* et al 2019), 1.304 mins elapsed.

2021-08-06 16:03:23 : LSI-Projection Parameters, Class = list

LSI-Projection Parameters$: length = 1
                       
1 function (name)      
2 .Internal(args(name))


LSI-Projection Parameters$mat: nRows = 25000, nCols = 10
LSI-Projection Parameters$mat: NonZeroEntries = 48770, EntryRange = [ 1 , 1 ]
5 x 5 sparse Matrix of class "dgCMatrix"
     PBMC_10k#AAACAGCCAATCCCTT-1 PBMC_10k#AAACAGCCAATGCGCT-1 PBMC_10k#AAACAGCCACCAACCG-1 PBMC_10k#AAACAGCCAGTAGGTG-1 PBMC_10k#AAACAGCCAGTTTACG-1
[1,]                           .                           .                           .                           1                           .
[2,]                           1                           .                           .                           1                           .
[3,]                           .                           .                           .                           1                           .
[4,]                           .                           .                           1                           1                           .
[5,]                           .                           .                           1                           1                           1


LSI-Projection Parameters$matSVD: nRows = 9600, nCols = 30
                                  LSI1      LSI2      LSI3       LSI4       LSI5
PBMC_10k#AAACAGCCAATCCCTT-1  -80.22151 -13.88951  2.845368 -4.1185553  -5.255961
PBMC_10k#AAACAGCCAATGCGCT-1  -68.01339 -13.71343 -5.931370  2.6125060   2.860558
PBMC_10k#AAACAGCCACCAACCG-1  -43.03785 -10.10167 -3.067047  0.1563207   2.635904
PBMC_10k#AAACAGCCAGTAGGTG-1 -107.97079 -22.67962 -3.101336  1.8942050   2.248176
PBMC_10k#AAACAGCCAGTTTACG-1  -79.67770 -13.17610 -3.066464 -1.0716253 -11.096655


LSI-Projection Parameters$returnModel: length = 1
[1] FALSE


LSI-Projection Parameters$verbose: length = 1
[1] FALSE


LSI-Projection Parameters$tstart: length = 0
NULL


LSI-Projection Parameters$logFile: length = 1
[1] "ArchRLogs/ArchR-addIterativeLSI-8295387d9dd1-Date-2021-08-06_Time-16-02-04.log"


2021-08-06 16:03:23 : Projecting LSI, Input Matrix = 0.001 GB, 0 mins elapsed.
2021-08-06 16:03:23 : Subsetting by Non-Zero features in inital Matrix, 0 mins elapsed.
2021-08-06 16:03:23 : Binarizing Matrix, 0 mins elapsed.
2021-08-06 16:03:23 : Computing Term Frequency, 0 mins elapsed.
2021-08-06 16:03:23 : Computing Inverse Document Frequency, 0 mins elapsed.
2021-08-06 16:03:23 : Computing TF-IDF Matrix, 0 mins elapsed.
2021-08-06 16:03:23 : Calculating V Matrix, 0.007 mins elapsed.
2021-08-06 16:03:23 : Computing Projected Coordinates, 0.007 mins elapsed.

2021-08-06 16:03:23 : LSI-Projection Parameters, Class = list

LSI-Projection Parameters$: length = 1
                       
1 function (name)      
2 .Internal(args(name))


LSI-Projection Parameters$mat: nRows = 25000, nCols = 400
LSI-Projection Parameters$mat: NonZeroEntries = 2369884, EntryRange = [ 1 , 1 ]
5 x 5 sparse Matrix of class "dgCMatrix"
     PBMC_10k#AAACAGCCAAGGAATC-1 PBMC_10k#AAACCAACACTAAGAA-1 PBMC_10k#AAAGCAAGTGTAATAC-1 PBMC_10k#AAAGCAAGTTAACGGC-1 PBMC_10k#AAAGCCGCATTAAGCT-1
[1,]                           .                           1                           .                           .                           .
[2,]                           .                           1                           .                           .                           .
[3,]                           1                           1                           .                           .                           .
[4,]                           .                           .                           .                           .                           .
[5,]                           1                           .                           .                           .                           .


LSI-Projection Parameters$matSVD: nRows = 9600, nCols = 30
                                  LSI1      LSI2      LSI3       LSI4       LSI5
PBMC_10k#AAACAGCCAATCCCTT-1  -80.22151 -13.88951  2.845368 -4.1185553  -5.255961
PBMC_10k#AAACAGCCAATGCGCT-1  -68.01339 -13.71343 -5.931370  2.6125060   2.860558
PBMC_10k#AAACAGCCACCAACCG-1  -43.03785 -10.10167 -3.067047  0.1563207   2.635904
PBMC_10k#AAACAGCCAGTAGGTG-1 -107.97079 -22.67962 -3.101336  1.8942050   2.248176
PBMC_10k#AAACAGCCAGTTTACG-1  -79.67770 -13.17610 -3.066464 -1.0716253 -11.096655


LSI-Projection Parameters$returnModel: length = 1
[1] FALSE


LSI-Projection Parameters$verbose: length = 1
[1] FALSE


LSI-Projection Parameters$tstart: length = 0
NULL


LSI-Projection Parameters$logFile: length = 1
[1] "ArchRLogs/ArchR-addIterativeLSI-8295387d9dd1-Date-2021-08-06_Time-16-02-04.log"


2021-08-06 16:03:23 : Projecting LSI, Input Matrix = 0.028 GB, 0 mins elapsed.
2021-08-06 16:03:23 : Subsetting by Non-Zero features in inital Matrix, 0 mins elapsed.
2021-08-06 16:03:23 : Binarizing Matrix, 0 mins elapsed.
2021-08-06 16:03:23 : Computing Term Frequency, 0.001 mins elapsed.
2021-08-06 16:03:23 : Computing Inverse Document Frequency, 0.001 mins elapsed.
2021-08-06 16:03:23 : Computing TF-IDF Matrix, 0.001 mins elapsed.
2021-08-06 16:03:24 : Calculating V Matrix, 0.008 mins elapsed.
2021-08-06 16:03:24 : Computing Projected Coordinates, 0.009 mins elapsed.
2021-08-06 16:03:24 : Finished LSI (TF-IDF SVD) using irlba, 1.321 mins elapsed.

2021-08-06 16:03:25 : outLSI-1, Class = SimpleList

outLSI-1$matSVD: nRows = 10000, nCols = 30
                                  LSI1      LSI2      LSI3       LSI4      LSI5
PBMC_10k#AAACAGCCAAGGAATC-1 -122.55625 -25.90962 -9.813168  5.0033528  5.658874
PBMC_10k#AAACAGCCAATCCCTT-1  -80.22151 -13.88951  2.845368 -4.1185553 -5.255961
PBMC_10k#AAACAGCCAATGCGCT-1  -68.01339 -13.71343 -5.931370  2.6125060  2.860558
PBMC_10k#AAACAGCCACCAACCG-1  -43.03785 -10.10167 -3.067047  0.1563207  2.635904
PBMC_10k#AAACAGCCAGTAGGTG-1 -107.97079 -22.67962 -3.101336  1.8942050  2.248176


outLSI-1$rowSm: length = 25000
[1] 1401 1606 1173 1417 2473 1310


outLSI-1$nCol: length = 1
[1] 9600


outLSI-1$exclude: length = 0
NULL


outLSI-1$idx: length = 25000
[1] 1 2 3 4 5 6


outLSI-1$u: nRows = 25000, nCols = 30
             [,1]         [,2]          [,3]          [,4]          [,5]
[1,] -0.005299990  0.002554861  0.0073362958 -0.0056122652  0.0016485461
[2,] -0.005799981  0.001732151  0.0042287471 -0.0045505302  0.0005805787
[3,] -0.004772264 -0.003801901 -0.0009647875  0.0082120333 -0.0035440431
[4,] -0.005374915 -0.003228693 -0.0031141891  0.0007022051  0.0016044024
[5,] -0.007559967 -0.002524445 -0.0008556932 -0.0027003585  0.0028792283


outLSI-1$v: nRows = 9600, nCols = 30
             [,1]         [,2]         [,3]          [,4]         [,5]
[1,] -0.010864177 -0.007262469  0.003921952 -0.0059892183 -0.012095429
[2,] -0.009210865 -0.007170397 -0.008175585  0.0037991158  0.006582941
[3,] -0.005828497 -0.005281904 -0.004227507  0.0002273221  0.006065948
[4,] -0.014622184 -0.011858591 -0.004274769  0.0027545599  0.005173678
[5,] -0.010790530 -0.006889444 -0.004226703 -0.0015583615 -0.025536490


outLSI-1$binarize: length = 1
[1] TRUE


outLSI-1$scaleTo: length = 1
[1] 10000


outLSI-1$nDimensions: length = 1
[1] 30


outLSI-1$LSIMethod: length = 1
[1] 2


outLSI-1$outliers: length = 400
[1] "PBMC_10k#AAACAGCCAAGGAATC-1" "PBMC_10k#AAACCAACACTAAGAA-1" "PBMC_10k#AAAGCAAGTGTAATAC-1" "PBMC_10k#AAAGCAAGTTAACGGC-1"
[5] "PBMC_10k#AAAGCCGCATTAAGCT-1" "PBMC_10k#AAAGGTTAGGTTACGT-1"


outLSI-1$date: length = 1
[1] "2021-08-06"


outLSI-1$seed: length = 1
[1] 1


outLSI-1$scaleDims: length = 1
[1] TRUE


outLSI-1$useMatrix: length = 1
[1] "TileMatrix"


outLSI-1$tileSize: length = 1
[1] 500



2021-08-06 16:03:25 : Cluster Params, Class = list

Cluster Params$: length = 1
                       
1 function (name)      
2 .Internal(args(name))


Cluster Params$matSVD: nRows = 10000, nCols = 30
                                  LSI1      LSI2      LSI3       LSI4      LSI5
PBMC_10k#AAACAGCCAAGGAATC-1 -122.55625 -25.90962 -9.813168  5.0033528  5.658874
PBMC_10k#AAACAGCCAATCCCTT-1  -80.22151 -13.88951  2.845368 -4.1185553 -5.255961
PBMC_10k#AAACAGCCAATGCGCT-1  -68.01339 -13.71343 -5.931370  2.6125060  2.860558
PBMC_10k#AAACAGCCACCAACCG-1  -43.03785 -10.10167 -3.067047  0.1563207  2.635904
PBMC_10k#AAACAGCCAGTAGGTG-1 -107.97079 -22.67962 -3.101336  1.8942050  2.248176


Cluster Params$corCutOff: length = 1
[1] 0.75


Cluster Params$dimsToUse: length = 30
[1] 1 2 3 4 5 6


Cluster Params$scaleDims: length = 1
[1] TRUE


Cluster Params$verbose: length = 1
[1] TRUE


Cluster Params$j: length = 1
[1] 1


Cluster Params$filterBias: length = 1
[1] TRUE


Cluster Params$cellNames: length = 10387
[1] "PBMC_10k#TAGCTAGGTTTGGGTA-1" "PBMC_10k#TTGGAGGCAGGCTTCG-1" "PBMC_10k#CATAGACTCCCTGGAA-1" "PBMC_10k#GGTGAGTAGGCGTAAA-1"
[5] "PBMC_10k#ATTTGCAAGCCGCAAC-1" "PBMC_10k#TATAGGTGTCATCAAG-1"


Cluster Params$cellDepth: length = 10387
PBMC_10k#TAGCTAGGTTTGGGTA-1 PBMC_10k#TTGGAGGCAGGCTTCG-1 PBMC_10k#CATAGACTCCCTGGAA-1 PBMC_10k#GGTGAGTAGGCGTAAA-1 PBMC_10k#ATTTGCAAGCCGCAAC-1 
                   4.941149                    4.940940                    4.911387                    4.907879                    4.898369 
PBMC_10k#TATAGGTGTCATCAAG-1 
                   4.898237 


Cluster Params$tstart: length = 1
[1] "2021-08-06 16:02:05 EDT"


Cluster Params$logFile: length = 1
[1] "ArchRLogs/ArchR-addIterativeLSI-8295387d9dd1-Date-2021-08-06_Time-16-02-04.log"


2021-08-06 16:03:25 : Identifying Clusters, 1.344 mins elapsed.

2021-08-06 16:03:25 : addClusters Input-Parameters, Class = list

addClusters Input-Parameters$: length = 1
                       
1 function (name)      
2 .Internal(args(name))


addClusters Input-Parameters$input: nRows = 10000, nCols = 30
                                 LSI1       LSI2        LSI3        LSI4       LSI5
PBMC_10k#AAACAGCCAAGGAATC-1 -5.137558 -0.9204172 -0.21805415  0.42845940  0.4570628
PBMC_10k#AAACAGCCAATCCCTT-1 -5.120224 -0.7147006  0.39676779 -0.06574999 -0.1412922
PBMC_10k#AAACAGCCAATGCGCT-1 -5.063559 -0.8659310 -0.26434347  0.39613599  0.4153115
PBMC_10k#AAACAGCCACCAACCG-1 -4.979959 -0.9880672 -0.13546497  0.25520981  0.5557373
PBMC_10k#AAACAGCCAGTAGGTG-1 -5.137160 -0.9431604  0.01955756  0.26520195  0.2826077


addClusters Input-Parameters$reducedDims: length = 1
[1] "IterativeLSI"


addClusters Input-Parameters$name: length = 1
[1] "Clusters"


addClusters Input-Parameters$sampleCells: length = 1
[1] 10000


addClusters Input-Parameters$seed: length = 1
[1] 1


addClusters Input-Parameters$method: length = 1
[1] "Seurat"


addClusters Input-Parameters$dimsToUse: length = 0
NULL


addClusters Input-Parameters$scaleDims: length = 0
NULL


addClusters Input-Parameters$corCutOff: length = 1
[1] 0.75


addClusters Input-Parameters$knnAssign: length = 1
[1] 10


addClusters Input-Parameters$nOutlier: length = 1
[1] 5


addClusters Input-Parameters$maxClusters: length = 1
[1] 25


addClusters Input-Parameters$testBias: length = 1
[1] TRUE


addClusters Input-Parameters$filterBias: length = 1
[1] TRUE


addClusters Input-Parameters$biasClusters: length = 1
[1] 0.01


addClusters Input-Parameters$biasCol: length = 1
[1] "nFrags"


addClusters Input-Parameters$biasVals: length = 10000
[1] 4.550607 4.127623 4.050612 3.710371 4.415824 4.109612


addClusters Input-Parameters$biasQuantiles: length = 2
[1] 0.05 0.95


addClusters Input-Parameters$biasEnrich: length = 1
[1] 10


addClusters Input-Parameters$biasProportion: length = 1
[1] 0.5


addClusters Input-Parameters$biasPval: length = 1
[1] 0.05


addClusters Input-Parameters$nPerm: length = 1
[1] 500


addClusters Input-Parameters$prefix: length = 1
[1] "C"


addClusters Input-Parameters$ArchRProj: length = 0
NULL


addClusters Input-Parameters$verbose: length = 1
[1] FALSE


addClusters Input-Parameters$tstart: length = 0
NULL


addClusters Input-Parameters$force: length = 1
[1] FALSE


addClusters Input-Parameters$logFile: length = 1
[1] "ArchRLogs/ArchR-addIterativeLSI-8295387d9dd1-Date-2021-08-06_Time-16-02-04.log"


addClusters Input-Parameters$...: length = 2

2021-08-06 16:03:25 : Running Seurats FindClusters (Stuart et al. Cell 2019), 0 mins elapsed.
2021-08-06 16:03:42 : Testing Biased Clusters, 0.283 mins elapsed.
2021-08-06 16:03:42 : Assigning Biased Clusters (n = 1) to Neighbors, 0.284 mins elapsed.
2021-08-06 16:03:42 : Testing Outlier Clusters, 0.285 mins elapsed.
2021-08-06 16:03:42 : Assigning Cluster Names to 14 Clusters, 0.285 mins elapsed.
2021-08-06 16:03:42 : Finished addClusters, 0.286 mins elapsed.
2021-08-06 16:03:42 : Identified 14 Clusters, 1.631 mins elapsed.

2021-08-06 16:03:42 : clusterDF-1, Class = DFrame
DataFrame with 10000 rows and 2 columns
                   cellNames    clusters
                 <character> <character>
1     PBMC_10k#AAACAGCCAAG..         C10
2     PBMC_10k#AAACAGCCAAT..          C9
3     PBMC_10k#AAACAGCCAAT..         C11
4     PBMC_10k#AAACAGCCACC..         C10
5     PBMC_10k#AAACAGCCAGT..         C10
...                      ...         ...
9996  PBMC_10k#TTTGTTGGTGA..         C10
9997  PBMC_10k#TTTGTTGGTGT..         C10
9998  PBMC_10k#TTTGTTGGTTA..          C7
9999  PBMC_10k#TTTGTTGGTTG..          C9
10000 PBMC_10k#TTTGTTGGTTT..          C9

2021-08-06 16:03:42 : Saving LSI Iteration, 1.631 mins elapsed.

2021-08-06 16:03:42 : Save iteration, Class = list

Save iteration$: length = 1
                       
1 function (name)      
2 .Internal(args(name))


Save iteration$matSVD: nRows = 10000, nCols = 30
                                  LSI1      LSI2      LSI3       LSI4      LSI5
PBMC_10k#AAACAGCCAAGGAATC-1 -122.55625 -25.90962 -9.813168  5.0033528  5.658874
PBMC_10k#AAACAGCCAATCCCTT-1  -80.22151 -13.88951  2.845368 -4.1185553 -5.255961
PBMC_10k#AAACAGCCAATGCGCT-1  -68.01339 -13.71343 -5.931370  2.6125060  2.860558
PBMC_10k#AAACAGCCACCAACCG-1  -43.03785 -10.10167 -3.067047  0.1563207  2.635904
PBMC_10k#AAACAGCCAGTAGGTG-1 -107.97079 -22.67962 -3.101336  1.8942050  2.248176


Save iteration$clusters: length = 10000
[1] "C10" "C9"  "C11" "C10" "C10" "C9" 


Save iteration$nPlot: length = 1
[1] 10000


Save iteration$ArchRProj: length = 1

Save iteration$scaleDims: length = 1
[1] TRUE


Save iteration$corCutOff: length = 1
[1] 0.75


Save iteration$dimsToUse: length = 30
[1] 1 2 3 4 5 6


Save iteration$j: length = 1
[1] 1


Save iteration$threads: length = 1
[1] 4


Save iteration$outDir: length = 1
[1] "/Users/jeongeunkim/Desktop/HARVARD/Dana_Farber_Research/Save-Projfilter2/LSI_ATAC_save_iters_3"


Save iteration$logFile: length = 1
[1] "ArchRLogs/ArchR-addIterativeLSI-8295387d9dd1-Date-2021-08-06_Time-16-02-04.log"


2021-08-06 16:03:54 : Creating Cluster Matrix on the total Group Features, 1.824 mins elapsed.
2021-08-06 16:05:17 : Computing Variable Features, 3.209 mins elapsed.
###########
2021-08-06 16:05:18 : Running LSI (2 of 3) on Variable Features, 3.215 mins elapsed.
###########
2021-08-06 16:05:18 : Sampling Cells (N = 10000) for Estimated LSI, 3.216 mins elapsed.
2021-08-06 16:05:18 : Creating Sampled Partial Matrix, 3.216 mins elapsed.
2021-08-06 16:05:44 : Computing Estimated LSI (projectAll = FALSE), 3.651 mins elapsed.

2021-08-06 16:05:44 : LSI Parameters, Class = list

LSI Parameters$: length = 1
                       
1 function (name)      
2 .Internal(args(name))


LSI Parameters$mat: nRows = 25000, nCols = 10000
LSI Parameters$mat: NonZeroEntries = 36604163, EntryRange = [ 1 , 1 ]
5 x 5 sparse Matrix of class "dgCMatrix"
     PBMC_10k#AAACAGCCAAGGAATC-1 PBMC_10k#AAACAGCCAATCCCTT-1 PBMC_10k#AAACAGCCAATGCGCT-1 PBMC_10k#AAACAGCCACCAACCG-1 PBMC_10k#AAACAGCCAGGATAAC-1
[1,]                           .                           .                           1                           .                           .
[2,]                           .                           .                           1                           .                           .
[3,]                           1                           .                           1                           .                           .
[4,]                           1                           .                           .                           .                           1
[5,]                           1                           .                           .                           .                           .


LSI Parameters$LSIMethod: length = 1
[1] 2


LSI Parameters$scaleTo: length = 1
[1] 10000


LSI Parameters$nDimensions: length = 1
[1] 30


LSI Parameters$binarize: length = 1
[1] TRUE


LSI Parameters$outlierQuantiles: length = 2
[1] 0.02 0.98


LSI Parameters$seed: length = 1
[1] 1


LSI Parameters$verbose: length = 1
[1] FALSE


LSI Parameters$tstart: length = 1
[1] "2021-08-06 16:02:05 EDT"


LSI Parameters$logFile: length = 1
[1] "ArchRLogs/ArchR-addIterativeLSI-8295387d9dd1-Date-2021-08-06_Time-16-02-04.log"


2021-08-06 16:05:44 : Running LSI, Input Matrix = 0.44 GB, 3.657 mins elapsed.
2021-08-06 16:05:44 : Binarizing Matrix, 3.657 mins elapsed.
2021-08-06 16:05:44 : Computing Term Frequency, 3.662 mins elapsed.
2021-08-06 16:05:44 : Filtering Outliers Based On Counts, 3.663 mins elapsed.
2021-08-06 16:05:45 : Removing 0 Sum Rows, 3.672 mins elapsed.
2021-08-06 16:05:46 : Computing Inverse Document Frequency, 3.69 mins elapsed.
2021-08-06 16:05:47 : Computing SVD using irlba, 3.711 mins elapsed.
2021-08-06 16:06:01 : Projecting Outliers with LSI-Projection (Granja* et al 2019), 3.935 mins elapsed.

2021-08-06 16:06:01 : LSI-Projection Parameters, Class = list

LSI-Projection Parameters$: length = 1
                       
1 function (name)      
2 .Internal(args(name))


LSI-Projection Parameters$mat: nRows = 25000, nCols = 10
LSI-Projection Parameters$mat: NonZeroEntries = 33136, EntryRange = [ 1 , 1 ]
5 x 5 sparse Matrix of class "dgCMatrix"
     PBMC_10k#AAACAGCCAATCCCTT-1 PBMC_10k#AAACAGCCAATGCGCT-1 PBMC_10k#AAACAGCCACCAACCG-1 PBMC_10k#AAACAGCCAGGATAAC-1 PBMC_10k#AAACAGCCAGTAGGTG-1
[1,]                           .                           1                           .                           .                           .
[2,]                           .                           1                           .                           .                           .
[3,]                           .                           1                           .                           .                           1
[4,]                           .                           .                           .                           1                           1
[5,]                           .                           .                           .                           .                           1


LSI-Projection Parameters$matSVD: nRows = 9600, nCols = 30
                                  LSI1     LSI2     LSI3      LSI4       LSI5
PBMC_10k#AAACAGCCAATCCCTT-1  -75.75474 23.20654 4.796401 -3.305414 -1.0169274
PBMC_10k#AAACAGCCAATGCGCT-1  -63.33173 20.19263 4.307986  9.989442  2.9216761
PBMC_10k#AAACAGCCACCAACCG-1  -39.52426 13.33165 2.796934  4.618290  1.5052155
PBMC_10k#AAACAGCCAGGATAAC-1  -50.67172 17.54239 4.287837 10.075909  0.5112163
PBMC_10k#AAACAGCCAGTAGGTG-1 -100.44878 35.27300 6.074970  7.277678  2.5540831


LSI-Projection Parameters$returnModel: length = 1
[1] FALSE


LSI-Projection Parameters$verbose: length = 1
[1] FALSE


LSI-Projection Parameters$tstart: length = 0
NULL


LSI-Projection Parameters$logFile: length = 1
[1] "ArchRLogs/ArchR-addIterativeLSI-8295387d9dd1-Date-2021-08-06_Time-16-02-04.log"


2021-08-06 16:06:01 : Projecting LSI, Input Matrix = 0 GB, 0 mins elapsed.
2021-08-06 16:06:01 : Subsetting by Non-Zero features in inital Matrix, 0 mins elapsed.
2021-08-06 16:06:01 : Binarizing Matrix, 0 mins elapsed.
2021-08-06 16:06:01 : Computing Term Frequency, 0 mins elapsed.
2021-08-06 16:06:01 : Computing Inverse Document Frequency, 0 mins elapsed.
2021-08-06 16:06:01 : Computing TF-IDF Matrix, 0 mins elapsed.
2021-08-06 16:06:01 : Calculating V Matrix, 0.007 mins elapsed.
2021-08-06 16:06:01 : Computing Projected Coordinates, 0.007 mins elapsed.

2021-08-06 16:06:01 : LSI-Projection Parameters, Class = list

LSI-Projection Parameters$: length = 1
                       
1 function (name)      
2 .Internal(args(name))


LSI-Projection Parameters$mat: nRows = 25000, nCols = 400
LSI-Projection Parameters$mat: NonZeroEntries = 1782898, EntryRange = [ 1 , 1 ]
5 x 5 sparse Matrix of class "dgCMatrix"
     PBMC_10k#AAACAGCCAAGGAATC-1 PBMC_10k#AAACCAACACTAAGAA-1 PBMC_10k#AAAGCAAGTGTAATAC-1 PBMC_10k#AAAGCAAGTTAACGGC-1 PBMC_10k#AAAGCGGGTAGCCTCC-1
[1,]                           .                           .                           .                           .                           .
[2,]                           .                           .                           .                           .                           .
[3,]                           1                           .                           .                           .                           .
[4,]                           1                           .                           .                           .                           .
[5,]                           1                           .                           .                           .                           .


LSI-Projection Parameters$matSVD: nRows = 9600, nCols = 30
                                  LSI1     LSI2     LSI3      LSI4       LSI5
PBMC_10k#AAACAGCCAATCCCTT-1  -75.75474 23.20654 4.796401 -3.305414 -1.0169274
PBMC_10k#AAACAGCCAATGCGCT-1  -63.33173 20.19263 4.307986  9.989442  2.9216761
PBMC_10k#AAACAGCCACCAACCG-1  -39.52426 13.33165 2.796934  4.618290  1.5052155
PBMC_10k#AAACAGCCAGGATAAC-1  -50.67172 17.54239 4.287837 10.075909  0.5112163
PBMC_10k#AAACAGCCAGTAGGTG-1 -100.44878 35.27300 6.074970  7.277678  2.5540831


LSI-Projection Parameters$returnModel: length = 1
[1] FALSE


LSI-Projection Parameters$verbose: length = 1
[1] FALSE


LSI-Projection Parameters$tstart: length = 0
NULL


LSI-Projection Parameters$logFile: length = 1
[1] "ArchRLogs/ArchR-addIterativeLSI-8295387d9dd1-Date-2021-08-06_Time-16-02-04.log"


2021-08-06 16:06:01 : Projecting LSI, Input Matrix = 0.021 GB, 0 mins elapsed.
2021-08-06 16:06:01 : Subsetting by Non-Zero features in inital Matrix, 0 mins elapsed.
2021-08-06 16:06:01 : Binarizing Matrix, 0 mins elapsed.
2021-08-06 16:06:01 : Computing Term Frequency, 0.001 mins elapsed.
2021-08-06 16:06:01 : Computing Inverse Document Frequency, 0.001 mins elapsed.
2021-08-06 16:06:01 : Computing TF-IDF Matrix, 0.001 mins elapsed.
2021-08-06 16:06:02 : Calculating V Matrix, 0.008 mins elapsed.
2021-08-06 16:06:02 : Computing Projected Coordinates, 0.009 mins elapsed.
2021-08-06 16:06:02 : Finished LSI (TF-IDF SVD) using irlba, 3.951 mins elapsed.

2021-08-06 16:06:03 : outLSI-2, Class = SimpleList

outLSI-2$matSVD: nRows = 10000, nCols = 30
                                  LSI1     LSI2     LSI3      LSI4       LSI5
PBMC_10k#AAACAGCCAAGGAATC-1 -114.18235 39.11138 6.974779 17.693068  5.4757569
PBMC_10k#AAACAGCCAATCCCTT-1  -75.75474 23.20654 4.796401 -3.305414 -1.0169274
PBMC_10k#AAACAGCCAATGCGCT-1  -63.33173 20.19263 4.307986  9.989442  2.9216761
PBMC_10k#AAACAGCCACCAACCG-1  -39.52426 13.33165 2.796934  4.618290  1.5052155
PBMC_10k#AAACAGCCAGGATAAC-1  -50.67172 17.54239 4.287837 10.075909  0.5112163


outLSI-2$rowSm: length = 25000
[1] 1698 1796 1977 1631 1398 1484


outLSI-2$nCol: length = 1
[1] 9600


outLSI-2$exclude: length = 0
NULL


outLSI-2$idx: length = 25000
[1] 1 2 3 4 5 6


outLSI-2$u: nRows = 25000, nCols = 30
             [,1]         [,2]         [,3]         [,4]          [,5]
[1,] -0.006815850 -0.006477021  0.001077299  0.003921407  0.0009582728
[2,] -0.007122406 -0.003385324  0.001508959  0.005309149  0.0008906678
[3,] -0.007710005  0.002441435  0.001734780 -0.001269600  0.0006985844
[4,] -0.006849013  0.004134350 -0.017100544  0.007396338 -0.0050459999
[5,] -0.006239326  0.005932716  0.002094679  0.002858567  0.0024802654


outLSI-2$v: nRows = 9600, nCols = 30
             [,1]        [,2]        [,3]         [,4]          [,5]
[1,] -0.010729700 0.007612619 0.003467268 -0.002809834 -0.0013578006
[2,] -0.008970138 0.006623943 0.003114197  0.008491727  0.0039010195
[3,] -0.005598111 0.004373284 0.002021874  0.003925871  0.0020097624
[4,] -0.007177008 0.005754564 0.003099632  0.008565230  0.0006825756
[5,] -0.014227298 0.011570871 0.004391532  0.006186537  0.0034102096


outLSI-2$binarize: length = 1
[1] TRUE


outLSI-2$scaleTo: length = 1
[1] 10000


outLSI-2$nDimensions: length = 1
[1] 30


outLSI-2$LSIMethod: length = 1
[1] 2


outLSI-2$outliers: length = 400
[1] "PBMC_10k#AAACAGCCAAGGAATC-1" "PBMC_10k#AAACCAACACTAAGAA-1" "PBMC_10k#AAAGCAAGTGTAATAC-1" "PBMC_10k#AAAGCAAGTTAACGGC-1"
[5] "PBMC_10k#AAAGCGGGTAGCCTCC-1" "PBMC_10k#AAAGGTTAGGTTACGT-1"


outLSI-2$date: length = 1
[1] "2021-08-06"


outLSI-2$seed: length = 1
[1] 1


outLSI-2$scaleDims: length = 1
[1] TRUE


outLSI-2$useMatrix: length = 1
[1] "TileMatrix"


outLSI-2$tileSize: length = 1
[1] 500



2021-08-06 16:06:03 : Cluster Params, Class = list

Cluster Params$: length = 1
                       
1 function (name)      
2 .Internal(args(name))


Cluster Params$matSVD: nRows = 10000, nCols = 30
                                  LSI1     LSI2     LSI3      LSI4       LSI5
PBMC_10k#AAACAGCCAAGGAATC-1 -114.18235 39.11138 6.974779 17.693068  5.4757569
PBMC_10k#AAACAGCCAATCCCTT-1  -75.75474 23.20654 4.796401 -3.305414 -1.0169274
PBMC_10k#AAACAGCCAATGCGCT-1  -63.33173 20.19263 4.307986  9.989442  2.9216761
PBMC_10k#AAACAGCCACCAACCG-1  -39.52426 13.33165 2.796934  4.618290  1.5052155
PBMC_10k#AAACAGCCAGGATAAC-1  -50.67172 17.54239 4.287837 10.075909  0.5112163


Cluster Params$corCutOff: length = 1
[1] 0.75


Cluster Params$dimsToUse: length = 30
[1] 1 2 3 4 5 6


Cluster Params$scaleDims: length = 1
[1] TRUE


Cluster Params$verbose: length = 1
[1] TRUE


Cluster Params$j: length = 1
[1] 2


Cluster Params$filterBias: length = 1
[1] TRUE


Cluster Params$cellNames: length = 10387
[1] "PBMC_10k#TAGCTAGGTTTGGGTA-1" "PBMC_10k#TTGGAGGCAGGCTTCG-1" "PBMC_10k#CATAGACTCCCTGGAA-1" "PBMC_10k#GGTGAGTAGGCGTAAA-1"
[5] "PBMC_10k#ATTTGCAAGCCGCAAC-1" "PBMC_10k#TATAGGTGTCATCAAG-1"


Cluster Params$cellDepth: length = 10387
PBMC_10k#TAGCTAGGTTTGGGTA-1 PBMC_10k#TTGGAGGCAGGCTTCG-1 PBMC_10k#CATAGACTCCCTGGAA-1 PBMC_10k#GGTGAGTAGGCGTAAA-1 PBMC_10k#ATTTGCAAGCCGCAAC-1 
                   4.941149                    4.940940                    4.911387                    4.907879                    4.898369 
PBMC_10k#TATAGGTGTCATCAAG-1 
                   4.898237 


Cluster Params$tstart: length = 1
[1] "2021-08-06 16:02:05 EDT"


Cluster Params$logFile: length = 1
[1] "ArchRLogs/ArchR-addIterativeLSI-8295387d9dd1-Date-2021-08-06_Time-16-02-04.log"


2021-08-06 16:06:03 : Identifying Clusters, 3.968 mins elapsed.

2021-08-06 16:06:03 : addClusters Input-Parameters, Class = list

addClusters Input-Parameters$: length = 1
                       
1 function (name)      
2 .Internal(args(name))


addClusters Input-Parameters$input: nRows = 10000, nCols = 30
                                 LSI1     LSI2      LSI3       LSI4       LSI5
PBMC_10k#AAACAGCCAAGGAATC-1 -4.916107 1.787369 0.3820479  0.8507547 0.31649629
PBMC_10k#AAACAGCCAATCCCTT-1 -4.947949 1.639483 0.4139979 -0.1253055 0.02702936
PBMC_10k#AAACAGCCAATGCGCT-1 -4.955994 1.659950 0.4017314  0.8517581 0.29192217
PBMC_10k#AAACAGCCACCAACCG-1 -4.895940 1.667181 0.3590842  0.5852420 0.19869147
PBMC_10k#AAACAGCCAGGATAAC-1 -4.847023 1.758011 0.4745995  1.0350467 0.10891705


addClusters Input-Parameters$reducedDims: length = 1
[1] "IterativeLSI"


addClusters Input-Parameters$name: length = 1
[1] "Clusters"


addClusters Input-Parameters$sampleCells: length = 1
[1] 10000


addClusters Input-Parameters$seed: length = 1
[1] 1


addClusters Input-Parameters$method: length = 1
[1] "Seurat"


addClusters Input-Parameters$dimsToUse: length = 0
NULL


addClusters Input-Parameters$scaleDims: length = 0
NULL


addClusters Input-Parameters$corCutOff: length = 1
[1] 0.75


addClusters Input-Parameters$knnAssign: length = 1
[1] 10


addClusters Input-Parameters$nOutlier: length = 1
[1] 5


addClusters Input-Parameters$maxClusters: length = 1
[1] 25


addClusters Input-Parameters$testBias: length = 1
[1] TRUE


addClusters Input-Parameters$filterBias: length = 1
[1] TRUE


addClusters Input-Parameters$biasClusters: length = 1
[1] 0.01


addClusters Input-Parameters$biasCol: length = 1
[1] "nFrags"


addClusters Input-Parameters$biasVals: length = 10000
[1] 4.550607 4.127623 4.050612 3.710371 3.818556 4.415824


addClusters Input-Parameters$biasQuantiles: length = 2
[1] 0.05 0.95


addClusters Input-Parameters$biasEnrich: length = 1
[1] 10


addClusters Input-Parameters$biasProportion: length = 1
[1] 0.5


addClusters Input-Parameters$biasPval: length = 1
[1] 0.05


addClusters Input-Parameters$nPerm: length = 1
[1] 500


addClusters Input-Parameters$prefix: length = 1
[1] "C"


addClusters Input-Parameters$ArchRProj: length = 0
NULL


addClusters Input-Parameters$verbose: length = 1
[1] FALSE


addClusters Input-Parameters$tstart: length = 0
NULL


addClusters Input-Parameters$force: length = 1
[1] FALSE


addClusters Input-Parameters$logFile: length = 1
[1] "ArchRLogs/ArchR-addIterativeLSI-8295387d9dd1-Date-2021-08-06_Time-16-02-04.log"


addClusters Input-Parameters$...: length = 2

2021-08-06 16:06:03 : Running Seurats FindClusters (Stuart et al. Cell 2019), 0 mins elapsed.
2021-08-06 16:06:18 : Testing Biased Clusters, 0.262 mins elapsed.
2021-08-06 16:06:19 : Assigning Biased Clusters (n = 1) to Neighbors, 0.263 mins elapsed.
2021-08-06 16:06:19 : Testing Outlier Clusters, 0.264 mins elapsed.
2021-08-06 16:06:19 : Assigning Cluster Names to 18 Clusters, 0.264 mins elapsed.
2021-08-06 16:06:19 : Finished addClusters, 0.264 mins elapsed.
2021-08-06 16:06:19 : Identified 18 Clusters, 4.233 mins elapsed.

2021-08-06 16:06:19 : clusterDF-2, Class = DFrame
DataFrame with 10000 rows and 2 columns
                   cellNames    clusters
                 <character> <character>
1     PBMC_10k#AAACAGCCAAG..         C13
2     PBMC_10k#AAACAGCCAAT..         C11
3     PBMC_10k#AAACAGCCAAT..         C12
4     PBMC_10k#AAACAGCCACC..         C14
5     PBMC_10k#AAACAGCCAGG..         C12
...                      ...         ...
9996  PBMC_10k#TTTGTTGGTGA..         C14
9997  PBMC_10k#TTTGTTGGTGT..         C13
9998  PBMC_10k#TTTGTTGGTTA..         C15
9999  PBMC_10k#TTTGTTGGTTG..         C11
10000 PBMC_10k#TTTGTTGGTTT..         C11

2021-08-06 16:06:19 : Saving LSI Iteration, 4.233 mins elapsed.

2021-08-06 16:06:19 : Save iteration, Class = list

Save iteration$: length = 1
                       
1 function (name)      
2 .Internal(args(name))


Save iteration$matSVD: nRows = 10000, nCols = 30
                                  LSI1     LSI2     LSI3      LSI4       LSI5
PBMC_10k#AAACAGCCAAGGAATC-1 -114.18235 39.11138 6.974779 17.693068  5.4757569
PBMC_10k#AAACAGCCAATCCCTT-1  -75.75474 23.20654 4.796401 -3.305414 -1.0169274
PBMC_10k#AAACAGCCAATGCGCT-1  -63.33173 20.19263 4.307986  9.989442  2.9216761
PBMC_10k#AAACAGCCACCAACCG-1  -39.52426 13.33165 2.796934  4.618290  1.5052155
PBMC_10k#AAACAGCCAGGATAAC-1  -50.67172 17.54239 4.287837 10.075909  0.5112163


Save iteration$clusters: length = 10000
[1] "C13" "C11" "C12" "C14" "C12" "C13"


Save iteration$nPlot: length = 1
[1] 10000


Save iteration$ArchRProj: length = 1

Save iteration$scaleDims: length = 1
[1] TRUE


Save iteration$corCutOff: length = 1
[1] 0.75


Save iteration$dimsToUse: length = 30
[1] 1 2 3 4 5 6


Save iteration$j: length = 1
[1] 2


Save iteration$threads: length = 1
[1] 4


Save iteration$outDir: length = 1
[1] "/Users/jeongeunkim/Desktop/HARVARD/Dana_Farber_Research/Save-Projfilter2/LSI_ATAC_save_iters_3"


Save iteration$logFile: length = 1
[1] "ArchRLogs/ArchR-addIterativeLSI-8295387d9dd1-Date-2021-08-06_Time-16-02-04.log"


2021-08-06 16:06:30 : Creating Cluster Matrix on the total Group Features, 4.428 mins elapsed.
2021-08-06 16:07:42 : Computing Variable Features, 5.628 mins elapsed.
###########
2021-08-06 16:07:43 : Running LSI (3 of 3) on Variable Features, 5.637 mins elapsed.
###########
2021-08-06 16:07:43 : Creating Partial Matrix, 5.637 mins elapsed.
2021-08-06 16:08:11 : Computing LSI, 6.107 mins elapsed.

2021-08-06 16:08:11 : LSI Parameters, Class = list

LSI Parameters$: length = 1
                       
1 function (name)      
2 .Internal(args(name))


LSI Parameters$mat: nRows = 25000, nCols = 10387
LSI Parameters$mat: NonZeroEntries = 34673480, EntryRange = [ 1 , 1 ]
5 x 5 sparse Matrix of class "dgCMatrix"
     PBMC_10k#TAGCTAGGTTTGGGTA-1 PBMC_10k#TTGGAGGCAGGCTTCG-1 PBMC_10k#CATAGACTCCCTGGAA-1 PBMC_10k#GGTGAGTAGGCGTAAA-1 PBMC_10k#ATTTGCAAGCCGCAAC-1
[1,]                           .                           .                           .                           .                           1
[2,]                           .                           1                           .                           .                           .
[3,]                           .                           1                           .                           1                           1
[4,]                           .                           .                           .                           .                           1
[5,]                           1                           .                           .                           .                           .


LSI Parameters$LSIMethod: length = 1
[1] 2


LSI Parameters$scaleTo: length = 1
[1] 10000


LSI Parameters$nDimensions: length = 1
[1] 30


LSI Parameters$binarize: length = 1
[1] TRUE


LSI Parameters$outlierQuantiles: length = 2
[1] 0.02 0.98


LSI Parameters$seed: length = 1
[1] 1


LSI Parameters$verbose: length = 1
[1] FALSE


LSI Parameters$tstart: length = 1
[1] "2021-08-06 16:02:05 EDT"


LSI Parameters$logFile: length = 1
[1] "ArchRLogs/ArchR-addIterativeLSI-8295387d9dd1-Date-2021-08-06_Time-16-02-04.log"


2021-08-06 16:08:11 : Running LSI, Input Matrix = 0.417 GB, 6.113 mins elapsed.
2021-08-06 16:08:11 : Binarizing Matrix, 6.113 mins elapsed.
2021-08-06 16:08:12 : Computing Term Frequency, 6.118 mins elapsed.
2021-08-06 16:08:12 : Filtering Outliers Based On Counts, 6.119 mins elapsed.
2021-08-06 16:08:12 : Removing 0 Sum Rows, 6.127 mins elapsed.
2021-08-06 16:08:13 : Computing Inverse Document Frequency, 6.143 mins elapsed.
2021-08-06 16:08:14 : Computing SVD using irlba, 6.163 mins elapsed.
2021-08-06 16:08:22 : Projecting Outliers with LSI-Projection (Granja* et al 2019), 6.292 mins elapsed.

2021-08-06 16:08:22 : LSI-Projection Parameters, Class = list

LSI-Projection Parameters$: length = 1
                       
1 function (name)      
2 .Internal(args(name))


LSI-Projection Parameters$mat: nRows = 25000, nCols = 10
LSI-Projection Parameters$mat: NonZeroEntries = 59012, EntryRange = [ 1 , 1 ]
5 x 5 sparse Matrix of class "dgCMatrix"
     PBMC_10k#TAGCTAGGTTTGGGTA-1 PBMC_10k#GGTGAGTAGGCGTAAA-1 PBMC_10k#AGTTTGATCCTAAGTA-1 PBMC_10k#GCAGCAACAAGCGATG-1 PBMC_10k#TCTCAAGCAATGCCCG-1
[1,]                           .                           .                           .                           .                           .
[2,]                           .                           .                           1                           .                           .
[3,]                           .                           1                           .                           .                           1
[4,]                           .                           .                           .                           .                           1
[5,]                           1                           .                           1                           .                           .


LSI-Projection Parameters$matSVD: nRows = 9969, nCols = 30
                                  LSI1       LSI2       LSI3       LSI4      LSI5
PBMC_10k#TAGCTAGGTTTGGGTA-1  -96.47555 -28.211521   2.675275  -2.082346 -3.570126
PBMC_10k#GGTGAGTAGGCGTAAA-1  -98.56434 -21.626770 -49.476305   1.082510 -6.453501
PBMC_10k#AGTTTGATCCTAAGTA-1  -88.81491   2.056475   7.889030  14.358676  1.512116
PBMC_10k#GCAGCAACAAGCGATG-1  -99.20591 -43.553096 -29.064750   2.153257 63.501078
PBMC_10k#TCTCAAGCAATGCCCG-1 -100.06393 -22.483564   6.942898 -32.702389  4.792623


LSI-Projection Parameters$returnModel: length = 1
[1] FALSE


LSI-Projection Parameters$verbose: length = 1
[1] FALSE


LSI-Projection Parameters$tstart: length = 0
NULL


LSI-Projection Parameters$logFile: length = 1
[1] "ArchRLogs/ArchR-addIterativeLSI-8295387d9dd1-Date-2021-08-06_Time-16-02-04.log"


2021-08-06 16:08:22 : Projecting LSI, Input Matrix = 0.001 GB, 0 mins elapsed.
2021-08-06 16:08:22 : Subsetting by Non-Zero features in inital Matrix, 0 mins elapsed.
2021-08-06 16:08:22 : Binarizing Matrix, 0 mins elapsed.
2021-08-06 16:08:22 : Computing Term Frequency, 0 mins elapsed.
2021-08-06 16:08:22 : Computing Inverse Document Frequency, 0 mins elapsed.
2021-08-06 16:08:22 : Computing TF-IDF Matrix, 0 mins elapsed.
2021-08-06 16:08:23 : Calculating V Matrix, 0.007 mins elapsed.
2021-08-06 16:08:23 : Computing Projected Coordinates, 0.007 mins elapsed.

2021-08-06 16:08:23 : LSI-Projection Parameters, Class = list

LSI-Projection Parameters$: length = 1
                       
1 function (name)      
2 .Internal(args(name))


LSI-Projection Parameters$mat: nRows = 25000, nCols = 418
LSI-Projection Parameters$mat: NonZeroEntries = 1833368, EntryRange = [ 1 , 1 ]
5 x 5 sparse Matrix of class "dgCMatrix"
     PBMC_10k#TTGGAGGCAGGCTTCG-1 PBMC_10k#CATAGACTCCCTGGAA-1 PBMC_10k#ATTTGCAAGCCGCAAC-1 PBMC_10k#TATAGGTGTCATCAAG-1 PBMC_10k#AAACCGCGTACTTCAC-1
[1,]                           .                           .                           1                           .                           1
[2,]                           1                           .                           .                           1                           .
[3,]                           1                           .                           1                           .                           1
[4,]                           .                           .                           1                           .                           1
[5,]                           .                           .                           .                           .                           .


LSI-Projection Parameters$matSVD: nRows = 9969, nCols = 30
                                  LSI1       LSI2       LSI3       LSI4      LSI5
PBMC_10k#TAGCTAGGTTTGGGTA-1  -96.47555 -28.211521   2.675275  -2.082346 -3.570126
PBMC_10k#GGTGAGTAGGCGTAAA-1  -98.56434 -21.626770 -49.476305   1.082510 -6.453501
PBMC_10k#AGTTTGATCCTAAGTA-1  -88.81491   2.056475   7.889030  14.358676  1.512116
PBMC_10k#GCAGCAACAAGCGATG-1  -99.20591 -43.553096 -29.064750   2.153257 63.501078
PBMC_10k#TCTCAAGCAATGCCCG-1 -100.06393 -22.483564   6.942898 -32.702389  4.792623


LSI-Projection Parameters$returnModel: length = 1
[1] FALSE


LSI-Projection Parameters$verbose: length = 1
[1] FALSE


LSI-Projection Parameters$tstart: length = 0
NULL


LSI-Projection Parameters$logFile: length = 1
[1] "ArchRLogs/ArchR-addIterativeLSI-8295387d9dd1-Date-2021-08-06_Time-16-02-04.log"


2021-08-06 16:08:23 : Projecting LSI, Input Matrix = 0.022 GB, 0 mins elapsed.
2021-08-06 16:08:23 : Subsetting by Non-Zero features in inital Matrix, 0 mins elapsed.
2021-08-06 16:08:23 : Binarizing Matrix, 0 mins elapsed.
2021-08-06 16:08:23 : Computing Term Frequency, 0.001 mins elapsed.
2021-08-06 16:08:23 : Computing Inverse Document Frequency, 0.001 mins elapsed.
2021-08-06 16:08:23 : Computing TF-IDF Matrix, 0.001 mins elapsed.
2021-08-06 16:08:23 : Calculating V Matrix, 0.008 mins elapsed.
2021-08-06 16:08:23 : Computing Projected Coordinates, 0.009 mins elapsed.
2021-08-06 16:08:23 : Finished LSI (TF-IDF SVD) using irlba, 6.308 mins elapsed.

2021-08-06 16:08:24 : outLSI-3, Class = SimpleList

outLSI-3$matSVD: nRows = 10387, nCols = 30
                                  LSI1      LSI2       LSI3       LSI4      LSI5
PBMC_10k#TAGCTAGGTTTGGGTA-1  -96.47555 -28.21152   2.675275  -2.082346 -3.570126
PBMC_10k#TTGGAGGCAGGCTTCG-1 -143.17582 -47.81925 -23.515716 -14.595984  6.723840
PBMC_10k#CATAGACTCCCTGGAA-1 -107.50898 -42.80328   8.884951   5.203690 -0.267410
PBMC_10k#GGTGAGTAGGCGTAAA-1  -98.56434 -21.62677 -49.476305   1.082510 -6.453501
PBMC_10k#ATTTGCAAGCCGCAAC-1 -136.67592 -52.13584 -29.895204   9.756310  5.370906


outLSI-3$rowSm: length = 25000
[1]  494 1762 1870 1697 1447 1541


outLSI-3$nCol: length = 1
[1] 9969


outLSI-3$exclude: length = 0
NULL


outLSI-3$idx: length = 25000
[1] 1 2 3 4 5 6


outLSI-3$u: nRows = 25000, nCols = 30
             [,1]         [,2]         [,3]         [,4]          [,5]
[1,] -0.002821331 -0.007207189  0.002746177 0.0007761145  0.0003015918
[2,] -0.007214496 -0.006431343  0.001467995 0.0036117547  0.0010134698
[3,] -0.007576358 -0.003481827  0.001670796 0.0046194503  0.0009235194
[4,] -0.007290343  0.003639145 -0.015316431 0.0071254072 -0.0026354538
[5,] -0.006631198  0.005556325  0.001588140 0.0026831034  0.0029299869


outLSI-3$v: nRows = 9969, nCols = 30
            [,1]          [,2]         [,3]          [,4]         [,5]
[1,] -0.01378760 -0.0085295144  0.001655998 -0.0015824774 -0.004448697
[2,] -0.01408611 -0.0065386710 -0.030625890  0.0008226524 -0.008041640
[3,] -0.01269279  0.0006217578  0.004883318  0.0109118645  0.001884232
[4,] -0.01417780 -0.0131679098 -0.017991114  0.0016363656  0.079128026
[5,] -0.01430042 -0.0067977151  0.004297662 -0.0248521544  0.005972037


outLSI-3$binarize: length = 1
[1] TRUE


outLSI-3$scaleTo: length = 1
[1] 10000


outLSI-3$nDimensions: length = 1
[1] 30


outLSI-3$LSIMethod: length = 1
[1] 2


outLSI-3$outliers: length = 418
[1] "PBMC_10k#TTGGAGGCAGGCTTCG-1" "PBMC_10k#CATAGACTCCCTGGAA-1" "PBMC_10k#ATTTGCAAGCCGCAAC-1" "PBMC_10k#TATAGGTGTCATCAAG-1"
[5] "PBMC_10k#AAACCGCGTACTTCAC-1" "PBMC_10k#ACGAACAAGACACTTA-1"


outLSI-3$date: length = 1
[1] "2021-08-06"


outLSI-3$seed: length = 1
[1] 1


outLSI-3$scaleDims: length = 1
[1] TRUE


outLSI-3$useMatrix: length = 1
[1] "TileMatrix"


outLSI-3$tileSize: length = 1
[1] 500


2021-08-06 16:08:24 : Finished Running IterativeLSI, 6.328 mins elapsed.
