
           ___      .______        ______  __    __  .______      
          /   \     |   _  \      /      ||  |  |  | |   _  \     
         /  ^  \    |  |_)  |    |  ,----'|  |__|  | |  |_)  |    
        /  /_\  \   |      /     |  |     |   __   | |      /     
       /  _____  \  |  |\  \\___ |  `----.|  |  |  | |  |\  \\___.
      /__/     \__\ | _| `._____| \______||__|  |__| | _| `._____|
    
Logging With ArchR!

Start Time : 2021-08-05 13:02:48

------- ArchR Info

ArchRThreads = 4

------- System Info

Computer OS = unix
Total Cores = 8

------- Session Info

R version 4.1.0 (2021-05-18)
Platform: x86_64-apple-darwin17.0 (64-bit)
Running under: macOS Big Sur 11.2.3

Matrix products: default
LAPACK: /Library/Frameworks/R.framework/Versions/4.1/Resources/lib/libRlapack.dylib

locale:
[1] en_US.UTF-8/en_US.UTF-8/en_US.UTF-8/C/en_US.UTF-8/en_US.UTF-8

attached base packages:
[1] parallel  stats4    stats     graphics  grDevices utils     datasets  methods   base     

other attached packages:
 [1] cowplot_1.1.1                 EnsDb.Hsapiens.v86_2.99.0     ensembldb_2.16.3              AnnotationFilter_1.16.0      
 [5] GenomicFeatures_1.44.0        AnnotationDbi_1.54.1          Signac_1.3.0                  pbmcMultiome.SeuratData_0.1.0
 [9] SeuratData_0.2.1              MAESTRO_1.5.1                 SeuratObject_4.0.2            Seurat_4.0.3                 
[13] ArchR_1.0.1                   magrittr_2.0.1                rhdf5_2.36.0                  Matrix_1.3-4                 
[17] data.table_1.14.0             SummarizedExperiment_1.22.0   Biobase_2.52.0                MatrixGenerics_1.4.0         
[21] matrixStats_0.60.0            ggplot2_3.3.5                 GenomicRanges_1.44.0          GenomeInfoDb_1.28.1          
[25] IRanges_2.26.0                S4Vectors_0.30.0              BiocGenerics_0.38.0          

loaded via a namespace (and not attached):
  [1] rappdirs_0.3.3             SnowballC_0.7.0            rtracklayer_1.52.0         scattermore_0.7           
  [5] tidyr_1.1.3                bit64_4.0.5                knitr_1.33                 irlba_2.3.3               
  [9] DelayedArray_0.18.0        rpart_4.1-15               KEGGREST_1.32.0            RCurl_1.98-1.3            
 [13] generics_0.1.0             callr_3.7.0                usethis_2.0.1              RSQLite_2.2.7             
 [17] EnsDb.Mmusculus.v79_2.99.0 RANN_2.6.1                 future_1.21.0              bit_4.0.4                 
 [21] lubridate_1.7.10           spatstat.data_2.1-0        xml2_1.3.2                 httpuv_1.6.1              
 [25] assertthat_0.2.1           xfun_0.24                  hms_1.1.0                  evaluate_0.14             
 [29] promises_1.2.0.1           fansi_0.5.0                restfulr_0.0.13            progress_1.2.2            
 [33] caTools_1.18.2             dbplyr_2.1.1               igraph_1.2.6               DBI_1.1.1                 
 [37] htmlwidgets_1.5.3          sparsesvd_0.2              spatstat.geom_2.2-2        purrr_0.3.4               
 [41] ellipsis_0.3.2             RSpectra_0.16-0            dplyr_1.0.7                backports_1.2.1           
 [45] biomaRt_2.48.2             deldir_0.2-10              vctrs_0.3.8                remotes_2.4.0             
 [49] Cairo_1.5-12.2             ROCR_1.0-11                abind_1.4-5                cachem_1.0.5              
 [53] withr_2.4.2                ggforce_0.3.3              BSgenome_1.60.0            presto_1.0.0              
 [57] checkmate_2.0.0            sctransform_0.3.2          GenomicAlignments_1.28.0   prettyunits_1.1.1         
 [61] goftest_1.2-2              cluster_2.1.2              lazyeval_0.2.2             crayon_1.4.1              
 [65] hdf5r_1.3.3                pkgconfig_2.0.3            slam_0.1-48                tweenr_1.0.2              
 [69] nlme_3.1-152               pkgload_1.2.1              ProtGenerics_1.24.0        nnet_7.3-16               
 [73] devtools_2.4.2             rlang_0.4.11               globals_0.14.0             lifecycle_1.0.0           
 [77] miniUI_0.1.1.1             filelock_1.0.2             BiocFileCache_2.0.0        dichromat_2.0-0           
 [81] rprojroot_2.0.2            polyclip_1.10-0            lmtest_0.9-38              ggseqlogo_0.1             
 [85] Rhdf5lib_1.14.2            zoo_1.8-9                  base64enc_0.1-3            ggridges_0.5.3            
 [89] processx_3.5.2             pheatmap_1.0.12            png_0.1-7                  viridisLite_0.4.0         
 [93] rjson_0.2.20               bitops_1.0-7               KernSmooth_2.23-20         rhdf5filters_1.4.0        
 [97] Biostrings_2.60.1          blob_1.2.2                 stringr_1.4.0              forestplot_1.10.1         
[101] parallelly_1.27.0          jpeg_0.1-9                 scales_1.1.1               memoise_2.0.0             
[105] plyr_1.8.6                 ica_1.0-2                  gplots_3.1.1               zlibbioc_1.38.0           
[109] compiler_4.1.0             Gmisc_1.10.0               BiocIO_1.2.0               RColorBrewer_1.1-2        
[113] fitdistrplus_1.1-5         Rsamtools_2.8.0            cli_3.0.1                  XVector_0.32.0            
[117] listenv_0.8.0              patchwork_1.1.1            pbapply_1.4-3              ps_1.6.0                  
[121] Formula_1.2-4              htmlTable_2.2.1            MASS_7.3-54                mgcv_1.8-36               
[125] tidyselect_1.1.1           stringi_1.7.3              yaml_2.2.1                 latticeExtra_0.6-29       
[129] ggrepel_0.9.1              grid_4.1.0                 VariantAnnotation_1.38.0   fastmatch_1.1-3           
[133] tools_4.1.0                future.apply_1.7.0         rstudioapi_0.13            foreign_0.8-81            
[137] lsa_0.73.2                 gridExtra_2.3              farver_2.1.0               Rtsne_0.15                
[141] digest_0.6.27              BiocManager_1.30.16        shiny_1.6.0                qlcMatrix_0.9.7           
[145] Rcpp_1.0.7                 later_1.2.0                RcppAnnoy_0.0.19           httr_1.4.2                
[149] biovizBase_1.40.0          colorspace_2.0-2           XML_3.99-0.6               fs_1.5.0                  
[153] tensor_1.5                 reticulate_1.20            splines_4.1.0              uwot_0.1.10               
[157] RcppRoll_0.3.0             spatstat.utils_2.2-0       plotly_4.9.4.1             sessioninfo_1.1.1         
[161] xtable_1.8-4               jsonlite_1.7.2             testthat_3.0.4             R6_2.5.0                  
[165] Hmisc_4.5-0                pillar_1.6.2               htmltools_0.5.1.1          mime_0.11                 
[169] glue_1.4.2                 fastmap_1.1.0              BiocParallel_1.26.1        codetools_0.2-18          
[173] pkgbuild_1.2.0             utf8_1.2.2                 lattice_0.20-44            spatstat.sparse_2.0-0     
[177] tibble_3.1.3               curl_4.3.2                 leiden_0.3.9               gtools_3.9.2              
[181] survival_3.2-11            rmarkdown_2.9              docopt_0.7.1               desc_1.3.0                
[185] munsell_0.5.0              GenomeInfoDbData_1.2.6     reshape2_1.4.4             gtable_0.3.0              
[189] spatstat.core_2.3-0       


------- Log Info


2021-08-05 13:02:48 : addClusters Input-Parameters, Class = list

addClusters Input-Parameters$: length = 1
                       
1 function (name)      
2 .Internal(args(name))


addClusters Input-Parameters$input: length = 1

addClusters Input-Parameters$reducedDims: length = 1
[1] "LSI_ATAC_res0.6_iter1"


addClusters Input-Parameters$name: length = 1
[1] "Clusters_ATAC_iter1"


addClusters Input-Parameters$sampleCells: length = 0
NULL


addClusters Input-Parameters$seed: length = 1
[1] 1


addClusters Input-Parameters$method: length = 1
[1] "Seurat"


addClusters Input-Parameters$dimsToUse: length = 0
NULL


addClusters Input-Parameters$scaleDims: length = 0
NULL


addClusters Input-Parameters$corCutOff: length = 1
[1] 0.75


addClusters Input-Parameters$knnAssign: length = 1
[1] 10


addClusters Input-Parameters$nOutlier: length = 1
[1] 5


addClusters Input-Parameters$maxClusters: length = 1
[1] 25


addClusters Input-Parameters$testBias: length = 1
[1] TRUE


addClusters Input-Parameters$filterBias: length = 1
[1] FALSE


addClusters Input-Parameters$biasClusters: length = 1
[1] 0.01


addClusters Input-Parameters$biasCol: length = 1
[1] "nFrags"


addClusters Input-Parameters$biasVals: length = 0
NULL


addClusters Input-Parameters$biasQuantiles: length = 2
[1] 0.05 0.95


addClusters Input-Parameters$biasEnrich: length = 1
[1] 10


addClusters Input-Parameters$biasProportion: length = 1
[1] 0.5


addClusters Input-Parameters$biasPval: length = 1
[1] 0.05


addClusters Input-Parameters$nPerm: length = 1
[1] 500


addClusters Input-Parameters$prefix: length = 1
[1] "C"


addClusters Input-Parameters$ArchRProj: length = 0
NULL


addClusters Input-Parameters$verbose: length = 1
[1] TRUE


addClusters Input-Parameters$tstart: length = 0
NULL


addClusters Input-Parameters$force: length = 1
[1] TRUE


addClusters Input-Parameters$logFile: length = 1
[1] "ArchRLogs/ArchR-addClusters-16d45c780c2-Date-2021-08-05_Time-13-02-48.log"


addClusters Input-Parameters$...: length = 1

2021-08-05 13:02:48 : Running Seurats FindClusters (Stuart et al. Cell 2019), 0.009 mins elapsed.
2021-08-05 13:03:10 : Testing Biased Clusters, 0.359 mins elapsed.
2021-08-05 13:03:10 : Identified Biased Clusters (n = 1), set filterBias = TRUE to re-assign these cells: , 0.365 mins elapsed.
2021-08-05 13:03:10 : Testing Outlier Clusters, 0.365 mins elapsed.
2021-08-05 13:03:10 : Assigning Cluster Names to 16 Clusters, 0.365 mins elapsed.
2021-08-05 13:03:10 : Finished addClusters, 0.371 mins elapsed.
