
           ___      .______        ______  __    __  .______      
          /   \     |   _  \      /      ||  |  |  | |   _  \     
         /  ^  \    |  |_)  |    |  ,----'|  |__|  | |  |_)  |    
        /  /_\  \   |      /     |  |     |   __   | |      /     
       /  _____  \  |  |\  \\___ |  `----.|  |  |  | |  |\  \\___.
      /__/     \__\ | _| `._____| \______||__|  |__| | _| `._____|
    
Logging With ArchR!

Start Time : 2021-07-27 19:40:48

------- ArchR Info

ArchRThreads = 4
ArchRGenome = Hg38

------- System Info

Computer OS = unix
Total Cores = 8

------- Session Info

R version 4.1.0 (2021-05-18)
Platform: x86_64-apple-darwin17.0 (64-bit)
Running under: macOS Big Sur 11.2.3

Matrix products: default
LAPACK: /Library/Frameworks/R.framework/Versions/4.1/Resources/lib/libRlapack.dylib

locale:
[1] en_US.UTF-8/en_US.UTF-8/en_US.UTF-8/C/en_US.UTF-8/en_US.UTF-8

attached base packages:
 [1] grid      parallel  stats4    stats     graphics  grDevices utils     datasets  methods   base     

other attached packages:
 [1] gridExtra_2.3                     Rsamtools_2.8.0                   BSgenome.Hsapiens.UCSC.hg38_1.4.3
 [4] BSgenome_1.60.0                   rtracklayer_1.52.0                Biostrings_2.60.1                
 [7] XVector_0.32.0                    ArchR_1.0.1                       magrittr_2.0.1                   
[10] rhdf5_2.36.0                      Matrix_1.3-4                      data.table_1.14.0                
[13] SummarizedExperiment_1.22.0       Biobase_2.52.0                    MatrixGenerics_1.4.0             
[16] matrixStats_0.60.0                ggplot2_3.3.5                     GenomicRanges_1.44.0             
[19] GenomeInfoDb_1.28.1               IRanges_2.26.0                    S4Vectors_0.30.0                 
[22] BiocGenerics_0.38.0              

loaded via a namespace (and not attached):
  [1] plyr_1.8.6               igraph_1.2.6             lazyeval_0.2.2           splines_4.1.0           
  [5] BiocParallel_1.26.1      listenv_0.8.0            scattermore_0.7          digest_0.6.27           
  [9] htmltools_0.5.1.1        fansi_0.5.0              tensor_1.5               cluster_2.1.2           
 [13] ROCR_1.0-11              globals_0.14.0           spatstat.sparse_2.0-0    colorspace_2.0-2        
 [17] ggrepel_0.9.1            xfun_0.24                dplyr_1.0.7              crayon_1.4.1            
 [21] RCurl_1.98-1.3           jsonlite_1.7.2           spatstat.data_2.1-0      survival_3.2-11         
 [25] zoo_1.8-9                glue_1.4.2               polyclip_1.10-0          gtable_0.3.0            
 [29] zlibbioc_1.38.0          leiden_0.3.8             DelayedArray_0.18.0      Rhdf5lib_1.14.2         
 [33] future.apply_1.7.0       abind_1.4-5              scales_1.1.1             pheatmap_1.0.12         
 [37] miniUI_0.1.1.1           Rcpp_1.0.7               viridisLite_0.4.0        xtable_1.8-4            
 [41] reticulate_1.20          spatstat.core_2.3-0      htmlwidgets_1.5.3        httr_1.4.2              
 [45] RColorBrewer_1.1-2       ellipsis_0.3.2           Seurat_4.0.3             ica_1.0-2               
 [49] farver_2.1.0             pkgconfig_2.0.3          XML_3.99-0.6             uwot_0.1.10             
 [53] deldir_0.2-10            utf8_1.2.2               labeling_0.4.2           tidyselect_1.1.1        
 [57] rlang_0.4.11             reshape2_1.4.4           later_1.2.0              munsell_0.5.0           
 [61] tools_4.1.0              cli_3.0.1                generics_0.1.0           ggridges_0.5.3          
 [65] evaluate_0.14            stringr_1.4.0            fastmap_1.1.0            yaml_2.2.1              
 [69] goftest_1.2-2            knitr_1.33               fitdistrplus_1.1-5       purrr_0.3.4             
 [73] RANN_2.6.1               pbapply_1.4-3            future_1.21.0            nlme_3.1-152            
 [77] mime_0.11                compiler_4.1.0           rstudioapi_0.13          plotly_4.9.4.1          
 [81] png_0.1-7                spatstat.utils_2.2-0     tibble_3.1.3             stringi_1.7.3           
 [85] lattice_0.20-44          vctrs_0.3.8              pillar_1.6.1             lifecycle_1.0.0         
 [89] rhdf5filters_1.4.0       spatstat.geom_2.2-2      lmtest_0.9-38            RcppAnnoy_0.0.18        
 [93] cowplot_1.1.1            bitops_1.0-7             irlba_2.3.3              httpuv_1.6.1            
 [97] patchwork_1.1.1          R6_2.5.0                 BiocIO_1.2.0             promises_1.2.0.1        
[101] KernSmooth_2.23-20       parallelly_1.27.0        codetools_0.2-18         MASS_7.3-54             
[105] rjson_0.2.20             withr_2.4.2              SeuratObject_4.0.2       GenomicAlignments_1.28.0
[109] sctransform_0.3.2        GenomeInfoDbData_1.2.6   mgcv_1.8-36              rpart_4.1-15            
[113] tidyr_1.1.3              rmarkdown_2.9            Cairo_1.5-12.2           Rtsne_0.15              
[117] shiny_1.6.0              restfulr_0.0.13         


------- Log Info


2021-07-27 19:40:49 : createArrowFiles Input-Parameters, Class = list

createArrowFiles Input-Parameters$inputFiles: length = 1
                                                                                                                       PBMC_10k 
"/Users/jeongeunkim/Desktop/HARVARD/Dana_Farber_Research/comparison/pbmc_10k/pbmc_granulocyte_sorted_10k_atac_fragments.tsv.gz" 


createArrowFiles Input-Parameters$sampleNames: length = 1
[1] "PBMC_10k"


createArrowFiles Input-Parameters$outputNames: length = 1
[1] "PBMC_10k"


createArrowFiles Input-Parameters$validBarcodes: length = 0
NULL


createArrowFiles Input-Parameters$minTSS: length = 1
[1] 10


createArrowFiles Input-Parameters$minFrags: length = 1
[1] 3162.278


createArrowFiles Input-Parameters$maxFrags: length = 1
[1] 1e+05


createArrowFiles Input-Parameters$QCDir: length = 1
[1] "QualityControl"


createArrowFiles Input-Parameters$nucLength: length = 1
[1] 147


createArrowFiles Input-Parameters$promoterRegion: length = 2
[1] 2000  100


createArrowFiles Input-Parameters$excludeChr: length = 2
[1] "chrM" "chrY"


createArrowFiles Input-Parameters$nChunk: length = 1
[1] 5


createArrowFiles Input-Parameters$bcTag: length = 1
[1] "qname"


createArrowFiles Input-Parameters$gsubExpression: length = 0
NULL


createArrowFiles Input-Parameters$bamFlag: length = 0
NULL


createArrowFiles Input-Parameters$offsetPlus: length = 1
[1] 4


createArrowFiles Input-Parameters$offsetMinus: length = 1
[1] -5


createArrowFiles Input-Parameters$addTileMat: length = 1
[1] TRUE


createArrowFiles Input-Parameters$addGeneScoreMat: length = 1
[1] TRUE


createArrowFiles Input-Parameters$force: length = 1
[1] FALSE


createArrowFiles Input-Parameters$threads: length = 1
[1] 4


createArrowFiles Input-Parameters$parallelParam: length = 0
NULL


createArrowFiles Input-Parameters$subThreading: length = 1
[1] TRUE


createArrowFiles Input-Parameters$verbose: length = 1
[1] TRUE


createArrowFiles Input-Parameters$cleanTmp: length = 1
[1] TRUE


createArrowFiles Input-Parameters$logFile: length = 1
[1] "ArchRLogs/ArchR-createArrows-23bf46236135-Date-2021-07-27_Time-19-40-48.log"


createArrowFiles Input-Parameters$filterFrags: length = 1
[1] 3162.278


createArrowFiles Input-Parameters$filterTSS: length = 1
[1] 10



2021-07-27 19:40:49 : Cleaning Temporary Files
2021-07-27 19:40:49 : Batch Execution w/ safelapply!, 0 mins elapsed.

###########
2021-07-27 19:40:49 : Creating Arrow File PBMC_10k.arrow (PBMC_10k : 1 of 1)
###########


2021-07-27 19:40:49 : validBC, Class = NULL

validBC: length = 0
NULL



2021-07-27 19:40:49 : (PBMC_10k : 1 of 1) Checking if completed file exists!
2021-07-27 19:40:49 : (PBMC_10k : 1 of 1) Arrow Exists! Marking as completed since force = FALSE!, 0 mins elapsed.

------- Completed

End Time : 2021-07-27 19:40:49
Elapsed Time Minutes = 0.0173609336217244
Elapsed Time Hours = 0.000289407240019904

-------



