
           ___      .______        ______  __    __  .______      
          /   \     |   _  \      /      ||  |  |  | |   _  \     
         /  ^  \    |  |_)  |    |  ,----'|  |__|  | |  |_)  |    
        /  /_\  \   |      /     |  |     |   __   | |      /     
       /  _____  \  |  |\  \\___ |  `----.|  |  |  | |  |\  \\___.
      /__/     \__\ | _| `._____| \______||__|  |__| | _| `._____|
    
Logging With ArchR!

Start Time : 2021-08-09 13:32:24

------- ArchR Info

ArchRThreads = 4

------- System Info

Computer OS = unix
Total Cores = 8

------- Session Info

R version 4.1.0 (2021-05-18)
Platform: x86_64-apple-darwin17.0 (64-bit)
Running under: macOS Big Sur 11.2.3

Matrix products: default
LAPACK: /Library/Frameworks/R.framework/Versions/4.1/Resources/lib/libRlapack.dylib

locale:
[1] en_US.UTF-8/en_US.UTF-8/en_US.UTF-8/C/en_US.UTF-8/en_US.UTF-8

attached base packages:
[1] parallel  stats4    stats     graphics  grDevices utils     datasets  methods   base     

other attached packages:
 [1] patchwork_1.1.1               forcats_0.5.1                 stringr_1.4.0                 dplyr_1.0.7                  
 [5] purrr_0.3.4                   readr_2.0.0                   tidyr_1.1.3                   tibble_3.1.3                 
 [9] tidyverse_1.3.1               scclusteval_0.0.0.9000        cowplot_1.1.1                 EnsDb.Hsapiens.v86_2.99.0    
[13] ensembldb_2.16.3              AnnotationFilter_1.16.0       GenomicFeatures_1.44.0        AnnotationDbi_1.54.1         
[17] Signac_1.3.0                  pbmcMultiome.SeuratData_0.1.0 SeuratData_0.2.1              SeuratObject_4.0.2           
[21] Seurat_4.0.3                  ArchR_1.0.1                   magrittr_2.0.1                rhdf5_2.36.0                 
[25] Matrix_1.3-4                  data.table_1.14.0             SummarizedExperiment_1.22.0   Biobase_2.52.0               
[29] MatrixGenerics_1.4.0          matrixStats_0.60.0            ggplot2_3.3.5                 GenomicRanges_1.44.0         
[33] GenomeInfoDb_1.28.1           IRanges_2.26.0                S4Vectors_0.30.0              BiocGenerics_0.38.0          

loaded via a namespace (and not attached):
  [1] rappdirs_0.3.3           SnowballC_0.7.0          rtracklayer_1.52.0       scattermore_0.7          bit64_4.0.5             
  [6] knitr_1.33               irlba_2.3.3              DelayedArray_0.18.0      rpart_4.1-15             doParallel_1.0.16       
 [11] KEGGREST_1.32.0          RCurl_1.98-1.3           generics_0.1.0           callr_3.7.0              usethis_2.0.1           
 [16] RSQLite_2.2.7            RANN_2.6.1               future_1.21.0            tzdb_0.1.2               bit_4.0.4               
 [21] lubridate_1.7.10         spatstat.data_2.1-0      xml2_1.3.2               httpuv_1.6.1             assertthat_0.2.1        
 [26] xfun_0.24                hms_1.1.0                evaluate_0.14            promises_1.2.0.1         fansi_0.5.0             
 [31] restfulr_0.0.13          progress_1.2.2           readxl_1.3.1             dbplyr_2.1.1             igraph_1.2.6            
 [36] DBI_1.1.1                htmlwidgets_1.5.3        sparsesvd_0.2            spatstat.geom_2.2-2      ellipsis_0.3.2          
 [41] RSpectra_0.16-0          backports_1.2.1          biomaRt_2.48.2           deldir_0.2-10            vctrs_0.3.8             
 [46] remotes_2.4.0            Cairo_1.5-12.2           ROCR_1.0-11              abind_1.4-5              cachem_1.0.5            
 [51] withr_2.4.2              ggforce_0.3.3            BSgenome_1.60.0          checkmate_2.0.0          sctransform_0.3.2       
 [56] GenomicAlignments_1.28.0 prettyunits_1.1.1        goftest_1.2-2            cluster_2.1.2            lazyeval_0.2.2          
 [61] crayon_1.4.1             labeling_0.4.2           pkgconfig_2.0.3          slam_0.1-48              tweenr_1.0.2            
 [66] nlme_3.1-152             pkgload_1.2.1            ProtGenerics_1.24.0      nnet_7.3-16              devtools_2.4.2          
 [71] rlang_0.4.11             globals_0.14.0           lifecycle_1.0.0          miniUI_0.1.1.1           filelock_1.0.2          
 [76] BiocFileCache_2.0.0      modelr_0.1.8             dichromat_2.0-0          cellranger_1.1.0         rprojroot_2.0.2         
 [81] polyclip_1.10-0          lmtest_0.9-38            ggseqlogo_0.1            Rhdf5lib_1.14.2          zoo_1.8-9               
 [86] reprex_2.0.0             base64enc_0.1-3          GlobalOptions_0.1.2      ggridges_0.5.3           processx_3.5.2          
 [91] pheatmap_1.0.12          png_0.1-7                viridisLite_0.4.0        rjson_0.2.20             bitops_1.0-7            
 [96] KernSmooth_2.23-20       rhdf5filters_1.4.0       Biostrings_2.60.1        blob_1.2.2               shape_1.4.6             
[101] parallelly_1.27.0        jpeg_0.1-9               scales_1.1.1             memoise_2.0.0            plyr_1.8.6              
[106] ica_1.0-2                zlibbioc_1.38.0          compiler_4.1.0           BiocIO_1.2.0             RColorBrewer_1.1-2      
[111] clue_0.3-59              fitdistrplus_1.1-5       Rsamtools_2.8.0          cli_3.0.1                XVector_0.32.0          
[116] listenv_0.8.0            pbapply_1.4-3            ps_1.6.0                 htmlTable_2.2.1          Formula_1.2-4           
[121] MASS_7.3-54              mgcv_1.8-36              tidyselect_1.1.1         stringi_1.7.3            yaml_2.2.1              
[126] latticeExtra_0.6-29      ggrepel_0.9.1            grid_4.1.0               VariantAnnotation_1.38.0 fastmatch_1.1-3         
[131] tools_4.1.0              future.apply_1.7.0       circlize_0.4.13          rstudioapi_0.13          foreach_1.5.1           
[136] foreign_0.8-81           lsa_0.73.2               gridExtra_2.3            farver_2.1.0             Rtsne_0.15              
[141] digest_0.6.27            BiocManager_1.30.16      shiny_1.6.0              qlcMatrix_0.9.7          Rcpp_1.0.7              
[146] broom_0.7.9              later_1.2.0              RcppAnnoy_0.0.19         httr_1.4.2               biovizBase_1.40.0       
[151] ComplexHeatmap_2.8.0     colorspace_2.0-2         rvest_1.0.1              XML_3.99-0.6             fs_1.5.0                
[156] tensor_1.5               reticulate_1.20          splines_4.1.0            uwot_0.1.10              RcppRoll_0.3.0          
[161] spatstat.utils_2.2-0     plotly_4.9.4.1           sessioninfo_1.1.1        xtable_1.8-4             jsonlite_1.7.2          
[166] testthat_3.0.4           R6_2.5.0                 Hmisc_4.5-0              pillar_1.6.2             htmltools_0.5.1.1       
[171] mime_0.11                glue_1.4.2               fastmap_1.1.0            BiocParallel_1.26.1      codetools_0.2-18        
[176] pkgbuild_1.2.0           utf8_1.2.2               lattice_0.20-44          spatstat.sparse_2.0-0    curl_4.3.2              
[181] leiden_0.3.9             gtools_3.9.2             survival_3.2-11          rmarkdown_2.9            docopt_0.7.1            
[186] desc_1.3.0               munsell_0.5.0            GetoptLong_1.0.5         GenomeInfoDbData_1.2.6   iterators_1.0.13        
[191] haven_2.4.3              reshape2_1.4.4           gtable_0.3.0             spatstat.core_2.3-0     


------- Log Info


2021-08-09 13:32:24 : IterativeLSI Input-Parameters, Class = list

IterativeLSI Input-Parameters$ArchRProj: length = 1

IterativeLSI Input-Parameters$useMatrix: length = 1
[1] "TileMatrix"


IterativeLSI Input-Parameters$name: length = 1
[1] "LSI_ATAC_save_iters_2021-08-09"


IterativeLSI Input-Parameters$iterations: length = 1
[1] 3


IterativeLSI Input-Parameters$firstSelection: length = 1
[1] "top"


IterativeLSI Input-Parameters$depthCol: length = 1
[1] "nFrags"


IterativeLSI Input-Parameters$varFeatures: length = 1
[1] 25000


IterativeLSI Input-Parameters$dimsToUse: length = 30
[1] 1 2 3 4 5 6


IterativeLSI Input-Parameters$LSIMethod: length = 1
[1] 2


IterativeLSI Input-Parameters$scaleDims: length = 1
[1] TRUE


IterativeLSI Input-Parameters$corCutOff: length = 1
[1] 0.75


IterativeLSI Input-Parameters$binarize: length = 1
[1] TRUE


IterativeLSI Input-Parameters$outlierQuantiles: length = 2
[1] 0.02 0.98


IterativeLSI Input-Parameters$filterBias: length = 1
[1] TRUE


IterativeLSI Input-Parameters$sampleCellsPre: length = 1
[1] 10000


IterativeLSI Input-Parameters$projectCellsPre: length = 1
[1] FALSE


IterativeLSI Input-Parameters$sampleCellsFinal: length = 0
NULL


IterativeLSI Input-Parameters$selectionMethod: length = 1
[1] "var"


IterativeLSI Input-Parameters$scaleTo: length = 1
[1] 10000


IterativeLSI Input-Parameters$totalFeatures: length = 1
[1] 5e+05


IterativeLSI Input-Parameters$filterQuantile: length = 1
[1] 0.995


IterativeLSI Input-Parameters$excludeChr: length = 0
NULL


IterativeLSI Input-Parameters$saveIterations: length = 1
[1] TRUE


IterativeLSI Input-Parameters$nPlot: length = 1
[1] 10000


IterativeLSI Input-Parameters$outDir: length = 1
[1] "/Users/jeongeunkim/Desktop/HARVARD/Dana_Farber_Research/Save-Projfilter2"


IterativeLSI Input-Parameters$threads: length = 1
[1] 4


IterativeLSI Input-Parameters$seed: length = 1
[1] 1


IterativeLSI Input-Parameters$verbose: length = 1
[1] TRUE


IterativeLSI Input-Parameters$force: length = 1
[1] FALSE


IterativeLSI Input-Parameters$logFile: length = 1
[1] "ArchRLogs/ArchR-addIterativeLSI-10bac7881d220-Date-2021-08-09_Time-13-32-24.log"


2021-08-09 13:32:25 : Computing Total Across All Features, 0.003 mins elapsed.
2021-08-09 13:32:27 : Computing Top Features, 0.037 mins elapsed.
###########
2021-08-09 13:32:30 : Running LSI (1 of 3) on Top Features, 0.098 mins elapsed.
###########
2021-08-09 13:32:30 : Sampling Cells (N = 10000) for Estimated LSI, 0.099 mins elapsed.
2021-08-09 13:32:30 : Creating Sampled Partial Matrix, 0.099 mins elapsed.
