
           ___      .______        ______  __    __  .______      
          /   \     |   _  \      /      ||  |  |  | |   _  \     
         /  ^  \    |  |_)  |    |  ,----'|  |__|  | |  |_)  |    
        /  /_\  \   |      /     |  |     |   __   | |      /     
       /  _____  \  |  |\  \\___ |  `----.|  |  |  | |  |\  \\___.
      /__/     \__\ | _| `._____| \______||__|  |__| | _| `._____|
    
Logging With ArchR!

Start Time : 2021-08-06 16:01:50

------- ArchR Info

ArchRThreads = 4

------- System Info

Computer OS = unix
Total Cores = 8

------- Session Info

R version 4.1.0 (2021-05-18)
Platform: x86_64-apple-darwin17.0 (64-bit)
Running under: macOS Big Sur 11.2.3

Matrix products: default
LAPACK: /Library/Frameworks/R.framework/Versions/4.1/Resources/lib/libRlapack.dylib

locale:
[1] en_US.UTF-8/en_US.UTF-8/en_US.UTF-8/C/en_US.UTF-8/en_US.UTF-8

attached base packages:
 [1] grid      parallel  stats4    stats     graphics  grDevices utils     datasets  methods   base     

other attached packages:
 [1] gridExtra_2.3               uwot_0.1.10                 nabor_0.5.0                 SeuratObject_4.0.2          Seurat_4.0.3               
 [6] ArchR_1.0.1                 magrittr_2.0.1              rhdf5_2.36.0                Matrix_1.3-4                data.table_1.14.0          
[11] SummarizedExperiment_1.22.0 Biobase_2.52.0              MatrixGenerics_1.4.0        matrixStats_0.60.0          ggplot2_3.3.5              
[16] GenomicRanges_1.44.0        GenomeInfoDb_1.28.1         IRanges_2.26.0              S4Vectors_0.30.0            BiocGenerics_0.38.0        

loaded via a namespace (and not attached):
  [1] plyr_1.8.6             igraph_1.2.6           lazyeval_0.2.2         splines_4.1.0          listenv_0.8.0          scattermore_0.7       
  [7] usethis_2.0.1          digest_0.6.27          htmltools_0.5.1.1      fansi_0.5.0            memoise_2.0.0          tensor_1.5            
 [13] cluster_2.1.2          ROCR_1.0-11            remotes_2.4.0          globals_0.14.0         spatstat.sparse_2.0-0  prettyunits_1.1.1     
 [19] colorspace_2.0-2       ggrepel_0.9.1          xfun_0.24              dplyr_1.0.7            callr_3.7.0            crayon_1.4.1          
 [25] RCurl_1.98-1.3         jsonlite_1.7.2         spatstat.data_2.1-0    survival_3.2-11        zoo_1.8-9              glue_1.4.2            
 [31] polyclip_1.10-0        gtable_0.3.0           zlibbioc_1.38.0        XVector_0.32.0         leiden_0.3.9           DelayedArray_0.18.0   
 [37] pkgbuild_1.2.0         Rhdf5lib_1.14.2        future.apply_1.7.0     abind_1.4-5            scales_1.1.1           pheatmap_1.0.12       
 [43] DBI_1.1.1              miniUI_0.1.1.1         Rcpp_1.0.7             viridisLite_0.4.0      xtable_1.8-4           reticulate_1.20       
 [49] spatstat.core_2.3-0    htmlwidgets_1.5.3      httr_1.4.2             RColorBrewer_1.1-2     ellipsis_0.3.2         ica_1.0-2             
 [55] farver_2.1.0           pkgconfig_2.0.3        deldir_0.2-10          utf8_1.2.2             labeling_0.4.2         tidyselect_1.1.1      
 [61] rlang_0.4.11           reshape2_1.4.4         later_1.2.0            munsell_0.5.0          tools_4.1.0            cachem_1.0.5          
 [67] cli_3.0.1              generics_0.1.0         devtools_2.4.2         ggridges_0.5.3         evaluate_0.14          stringr_1.4.0         
 [73] fastmap_1.1.0          yaml_2.2.1             goftest_1.2-2          processx_3.5.2         knitr_1.33             fs_1.5.0              
 [79] fitdistrplus_1.1-5     purrr_0.3.4            RANN_2.6.1             pbapply_1.4-3          future_1.21.0          nlme_3.1-152          
 [85] mime_0.11              rstudioapi_0.13        compiler_4.1.0         plotly_4.9.4.1         png_0.1-7              testthat_3.0.4        
 [91] spatstat.utils_2.2-0   tibble_3.1.3           stringi_1.7.3          ps_1.6.0               RSpectra_0.16-0        desc_1.3.0            
 [97] lattice_0.20-44        vctrs_0.3.8            pillar_1.6.2           lifecycle_1.0.0        rhdf5filters_1.4.0     BiocManager_1.30.16   
[103] spatstat.geom_2.2-2    lmtest_0.9-38          RcppAnnoy_0.0.19       cowplot_1.1.1          bitops_1.0-7           irlba_2.3.3           
[109] httpuv_1.6.1           patchwork_1.1.1        R6_2.5.0               promises_1.2.0.1       KernSmooth_2.23-20     parallelly_1.27.0     
[115] sessioninfo_1.1.1      codetools_0.2-18       gtools_3.9.2           pkgload_1.2.1          MASS_7.3-54            assertthat_0.2.1      
[121] rprojroot_2.0.2        withr_2.4.2            sctransform_0.3.2      GenomeInfoDbData_1.2.6 mgcv_1.8-36            rpart_4.1-15          
[127] tidyr_1.1.3            rmarkdown_2.9          Cairo_1.5-12.2         Rtsne_0.15             shiny_1.6.0           


------- Log Info


2021-08-06 16:01:50 : IterativeLSI Input-Parameters, Class = list

IterativeLSI Input-Parameters$ArchRProj: length = 1

IterativeLSI Input-Parameters$useMatrix: length = 1
[1] "TileMatrix"


IterativeLSI Input-Parameters$name: length = 1
[1] "LSI_ATAC_save_iters"


IterativeLSI Input-Parameters$iterations: length = 1
[1] 3


IterativeLSI Input-Parameters$firstSelection: length = 1
[1] "top"


IterativeLSI Input-Parameters$depthCol: length = 1
[1] "nFrags"


IterativeLSI Input-Parameters$varFeatures: length = 1
[1] 25000


IterativeLSI Input-Parameters$dimsToUse: length = 30
[1] 1 2 3 4 5 6


IterativeLSI Input-Parameters$LSIMethod: length = 1
[1] 2


IterativeLSI Input-Parameters$scaleDims: length = 1
[1] TRUE


IterativeLSI Input-Parameters$corCutOff: length = 1
[1] 0.75


IterativeLSI Input-Parameters$binarize: length = 1
[1] TRUE


IterativeLSI Input-Parameters$outlierQuantiles: length = 2
[1] 0.02 0.98


IterativeLSI Input-Parameters$filterBias: length = 1
[1] TRUE


IterativeLSI Input-Parameters$sampleCellsPre: length = 1
[1] 10000


IterativeLSI Input-Parameters$projectCellsPre: length = 1
[1] FALSE


IterativeLSI Input-Parameters$sampleCellsFinal: length = 0
NULL


IterativeLSI Input-Parameters$selectionMethod: length = 1
[1] "var"


IterativeLSI Input-Parameters$scaleTo: length = 1
[1] 10000


IterativeLSI Input-Parameters$totalFeatures: length = 1
[1] 5e+05


IterativeLSI Input-Parameters$filterQuantile: length = 1
[1] 0.995


IterativeLSI Input-Parameters$excludeChr: length = 0
NULL


IterativeLSI Input-Parameters$saveIterations: length = 1
[1] TRUE


IterativeLSI Input-Parameters$nPlot: length = 1
[1] 10000


IterativeLSI Input-Parameters$outDir: length = 1
[1] "/Users/jeongeunkim/Desktop/HARVARD/Dana_Farber_Research/Save-Projfilter2"


IterativeLSI Input-Parameters$threads: length = 1
[1] 4


IterativeLSI Input-Parameters$seed: length = 1
[1] 1


IterativeLSI Input-Parameters$verbose: length = 1
[1] TRUE


IterativeLSI Input-Parameters$force: length = 1
[1] FALSE


IterativeLSI Input-Parameters$logFile: length = 1
[1] "ArchRLogs/ArchR-addIterativeLSI-8295233a0e40-Date-2021-08-06_Time-16-01-50.log"


