
           ___      .______        ______  __    __  .______      
          /   \     |   _  \      /      ||  |  |  | |   _  \     
         /  ^  \    |  |_)  |    |  ,----'|  |__|  | |  |_)  |    
        /  /_\  \   |      /     |  |     |   __   | |      /     
       /  _____  \  |  |\  \\___ |  `----.|  |  |  | |  |\  \\___.
      /__/     \__\ | _| `._____| \______||__|  |__| | _| `._____|
    
Logging With ArchR!

Start Time : 2021-08-09 13:33:26

------- ArchR Info

ArchRThreads = 4

------- System Info

Computer OS = unix
Total Cores = 8

------- Session Info

R version 4.1.0 (2021-05-18)
Platform: x86_64-apple-darwin17.0 (64-bit)
Running under: macOS Big Sur 11.2.3

Matrix products: default
LAPACK: /Library/Frameworks/R.framework/Versions/4.1/Resources/lib/libRlapack.dylib

locale:
[1] en_US.UTF-8/en_US.UTF-8/en_US.UTF-8/C/en_US.UTF-8/en_US.UTF-8

attached base packages:
[1] parallel  stats4    stats     graphics  grDevices utils     datasets  methods   base     

other attached packages:
 [1] ArchR_1.0.1                 magrittr_2.0.1              rhdf5_2.36.0                Matrix_1.3-4                data.table_1.14.0          
 [6] SummarizedExperiment_1.22.0 Biobase_2.52.0              MatrixGenerics_1.4.0        matrixStats_0.60.0          ggplot2_3.3.5              
[11] GenomicRanges_1.44.0        GenomeInfoDb_1.28.1         IRanges_2.26.0              S4Vectors_0.30.0            BiocGenerics_0.38.0        

loaded via a namespace (and not attached):
  [1] plyr_1.8.6             igraph_1.2.6           lazyeval_0.2.2         splines_4.1.0          listenv_0.8.0          scattermore_0.7       
  [7] usethis_2.0.1          digest_0.6.27          htmltools_0.5.1.1      fansi_0.5.0            memoise_2.0.0          tensor_1.5            
 [13] cluster_2.1.2          ROCR_1.0-11            remotes_2.4.0          globals_0.14.0         spatstat.sparse_2.0-0  prettyunits_1.1.1     
 [19] colorspace_2.0-2       ggrepel_0.9.1          xfun_0.24              dplyr_1.0.7            callr_3.7.0            crayon_1.4.1          
 [25] RCurl_1.98-1.3         jsonlite_1.7.2         spatstat.data_2.1-0    survival_3.2-11        zoo_1.8-9              glue_1.4.2            
 [31] polyclip_1.10-0        gtable_0.3.0           zlibbioc_1.38.0        XVector_0.32.0         leiden_0.3.9           DelayedArray_0.18.0   
 [37] pkgbuild_1.2.0         Rhdf5lib_1.14.2        future.apply_1.7.0     abind_1.4-5            scales_1.1.1           DBI_1.1.1             
 [43] miniUI_0.1.1.1         Rcpp_1.0.7             viridisLite_0.4.0      xtable_1.8-4           reticulate_1.20        spatstat.core_2.3-0   
 [49] htmlwidgets_1.5.3      httr_1.4.2             RColorBrewer_1.1-2     ellipsis_0.3.2         Seurat_4.0.3           ica_1.0-2             
 [55] pkgconfig_2.0.3        uwot_0.1.10            deldir_0.2-10          utf8_1.2.2             tidyselect_1.1.1       rlang_0.4.11          
 [61] reshape2_1.4.4         later_1.2.0            munsell_0.5.0          tools_4.1.0            cachem_1.0.5           cli_3.0.1             
 [67] generics_0.1.0         devtools_2.4.2         ggridges_0.5.3         evaluate_0.14          stringr_1.4.0          fastmap_1.1.0         
 [73] goftest_1.2-2          yaml_2.2.1             processx_3.5.2         knitr_1.33             fs_1.5.0               fitdistrplus_1.1-5    
 [79] purrr_0.3.4            RANN_2.6.1             nlme_3.1-152           pbapply_1.4-3          future_1.21.0          mime_0.11             
 [85] compiler_4.1.0         plotly_4.9.4.1         png_0.1-7              testthat_3.0.4         spatstat.utils_2.2-0   tibble_3.1.3          
 [91] stringi_1.7.3          ps_1.6.0               desc_1.3.0             lattice_0.20-44        vctrs_0.3.8            pillar_1.6.2          
 [97] lifecycle_1.0.0        rhdf5filters_1.4.0     BiocManager_1.30.16    spatstat.geom_2.2-2    lmtest_0.9-38          RcppAnnoy_0.0.19      
[103] cowplot_1.1.1          bitops_1.0-7           irlba_2.3.3            httpuv_1.6.1           patchwork_1.1.1        R6_2.5.0              
[109] promises_1.2.0.1       KernSmooth_2.23-20     gridExtra_2.3          parallelly_1.27.0      sessioninfo_1.1.1      codetools_0.2-18      
[115] MASS_7.3-54            assertthat_0.2.1       pkgload_1.2.1          rprojroot_2.0.2        withr_2.4.2            SeuratObject_4.0.2    
[121] sctransform_0.3.2      GenomeInfoDbData_1.2.6 mgcv_1.8-36            rpart_4.1-15           grid_4.1.0             tidyr_1.1.3           
[127] rmarkdown_2.9          Cairo_1.5-12.2         Rtsne_0.15             shiny_1.6.0           


------- Log Info


2021-08-09 13:33:26 : IterativeLSI Input-Parameters, Class = list

IterativeLSI Input-Parameters$ArchRProj: length = 1

IterativeLSI Input-Parameters$useMatrix: length = 1
[1] "TileMatrix"


IterativeLSI Input-Parameters$name: length = 1
[1] "LSI_ATAC_save_iters_2021-08-09"


IterativeLSI Input-Parameters$iterations: length = 1
[1] 3


IterativeLSI Input-Parameters$firstSelection: length = 1
[1] "top"


IterativeLSI Input-Parameters$depthCol: length = 1
[1] "nFrags"


IterativeLSI Input-Parameters$varFeatures: length = 1
[1] 25000


IterativeLSI Input-Parameters$dimsToUse: length = 30
[1] 1 2 3 4 5 6


IterativeLSI Input-Parameters$LSIMethod: length = 1
[1] 2


IterativeLSI Input-Parameters$scaleDims: length = 1
[1] TRUE


IterativeLSI Input-Parameters$corCutOff: length = 1
[1] 0.75


IterativeLSI Input-Parameters$binarize: length = 1
[1] TRUE


IterativeLSI Input-Parameters$outlierQuantiles: length = 2
[1] 0.02 0.98


IterativeLSI Input-Parameters$filterBias: length = 1
[1] TRUE


IterativeLSI Input-Parameters$sampleCellsPre: length = 1
[1] 10000


IterativeLSI Input-Parameters$projectCellsPre: length = 1
[1] FALSE


IterativeLSI Input-Parameters$sampleCellsFinal: length = 0
NULL


IterativeLSI Input-Parameters$selectionMethod: length = 1
[1] "var"


IterativeLSI Input-Parameters$scaleTo: length = 1
[1] 10000


IterativeLSI Input-Parameters$totalFeatures: length = 1
[1] 5e+05


IterativeLSI Input-Parameters$filterQuantile: length = 1
[1] 0.995


IterativeLSI Input-Parameters$excludeChr: length = 0
NULL


IterativeLSI Input-Parameters$saveIterations: length = 1
[1] TRUE


IterativeLSI Input-Parameters$nPlot: length = 1
[1] 10000


IterativeLSI Input-Parameters$outDir: length = 1
[1] "/Users/jeongeunkim/Desktop/HARVARD/Dana_Farber_Research/Save-Projfilter2"


IterativeLSI Input-Parameters$threads: length = 1
[1] 4


IterativeLSI Input-Parameters$seed: length = 1
[1] 1


IterativeLSI Input-Parameters$verbose: length = 1
[1] TRUE


IterativeLSI Input-Parameters$force: length = 1
[1] FALSE


IterativeLSI Input-Parameters$logFile: length = 1
[1] "ArchRLogs/ArchR-addIterativeLSI-12178417a033c-Date-2021-08-09_Time-13-33-26.log"


2021-08-09 13:33:26 : Computing Total Across All Features, 0.003 mins elapsed.
2021-08-09 13:33:28 : Computing Top Features, 0.041 mins elapsed.
###########
2021-08-09 13:33:29 : Running LSI (1 of 3) on Top Features, 0.051 mins elapsed.
###########
2021-08-09 13:33:29 : Sampling Cells (N = 10000) for Estimated LSI, 0.052 mins elapsed.
2021-08-09 13:33:29 : Creating Sampled Partial Matrix, 0.052 mins elapsed.
2021-08-09 13:34:03 : Computing Estimated LSI (projectAll = FALSE), 0.614 mins elapsed.

2021-08-09 13:34:03 : LSI Parameters, Class = list

LSI Parameters$: length = 1
                       
1 function (name)      
2 .Internal(args(name))


LSI Parameters$mat: nRows = 25000, nCols = 10000
LSI Parameters$mat: NonZeroEntries = 48301116, EntryRange = [ 1 , 1 ]
5 x 5 sparse Matrix of class "dgCMatrix"
     PBMC_10k#AAACAGCCAAGGAATC-1 PBMC_10k#AAACAGCCAATCCCTT-1 PBMC_10k#AAACAGCCAATGCGCT-1 PBMC_10k#AAACAGCCACCAACCG-1 PBMC_10k#AAACAGCCAGTAGGTG-1
[1,]                           .                           .                           .                           .                           1
[2,]                           .                           1                           .                           .                           1
[3,]                           1                           .                           .                           .                           1
[4,]                           .                           .                           .                           1                           1
[5,]                           1                           .                           .                           1                           1


LSI Parameters$LSIMethod: length = 1
[1] 2


LSI Parameters$scaleTo: length = 1
[1] 10000


LSI Parameters$nDimensions: length = 1
[1] 30


LSI Parameters$binarize: length = 1
[1] TRUE


LSI Parameters$outlierQuantiles: length = 2
[1] 0.02 0.98


LSI Parameters$seed: length = 1
[1] 1


LSI Parameters$verbose: length = 1
[1] FALSE


LSI Parameters$tstart: length = 1
[1] "2021-08-09 13:33:26 EDT"


LSI Parameters$logFile: length = 1
[1] "ArchRLogs/ArchR-addIterativeLSI-12178417a033c-Date-2021-08-09_Time-13-33-26.log"


2021-08-09 13:34:03 : Running LSI, Input Matrix = 0.581 GB, 0.624 mins elapsed.
2021-08-09 13:34:03 : Binarizing Matrix, 0.624 mins elapsed.
2021-08-09 13:34:04 : Computing Term Frequency, 0.631 mins elapsed.
2021-08-09 13:34:04 : Filtering Outliers Based On Counts, 0.633 mins elapsed.
2021-08-09 13:34:05 : Removing 0 Sum Rows, 0.646 mins elapsed.
2021-08-09 13:34:06 : Computing Inverse Document Frequency, 0.675 mins elapsed.
2021-08-09 13:34:08 : Computing SVD using irlba, 0.697 mins elapsed.
2021-08-09 13:34:42 : Projecting Outliers with LSI-Projection (Granja* et al 2019), 1.261 mins elapsed.

2021-08-09 13:34:42 : LSI-Projection Parameters, Class = list

LSI-Projection Parameters$: length = 1
                       
1 function (name)      
2 .Internal(args(name))


LSI-Projection Parameters$mat: nRows = 25000, nCols = 10
LSI-Projection Parameters$mat: NonZeroEntries = 48770, EntryRange = [ 1 , 1 ]
5 x 5 sparse Matrix of class "dgCMatrix"
     PBMC_10k#AAACAGCCAATCCCTT-1 PBMC_10k#AAACAGCCAATGCGCT-1 PBMC_10k#AAACAGCCACCAACCG-1 PBMC_10k#AAACAGCCAGTAGGTG-1 PBMC_10k#AAACAGCCAGTTTACG-1
[1,]                           .                           .                           .                           1                           .
[2,]                           1                           .                           .                           1                           .
[3,]                           .                           .                           .                           1                           .
[4,]                           .                           .                           1                           1                           .
[5,]                           .                           .                           1                           1                           1


LSI-Projection Parameters$matSVD: nRows = 9600, nCols = 30
                                  LSI1      LSI2      LSI3       LSI4       LSI5
PBMC_10k#AAACAGCCAATCCCTT-1  -80.22151 -13.88951  2.845368 -4.1185553  -5.255961
PBMC_10k#AAACAGCCAATGCGCT-1  -68.01339 -13.71343 -5.931370  2.6125060   2.860558
PBMC_10k#AAACAGCCACCAACCG-1  -43.03785 -10.10167 -3.067047  0.1563207   2.635904
PBMC_10k#AAACAGCCAGTAGGTG-1 -107.97079 -22.67962 -3.101336  1.8942050   2.248176
PBMC_10k#AAACAGCCAGTTTACG-1  -79.67770 -13.17610 -3.066464 -1.0716253 -11.096655


LSI-Projection Parameters$returnModel: length = 1
[1] FALSE


LSI-Projection Parameters$verbose: length = 1
[1] FALSE


LSI-Projection Parameters$tstart: length = 0
NULL


LSI-Projection Parameters$logFile: length = 1
[1] "ArchRLogs/ArchR-addIterativeLSI-12178417a033c-Date-2021-08-09_Time-13-33-26.log"


2021-08-09 13:34:42 : Projecting LSI, Input Matrix = 0.001 GB, 0 mins elapsed.
2021-08-09 13:34:42 : Subsetting by Non-Zero features in inital Matrix, 0 mins elapsed.
2021-08-09 13:34:42 : Binarizing Matrix, 0 mins elapsed.
2021-08-09 13:34:42 : Computing Term Frequency, 0 mins elapsed.
2021-08-09 13:34:42 : Computing Inverse Document Frequency, 0 mins elapsed.
2021-08-09 13:34:42 : Computing TF-IDF Matrix, 0 mins elapsed.
2021-08-09 13:34:42 : Calculating V Matrix, 0.005 mins elapsed.
2021-08-09 13:34:42 : Computing Projected Coordinates, 0.005 mins elapsed.

2021-08-09 13:34:42 : LSI-Projection Parameters, Class = list

LSI-Projection Parameters$: length = 1
                       
1 function (name)      
2 .Internal(args(name))


LSI-Projection Parameters$mat: nRows = 25000, nCols = 400
LSI-Projection Parameters$mat: NonZeroEntries = 2369884, EntryRange = [ 1 , 1 ]
5 x 5 sparse Matrix of class "dgCMatrix"
     PBMC_10k#AAACAGCCAAGGAATC-1 PBMC_10k#AAACCAACACTAAGAA-1 PBMC_10k#AAAGCAAGTGTAATAC-1 PBMC_10k#AAAGCAAGTTAACGGC-1 PBMC_10k#AAAGCCGCATTAAGCT-1
[1,]                           .                           1                           .                           .                           .
[2,]                           .                           1                           .                           .                           .
[3,]                           1                           1                           .                           .                           .
[4,]                           .                           .                           .                           .                           .
[5,]                           1                           .                           .                           .                           .


LSI-Projection Parameters$matSVD: nRows = 9600, nCols = 30
                                  LSI1      LSI2      LSI3       LSI4       LSI5
PBMC_10k#AAACAGCCAATCCCTT-1  -80.22151 -13.88951  2.845368 -4.1185553  -5.255961
PBMC_10k#AAACAGCCAATGCGCT-1  -68.01339 -13.71343 -5.931370  2.6125060   2.860558
PBMC_10k#AAACAGCCACCAACCG-1  -43.03785 -10.10167 -3.067047  0.1563207   2.635904
PBMC_10k#AAACAGCCAGTAGGTG-1 -107.97079 -22.67962 -3.101336  1.8942050   2.248176
PBMC_10k#AAACAGCCAGTTTACG-1  -79.67770 -13.17610 -3.066464 -1.0716253 -11.096655


LSI-Projection Parameters$returnModel: length = 1
[1] FALSE


LSI-Projection Parameters$verbose: length = 1
[1] FALSE


LSI-Projection Parameters$tstart: length = 0
NULL


LSI-Projection Parameters$logFile: length = 1
[1] "ArchRLogs/ArchR-addIterativeLSI-12178417a033c-Date-2021-08-09_Time-13-33-26.log"


2021-08-09 13:34:42 : Projecting LSI, Input Matrix = 0.028 GB, 0 mins elapsed.
2021-08-09 13:34:42 : Subsetting by Non-Zero features in inital Matrix, 0 mins elapsed.
2021-08-09 13:34:42 : Binarizing Matrix, 0.001 mins elapsed.
2021-08-09 13:34:42 : Computing Term Frequency, 0.001 mins elapsed.
2021-08-09 13:34:42 : Computing Inverse Document Frequency, 0.002 mins elapsed.
2021-08-09 13:34:42 : Computing TF-IDF Matrix, 0.002 mins elapsed.
2021-08-09 13:34:42 : Calculating V Matrix, 0.007 mins elapsed.
2021-08-09 13:34:42 : Computing Projected Coordinates, 0.008 mins elapsed.
2021-08-09 13:34:42 : Finished LSI (TF-IDF SVD) using irlba, 1.275 mins elapsed.

2021-08-09 13:34:44 : outLSI-1, Class = SimpleList

outLSI-1$matSVD: nRows = 10000, nCols = 30
                                  LSI1      LSI2      LSI3       LSI4      LSI5
PBMC_10k#AAACAGCCAAGGAATC-1 -122.55625 -25.90962 -9.813168  5.0033528  5.658874
PBMC_10k#AAACAGCCAATCCCTT-1  -80.22151 -13.88951  2.845368 -4.1185553 -5.255961
PBMC_10k#AAACAGCCAATGCGCT-1  -68.01339 -13.71343 -5.931370  2.6125060  2.860558
PBMC_10k#AAACAGCCACCAACCG-1  -43.03785 -10.10167 -3.067047  0.1563207  2.635904
PBMC_10k#AAACAGCCAGTAGGTG-1 -107.97079 -22.67962 -3.101336  1.8942050  2.248176


outLSI-1$rowSm: length = 25000
[1] 1401 1606 1173 1417 2473 1310


outLSI-1$nCol: length = 1
[1] 9600


outLSI-1$exclude: length = 0
NULL


outLSI-1$idx: length = 25000
[1] 1 2 3 4 5 6


outLSI-1$u: nRows = 25000, nCols = 30
             [,1]         [,2]          [,3]          [,4]          [,5]
[1,] -0.005299990  0.002554861  0.0073362958 -0.0056122652  0.0016485461
[2,] -0.005799981  0.001732151  0.0042287471 -0.0045505302  0.0005805787
[3,] -0.004772264 -0.003801901 -0.0009647875  0.0082120333 -0.0035440431
[4,] -0.005374915 -0.003228693 -0.0031141891  0.0007022051  0.0016044024
[5,] -0.007559967 -0.002524445 -0.0008556932 -0.0027003585  0.0028792283


outLSI-1$v: nRows = 9600, nCols = 30
             [,1]         [,2]         [,3]          [,4]         [,5]
[1,] -0.010864177 -0.007262469  0.003921952 -0.0059892183 -0.012095429
[2,] -0.009210865 -0.007170397 -0.008175585  0.0037991158  0.006582941
[3,] -0.005828497 -0.005281904 -0.004227507  0.0002273221  0.006065948
[4,] -0.014622184 -0.011858591 -0.004274769  0.0027545599  0.005173678
[5,] -0.010790530 -0.006889444 -0.004226703 -0.0015583615 -0.025536490


outLSI-1$binarize: length = 1
[1] TRUE


outLSI-1$scaleTo: length = 1
[1] 10000


outLSI-1$nDimensions: length = 1
[1] 30


outLSI-1$LSIMethod: length = 1
[1] 2


outLSI-1$outliers: length = 400
[1] "PBMC_10k#AAACAGCCAAGGAATC-1" "PBMC_10k#AAACCAACACTAAGAA-1" "PBMC_10k#AAAGCAAGTGTAATAC-1" "PBMC_10k#AAAGCAAGTTAACGGC-1"
[5] "PBMC_10k#AAAGCCGCATTAAGCT-1" "PBMC_10k#AAAGGTTAGGTTACGT-1"


outLSI-1$date: length = 1
[1] "2021-08-09"


outLSI-1$seed: length = 1
[1] 1


outLSI-1$scaleDims: length = 1
[1] TRUE


outLSI-1$useMatrix: length = 1
[1] "TileMatrix"


outLSI-1$tileSize: length = 1
[1] 500



2021-08-09 13:34:44 : Cluster Params, Class = list

Cluster Params$: length = 1
                       
1 function (name)      
2 .Internal(args(name))


Cluster Params$matSVD: nRows = 10000, nCols = 30
                                  LSI1      LSI2      LSI3       LSI4      LSI5
PBMC_10k#AAACAGCCAAGGAATC-1 -122.55625 -25.90962 -9.813168  5.0033528  5.658874
PBMC_10k#AAACAGCCAATCCCTT-1  -80.22151 -13.88951  2.845368 -4.1185553 -5.255961
PBMC_10k#AAACAGCCAATGCGCT-1  -68.01339 -13.71343 -5.931370  2.6125060  2.860558
PBMC_10k#AAACAGCCACCAACCG-1  -43.03785 -10.10167 -3.067047  0.1563207  2.635904
PBMC_10k#AAACAGCCAGTAGGTG-1 -107.97079 -22.67962 -3.101336  1.8942050  2.248176


Cluster Params$corCutOff: length = 1
[1] 0.75


Cluster Params$dimsToUse: length = 30
[1] 1 2 3 4 5 6


Cluster Params$scaleDims: length = 1
[1] TRUE


Cluster Params$verbose: length = 1
[1] TRUE


Cluster Params$j: length = 1
[1] 1


Cluster Params$filterBias: length = 1
[1] TRUE


Cluster Params$cellNames: length = 10387
[1] "PBMC_10k#TAGCTAGGTTTGGGTA-1" "PBMC_10k#TTGGAGGCAGGCTTCG-1" "PBMC_10k#CATAGACTCCCTGGAA-1" "PBMC_10k#GGTGAGTAGGCGTAAA-1"
[5] "PBMC_10k#ATTTGCAAGCCGCAAC-1" "PBMC_10k#TATAGGTGTCATCAAG-1"


Cluster Params$cellDepth: length = 10387
PBMC_10k#TAGCTAGGTTTGGGTA-1 PBMC_10k#TTGGAGGCAGGCTTCG-1 PBMC_10k#CATAGACTCCCTGGAA-1 PBMC_10k#GGTGAGTAGGCGTAAA-1 PBMC_10k#ATTTGCAAGCCGCAAC-1 
                   4.941149                    4.940940                    4.911387                    4.907879                    4.898369 
PBMC_10k#TATAGGTGTCATCAAG-1 
                   4.898237 


Cluster Params$tstart: length = 1
[1] "2021-08-09 13:33:26 EDT"


Cluster Params$logFile: length = 1
[1] "ArchRLogs/ArchR-addIterativeLSI-12178417a033c-Date-2021-08-09_Time-13-33-26.log"


2021-08-09 13:34:44 : Identifying Clusters, 1.295 mins elapsed.

2021-08-09 13:34:44 : addClusters Input-Parameters, Class = list

addClusters Input-Parameters$: length = 1
                       
1 function (name)      
2 .Internal(args(name))


addClusters Input-Parameters$input: nRows = 10000, nCols = 30
                                 LSI1       LSI2        LSI3        LSI4       LSI5
PBMC_10k#AAACAGCCAAGGAATC-1 -5.137558 -0.9204172 -0.21805415  0.42845940  0.4570628
PBMC_10k#AAACAGCCAATCCCTT-1 -5.120224 -0.7147006  0.39676779 -0.06574999 -0.1412922
PBMC_10k#AAACAGCCAATGCGCT-1 -5.063559 -0.8659310 -0.26434347  0.39613599  0.4153115
PBMC_10k#AAACAGCCACCAACCG-1 -4.979959 -0.9880672 -0.13546497  0.25520981  0.5557373
PBMC_10k#AAACAGCCAGTAGGTG-1 -5.137160 -0.9431604  0.01955756  0.26520195  0.2826077


addClusters Input-Parameters$reducedDims: length = 1
[1] "IterativeLSI"


addClusters Input-Parameters$name: length = 1
[1] "Clusters"


addClusters Input-Parameters$sampleCells: length = 1
[1] 10000


addClusters Input-Parameters$seed: length = 1
[1] 1


addClusters Input-Parameters$method: length = 1
[1] "Seurat"


addClusters Input-Parameters$dimsToUse: length = 0
NULL


addClusters Input-Parameters$scaleDims: length = 0
NULL


addClusters Input-Parameters$corCutOff: length = 1
[1] 0.75


addClusters Input-Parameters$knnAssign: length = 1
[1] 10


addClusters Input-Parameters$nOutlier: length = 1
[1] 5


addClusters Input-Parameters$maxClusters: length = 1
[1] 25


addClusters Input-Parameters$testBias: length = 1
[1] TRUE


addClusters Input-Parameters$filterBias: length = 1
[1] TRUE


addClusters Input-Parameters$biasClusters: length = 1
[1] 0.01


addClusters Input-Parameters$biasCol: length = 1
[1] "nFrags"


addClusters Input-Parameters$biasVals: length = 10000
[1] 4.550607 4.127623 4.050612 3.710371 4.415824 4.109612


addClusters Input-Parameters$biasQuantiles: length = 2
[1] 0.05 0.95


addClusters Input-Parameters$biasEnrich: length = 1
[1] 10


addClusters Input-Parameters$biasProportion: length = 1
[1] 0.5


addClusters Input-Parameters$biasPval: length = 1
[1] 0.05


addClusters Input-Parameters$nPerm: length = 1
[1] 500


addClusters Input-Parameters$prefix: length = 1
[1] "C"


addClusters Input-Parameters$ArchRProj: length = 0
NULL


addClusters Input-Parameters$verbose: length = 1
[1] FALSE


addClusters Input-Parameters$tstart: length = 0
NULL


addClusters Input-Parameters$force: length = 1
[1] FALSE


addClusters Input-Parameters$logFile: length = 1
[1] "ArchRLogs/ArchR-addIterativeLSI-12178417a033c-Date-2021-08-09_Time-13-33-26.log"


addClusters Input-Parameters$...: length = 2

2021-08-09 13:34:44 : Running Seurats FindClusters (Stuart et al. Cell 2019), 0 mins elapsed.
2021-08-09 13:35:01 : Testing Biased Clusters, 0.282 mins elapsed.
2021-08-09 13:35:01 : Assigning Biased Clusters (n = 1) to Neighbors, 0.285 mins elapsed.
2021-08-09 13:35:01 : Testing Outlier Clusters, 0.288 mins elapsed.
2021-08-09 13:35:01 : Assigning Cluster Names to 14 Clusters, 0.288 mins elapsed.
2021-08-09 13:35:01 : Finished addClusters, 0.288 mins elapsed.
2021-08-09 13:35:01 : Identified 14 Clusters, 1.584 mins elapsed.

2021-08-09 13:35:01 : clusterDF-1, Class = DFrame
DataFrame with 10000 rows and 2 columns
                   cellNames    clusters
                 <character> <character>
1     PBMC_10k#AAACAGCCAAG..         C10
2     PBMC_10k#AAACAGCCAAT..          C9
3     PBMC_10k#AAACAGCCAAT..         C11
4     PBMC_10k#AAACAGCCACC..         C10
5     PBMC_10k#AAACAGCCAGT..         C10
...                      ...         ...
9996  PBMC_10k#TTTGTTGGTGA..         C10
9997  PBMC_10k#TTTGTTGGTGT..         C10
9998  PBMC_10k#TTTGTTGGTTA..          C7
9999  PBMC_10k#TTTGTTGGTTG..          C9
10000 PBMC_10k#TTTGTTGGTTT..          C9

2021-08-09 13:35:01 : Saving LSI Iteration, 1.585 mins elapsed.

2021-08-09 13:35:01 : Save iteration, Class = list

Save iteration$: length = 1
                       
1 function (name)      
2 .Internal(args(name))


Save iteration$matSVD: nRows = 10000, nCols = 30
                                  LSI1      LSI2      LSI3       LSI4      LSI5
PBMC_10k#AAACAGCCAAGGAATC-1 -122.55625 -25.90962 -9.813168  5.0033528  5.658874
PBMC_10k#AAACAGCCAATCCCTT-1  -80.22151 -13.88951  2.845368 -4.1185553 -5.255961
PBMC_10k#AAACAGCCAATGCGCT-1  -68.01339 -13.71343 -5.931370  2.6125060  2.860558
PBMC_10k#AAACAGCCACCAACCG-1  -43.03785 -10.10167 -3.067047  0.1563207  2.635904
PBMC_10k#AAACAGCCAGTAGGTG-1 -107.97079 -22.67962 -3.101336  1.8942050  2.248176


Save iteration$clusters: length = 10000
[1] "C10" "C9"  "C11" "C10" "C10" "C9" 


Save iteration$nPlot: length = 1
[1] 10000


Save iteration$ArchRProj: length = 1

Save iteration$scaleDims: length = 1
[1] TRUE


Save iteration$corCutOff: length = 1
[1] 0.75


Save iteration$dimsToUse: length = 30
[1] 1 2 3 4 5 6


Save iteration$j: length = 1
[1] 1


Save iteration$threads: length = 1
[1] 4


Save iteration$outDir: length = 1
[1] "/Users/jeongeunkim/Desktop/HARVARD/Dana_Farber_Research/Save-Projfilter2/LSI_ATAC_save_iters_2021-08-09"


Save iteration$logFile: length = 1
[1] "ArchRLogs/ArchR-addIterativeLSI-12178417a033c-Date-2021-08-09_Time-13-33-26.log"


2021-08-09 13:35:13 : Creating Cluster Matrix on the total Group Features, 1.778 mins elapsed.
2021-08-09 13:36:26 : Computing Variable Features, 2.996 mins elapsed.
###########
2021-08-09 13:36:26 : Running LSI (2 of 3) on Variable Features, 3.002 mins elapsed.
###########
2021-08-09 13:36:26 : Sampling Cells (N = 10000) for Estimated LSI, 3.003 mins elapsed.
2021-08-09 13:36:26 : Creating Sampled Partial Matrix, 3.004 mins elapsed.
2021-08-09 13:36:55 : Computing Estimated LSI (projectAll = FALSE), 3.482 mins elapsed.

2021-08-09 13:36:55 : LSI Parameters, Class = list

LSI Parameters$: length = 1
                       
1 function (name)      
2 .Internal(args(name))


LSI Parameters$mat: nRows = 25000, nCols = 10000
LSI Parameters$mat: NonZeroEntries = 36604163, EntryRange = [ 1 , 1 ]
5 x 5 sparse Matrix of class "dgCMatrix"
     PBMC_10k#AAACAGCCAAGGAATC-1 PBMC_10k#AAACAGCCAATCCCTT-1 PBMC_10k#AAACAGCCAATGCGCT-1 PBMC_10k#AAACAGCCACCAACCG-1 PBMC_10k#AAACAGCCAGGATAAC-1
[1,]                           .                           .                           1                           .                           .
[2,]                           .                           .                           1                           .                           .
[3,]                           1                           .                           1                           .                           .
[4,]                           1                           .                           .                           .                           1
[5,]                           1                           .                           .                           .                           .


LSI Parameters$LSIMethod: length = 1
[1] 2


LSI Parameters$scaleTo: length = 1
[1] 10000


LSI Parameters$nDimensions: length = 1
[1] 30


LSI Parameters$binarize: length = 1
[1] TRUE


LSI Parameters$outlierQuantiles: length = 2
[1] 0.02 0.98


LSI Parameters$seed: length = 1
[1] 1


LSI Parameters$verbose: length = 1
[1] FALSE


LSI Parameters$tstart: length = 1
[1] "2021-08-09 13:33:26 EDT"


LSI Parameters$logFile: length = 1
[1] "ArchRLogs/ArchR-addIterativeLSI-12178417a033c-Date-2021-08-09_Time-13-33-26.log"


2021-08-09 13:36:55 : Running LSI, Input Matrix = 0.44 GB, 3.488 mins elapsed.
2021-08-09 13:36:55 : Binarizing Matrix, 3.488 mins elapsed.
2021-08-09 13:36:56 : Computing Term Frequency, 3.493 mins elapsed.
2021-08-09 13:36:56 : Filtering Outliers Based On Counts, 3.494 mins elapsed.
2021-08-09 13:36:56 : Removing 0 Sum Rows, 3.505 mins elapsed.
2021-08-09 13:36:58 : Computing Inverse Document Frequency, 3.528 mins elapsed.
2021-08-09 13:36:59 : Computing SVD using irlba, 3.544 mins elapsed.
2021-08-09 13:37:12 : Projecting Outliers with LSI-Projection (Granja* et al 2019), 3.772 mins elapsed.

2021-08-09 13:37:12 : LSI-Projection Parameters, Class = list

LSI-Projection Parameters$: length = 1
                       
1 function (name)      
2 .Internal(args(name))


LSI-Projection Parameters$mat: nRows = 25000, nCols = 10
LSI-Projection Parameters$mat: NonZeroEntries = 33136, EntryRange = [ 1 , 1 ]
5 x 5 sparse Matrix of class "dgCMatrix"
     PBMC_10k#AAACAGCCAATCCCTT-1 PBMC_10k#AAACAGCCAATGCGCT-1 PBMC_10k#AAACAGCCACCAACCG-1 PBMC_10k#AAACAGCCAGGATAAC-1 PBMC_10k#AAACAGCCAGTAGGTG-1
[1,]                           .                           1                           .                           .                           .
[2,]                           .                           1                           .                           .                           .
[3,]                           .                           1                           .                           .                           1
[4,]                           .                           .                           .                           1                           1
[5,]                           .                           .                           .                           .                           1


LSI-Projection Parameters$matSVD: nRows = 9600, nCols = 30
                                  LSI1     LSI2     LSI3      LSI4       LSI5
PBMC_10k#AAACAGCCAATCCCTT-1  -75.75474 23.20654 4.796401 -3.305414 -1.0169274
PBMC_10k#AAACAGCCAATGCGCT-1  -63.33173 20.19263 4.307986  9.989442  2.9216761
PBMC_10k#AAACAGCCACCAACCG-1  -39.52426 13.33165 2.796934  4.618290  1.5052155
PBMC_10k#AAACAGCCAGGATAAC-1  -50.67172 17.54239 4.287837 10.075909  0.5112163
PBMC_10k#AAACAGCCAGTAGGTG-1 -100.44878 35.27300 6.074970  7.277678  2.5540831


LSI-Projection Parameters$returnModel: length = 1
[1] FALSE


LSI-Projection Parameters$verbose: length = 1
[1] FALSE


LSI-Projection Parameters$tstart: length = 0
NULL


LSI-Projection Parameters$logFile: length = 1
[1] "ArchRLogs/ArchR-addIterativeLSI-12178417a033c-Date-2021-08-09_Time-13-33-26.log"


2021-08-09 13:37:12 : Projecting LSI, Input Matrix = 0 GB, 0 mins elapsed.
2021-08-09 13:37:12 : Subsetting by Non-Zero features in inital Matrix, 0 mins elapsed.
2021-08-09 13:37:12 : Binarizing Matrix, 0 mins elapsed.
2021-08-09 13:37:12 : Computing Term Frequency, 0 mins elapsed.
2021-08-09 13:37:12 : Computing Inverse Document Frequency, 0 mins elapsed.
2021-08-09 13:37:12 : Computing TF-IDF Matrix, 0 mins elapsed.
2021-08-09 13:37:13 : Calculating V Matrix, 0.005 mins elapsed.
2021-08-09 13:37:13 : Computing Projected Coordinates, 0.006 mins elapsed.

2021-08-09 13:37:13 : LSI-Projection Parameters, Class = list

LSI-Projection Parameters$: length = 1
                       
1 function (name)      
2 .Internal(args(name))


LSI-Projection Parameters$mat: nRows = 25000, nCols = 400
LSI-Projection Parameters$mat: NonZeroEntries = 1782898, EntryRange = [ 1 , 1 ]
5 x 5 sparse Matrix of class "dgCMatrix"
     PBMC_10k#AAACAGCCAAGGAATC-1 PBMC_10k#AAACCAACACTAAGAA-1 PBMC_10k#AAAGCAAGTGTAATAC-1 PBMC_10k#AAAGCAAGTTAACGGC-1 PBMC_10k#AAAGCGGGTAGCCTCC-1
[1,]                           .                           .                           .                           .                           .
[2,]                           .                           .                           .                           .                           .
[3,]                           1                           .                           .                           .                           .
[4,]                           1                           .                           .                           .                           .
[5,]                           1                           .                           .                           .                           .


LSI-Projection Parameters$matSVD: nRows = 9600, nCols = 30
                                  LSI1     LSI2     LSI3      LSI4       LSI5
PBMC_10k#AAACAGCCAATCCCTT-1  -75.75474 23.20654 4.796401 -3.305414 -1.0169274
PBMC_10k#AAACAGCCAATGCGCT-1  -63.33173 20.19263 4.307986  9.989442  2.9216761
PBMC_10k#AAACAGCCACCAACCG-1  -39.52426 13.33165 2.796934  4.618290  1.5052155
PBMC_10k#AAACAGCCAGGATAAC-1  -50.67172 17.54239 4.287837 10.075909  0.5112163
PBMC_10k#AAACAGCCAGTAGGTG-1 -100.44878 35.27300 6.074970  7.277678  2.5540831


LSI-Projection Parameters$returnModel: length = 1
[1] FALSE


LSI-Projection Parameters$verbose: length = 1
[1] FALSE


LSI-Projection Parameters$tstart: length = 0
NULL


LSI-Projection Parameters$logFile: length = 1
[1] "ArchRLogs/ArchR-addIterativeLSI-12178417a033c-Date-2021-08-09_Time-13-33-26.log"


2021-08-09 13:37:13 : Projecting LSI, Input Matrix = 0.021 GB, 0 mins elapsed.
2021-08-09 13:37:13 : Subsetting by Non-Zero features in inital Matrix, 0 mins elapsed.
2021-08-09 13:37:13 : Binarizing Matrix, 0.001 mins elapsed.
2021-08-09 13:37:13 : Computing Term Frequency, 0.001 mins elapsed.
2021-08-09 13:37:13 : Computing Inverse Document Frequency, 0.001 mins elapsed.
2021-08-09 13:37:13 : Computing TF-IDF Matrix, 0.001 mins elapsed.
2021-08-09 13:37:13 : Calculating V Matrix, 0.007 mins elapsed.
2021-08-09 13:37:13 : Computing Projected Coordinates, 0.008 mins elapsed.
2021-08-09 13:37:13 : Finished LSI (TF-IDF SVD) using irlba, 3.785 mins elapsed.

2021-08-09 13:37:14 : outLSI-2, Class = SimpleList

outLSI-2$matSVD: nRows = 10000, nCols = 30
                                  LSI1     LSI2     LSI3      LSI4       LSI5
PBMC_10k#AAACAGCCAAGGAATC-1 -114.18235 39.11138 6.974779 17.693068  5.4757569
PBMC_10k#AAACAGCCAATCCCTT-1  -75.75474 23.20654 4.796401 -3.305414 -1.0169274
PBMC_10k#AAACAGCCAATGCGCT-1  -63.33173 20.19263 4.307986  9.989442  2.9216761
PBMC_10k#AAACAGCCACCAACCG-1  -39.52426 13.33165 2.796934  4.618290  1.5052155
PBMC_10k#AAACAGCCAGGATAAC-1  -50.67172 17.54239 4.287837 10.075909  0.5112163


outLSI-2$rowSm: length = 25000
[1] 1698 1796 1977 1631 1398 1484


outLSI-2$nCol: length = 1
[1] 9600


outLSI-2$exclude: length = 0
NULL


outLSI-2$idx: length = 25000
[1] 1 2 3 4 5 6


outLSI-2$u: nRows = 25000, nCols = 30
             [,1]         [,2]         [,3]         [,4]          [,5]
[1,] -0.006815850 -0.006477021  0.001077299  0.003921407  0.0009582728
[2,] -0.007122406 -0.003385324  0.001508959  0.005309149  0.0008906678
[3,] -0.007710005  0.002441435  0.001734780 -0.001269600  0.0006985844
[4,] -0.006849013  0.004134350 -0.017100544  0.007396338 -0.0050459999
[5,] -0.006239326  0.005932716  0.002094679  0.002858567  0.0024802654


outLSI-2$v: nRows = 9600, nCols = 30
             [,1]        [,2]        [,3]         [,4]          [,5]
[1,] -0.010729700 0.007612619 0.003467268 -0.002809834 -0.0013578006
[2,] -0.008970138 0.006623943 0.003114197  0.008491727  0.0039010195
[3,] -0.005598111 0.004373284 0.002021874  0.003925871  0.0020097624
[4,] -0.007177008 0.005754564 0.003099632  0.008565230  0.0006825756
[5,] -0.014227298 0.011570871 0.004391532  0.006186537  0.0034102096


outLSI-2$binarize: length = 1
[1] TRUE


outLSI-2$scaleTo: length = 1
[1] 10000


outLSI-2$nDimensions: length = 1
[1] 30


outLSI-2$LSIMethod: length = 1
[1] 2


outLSI-2$outliers: length = 400
[1] "PBMC_10k#AAACAGCCAAGGAATC-1" "PBMC_10k#AAACCAACACTAAGAA-1" "PBMC_10k#AAAGCAAGTGTAATAC-1" "PBMC_10k#AAAGCAAGTTAACGGC-1"
[5] "PBMC_10k#AAAGCGGGTAGCCTCC-1" "PBMC_10k#AAAGGTTAGGTTACGT-1"


outLSI-2$date: length = 1
[1] "2021-08-09"


outLSI-2$seed: length = 1
[1] 1


outLSI-2$scaleDims: length = 1
[1] TRUE


outLSI-2$useMatrix: length = 1
[1] "TileMatrix"


outLSI-2$tileSize: length = 1
[1] 500



2021-08-09 13:37:14 : Cluster Params, Class = list

Cluster Params$: length = 1
                       
1 function (name)      
2 .Internal(args(name))


Cluster Params$matSVD: nRows = 10000, nCols = 30
                                  LSI1     LSI2     LSI3      LSI4       LSI5
PBMC_10k#AAACAGCCAAGGAATC-1 -114.18235 39.11138 6.974779 17.693068  5.4757569
PBMC_10k#AAACAGCCAATCCCTT-1  -75.75474 23.20654 4.796401 -3.305414 -1.0169274
PBMC_10k#AAACAGCCAATGCGCT-1  -63.33173 20.19263 4.307986  9.989442  2.9216761
PBMC_10k#AAACAGCCACCAACCG-1  -39.52426 13.33165 2.796934  4.618290  1.5052155
PBMC_10k#AAACAGCCAGGATAAC-1  -50.67172 17.54239 4.287837 10.075909  0.5112163


Cluster Params$corCutOff: length = 1
[1] 0.75


Cluster Params$dimsToUse: length = 30
[1] 1 2 3 4 5 6


Cluster Params$scaleDims: length = 1
[1] TRUE


Cluster Params$verbose: length = 1
[1] TRUE


Cluster Params$j: length = 1
[1] 2


Cluster Params$filterBias: length = 1
[1] TRUE


Cluster Params$cellNames: length = 10387
[1] "PBMC_10k#TAGCTAGGTTTGGGTA-1" "PBMC_10k#TTGGAGGCAGGCTTCG-1" "PBMC_10k#CATAGACTCCCTGGAA-1" "PBMC_10k#GGTGAGTAGGCGTAAA-1"
[5] "PBMC_10k#ATTTGCAAGCCGCAAC-1" "PBMC_10k#TATAGGTGTCATCAAG-1"


Cluster Params$cellDepth: length = 10387
PBMC_10k#TAGCTAGGTTTGGGTA-1 PBMC_10k#TTGGAGGCAGGCTTCG-1 PBMC_10k#CATAGACTCCCTGGAA-1 PBMC_10k#GGTGAGTAGGCGTAAA-1 PBMC_10k#ATTTGCAAGCCGCAAC-1 
                   4.941149                    4.940940                    4.911387                    4.907879                    4.898369 
PBMC_10k#TATAGGTGTCATCAAG-1 
                   4.898237 


Cluster Params$tstart: length = 1
[1] "2021-08-09 13:33:26 EDT"


Cluster Params$logFile: length = 1
[1] "ArchRLogs/ArchR-addIterativeLSI-12178417a033c-Date-2021-08-09_Time-13-33-26.log"


2021-08-09 13:37:14 : Identifying Clusters, 3.802 mins elapsed.

2021-08-09 13:37:14 : addClusters Input-Parameters, Class = list

addClusters Input-Parameters$: length = 1
                       
1 function (name)      
2 .Internal(args(name))


addClusters Input-Parameters$input: nRows = 10000, nCols = 30
                                 LSI1     LSI2      LSI3       LSI4       LSI5
PBMC_10k#AAACAGCCAAGGAATC-1 -4.916107 1.787369 0.3820479  0.8507547 0.31649629
PBMC_10k#AAACAGCCAATCCCTT-1 -4.947949 1.639483 0.4139979 -0.1253055 0.02702936
PBMC_10k#AAACAGCCAATGCGCT-1 -4.955994 1.659950 0.4017314  0.8517581 0.29192217
PBMC_10k#AAACAGCCACCAACCG-1 -4.895940 1.667181 0.3590842  0.5852420 0.19869147
PBMC_10k#AAACAGCCAGGATAAC-1 -4.847023 1.758011 0.4745995  1.0350467 0.10891705


addClusters Input-Parameters$reducedDims: length = 1
[1] "IterativeLSI"


addClusters Input-Parameters$name: length = 1
[1] "Clusters"


addClusters Input-Parameters$sampleCells: length = 1
[1] 10000


addClusters Input-Parameters$seed: length = 1
[1] 1


addClusters Input-Parameters$method: length = 1
[1] "Seurat"


addClusters Input-Parameters$dimsToUse: length = 0
NULL


addClusters Input-Parameters$scaleDims: length = 0
NULL


addClusters Input-Parameters$corCutOff: length = 1
[1] 0.75


addClusters Input-Parameters$knnAssign: length = 1
[1] 10


addClusters Input-Parameters$nOutlier: length = 1
[1] 5


addClusters Input-Parameters$maxClusters: length = 1
[1] 25


addClusters Input-Parameters$testBias: length = 1
[1] TRUE


addClusters Input-Parameters$filterBias: length = 1
[1] TRUE


addClusters Input-Parameters$biasClusters: length = 1
[1] 0.01


addClusters Input-Parameters$biasCol: length = 1
[1] "nFrags"


addClusters Input-Parameters$biasVals: length = 10000
[1] 4.550607 4.127623 4.050612 3.710371 3.818556 4.415824


addClusters Input-Parameters$biasQuantiles: length = 2
[1] 0.05 0.95


addClusters Input-Parameters$biasEnrich: length = 1
[1] 10


addClusters Input-Parameters$biasProportion: length = 1
[1] 0.5


addClusters Input-Parameters$biasPval: length = 1
[1] 0.05


addClusters Input-Parameters$nPerm: length = 1
[1] 500


addClusters Input-Parameters$prefix: length = 1
[1] "C"


addClusters Input-Parameters$ArchRProj: length = 0
NULL


addClusters Input-Parameters$verbose: length = 1
[1] FALSE


addClusters Input-Parameters$tstart: length = 0
NULL


addClusters Input-Parameters$force: length = 1
[1] FALSE


addClusters Input-Parameters$logFile: length = 1
[1] "ArchRLogs/ArchR-addIterativeLSI-12178417a033c-Date-2021-08-09_Time-13-33-26.log"


addClusters Input-Parameters$...: length = 2

2021-08-09 13:37:14 : Running Seurats FindClusters (Stuart et al. Cell 2019), 0 mins elapsed.
2021-08-09 13:37:30 : Testing Biased Clusters, 0.267 mins elapsed.
2021-08-09 13:37:30 : Assigning Biased Clusters (n = 1) to Neighbors, 0.27 mins elapsed.
2021-08-09 13:37:30 : Testing Outlier Clusters, 0.27 mins elapsed.
2021-08-09 13:37:30 : Assigning Cluster Names to 18 Clusters, 0.27 mins elapsed.
2021-08-09 13:37:30 : Finished addClusters, 0.271 mins elapsed.
2021-08-09 13:37:30 : Identified 18 Clusters, 4.073 mins elapsed.

2021-08-09 13:37:30 : clusterDF-2, Class = DFrame
DataFrame with 10000 rows and 2 columns
                   cellNames    clusters
                 <character> <character>
1     PBMC_10k#AAACAGCCAAG..         C13
2     PBMC_10k#AAACAGCCAAT..         C11
3     PBMC_10k#AAACAGCCAAT..         C12
4     PBMC_10k#AAACAGCCACC..         C14
5     PBMC_10k#AAACAGCCAGG..         C12
...                      ...         ...
9996  PBMC_10k#TTTGTTGGTGA..         C14
9997  PBMC_10k#TTTGTTGGTGT..         C13
9998  PBMC_10k#TTTGTTGGTTA..         C15
9999  PBMC_10k#TTTGTTGGTTG..         C11
10000 PBMC_10k#TTTGTTGGTTT..         C11

2021-08-09 13:37:30 : Saving LSI Iteration, 4.073 mins elapsed.

2021-08-09 13:37:30 : Save iteration, Class = list

Save iteration$: length = 1
                       
1 function (name)      
2 .Internal(args(name))


Save iteration$matSVD: nRows = 10000, nCols = 30
                                  LSI1     LSI2     LSI3      LSI4       LSI5
PBMC_10k#AAACAGCCAAGGAATC-1 -114.18235 39.11138 6.974779 17.693068  5.4757569
PBMC_10k#AAACAGCCAATCCCTT-1  -75.75474 23.20654 4.796401 -3.305414 -1.0169274
PBMC_10k#AAACAGCCAATGCGCT-1  -63.33173 20.19263 4.307986  9.989442  2.9216761
PBMC_10k#AAACAGCCACCAACCG-1  -39.52426 13.33165 2.796934  4.618290  1.5052155
PBMC_10k#AAACAGCCAGGATAAC-1  -50.67172 17.54239 4.287837 10.075909  0.5112163


Save iteration$clusters: length = 10000
[1] "C13" "C11" "C12" "C14" "C12" "C13"


Save iteration$nPlot: length = 1
[1] 10000


Save iteration$ArchRProj: length = 1

Save iteration$scaleDims: length = 1
[1] TRUE


Save iteration$corCutOff: length = 1
[1] 0.75


Save iteration$dimsToUse: length = 30
[1] 1 2 3 4 5 6


Save iteration$j: length = 1
[1] 2


Save iteration$threads: length = 1
[1] 4


Save iteration$outDir: length = 1
[1] "/Users/jeongeunkim/Desktop/HARVARD/Dana_Farber_Research/Save-Projfilter2/LSI_ATAC_save_iters_2021-08-09"


Save iteration$logFile: length = 1
[1] "ArchRLogs/ArchR-addIterativeLSI-12178417a033c-Date-2021-08-09_Time-13-33-26.log"


2021-08-09 13:37:42 : Creating Cluster Matrix on the total Group Features, 4.263 mins elapsed.

************************************************************
2021-08-09 13:38:52 : ERROR Found in .identifyVarFeatures for  
LogFile = ArchRLogs/ArchR-addIterativeLSI-12178417a033c-Date-2021-08-09_Time-13-33-26.log

<simpleError in mat[rownames(featureDF), , drop = FALSE]: subscript out of bounds>

2021-08-09 13:38:52 : errorList, Class = list

errorList$: length = 1
                       
1 function (name)      
2 .Internal(args(name))


errorList$matSVD: nRows = 10000, nCols = 30
                                  LSI1     LSI2     LSI3      LSI4       LSI5
PBMC_10k#AAACAGCCAAGGAATC-1 -114.18235 39.11138 6.974779 17.693068  5.4757569
PBMC_10k#AAACAGCCAATCCCTT-1  -75.75474 23.20654 4.796401 -3.305414 -1.0169274
PBMC_10k#AAACAGCCAATGCGCT-1  -63.33173 20.19263 4.307986  9.989442  2.9216761
PBMC_10k#AAACAGCCACCAACCG-1  -39.52426 13.33165 2.796934  4.618290  1.5052155
PBMC_10k#AAACAGCCAGGATAAC-1  -50.67172 17.54239 4.287837 10.075909  0.5112163


errorList$ArrowFiles: length = 1
[1] "/Users/jeongeunkim/Desktop/HARVARD/Dana_Farber_Research/Save-Projfilter2/ArrowFiles/PBMC_10k.arrow"


errorList$useMatrix: length = 1
[1] "TileMatrix"


errorList$scaleTo: length = 1
[1] 10000


errorList$firstSelection: length = 1
[1] "top"


errorList$totalFeatures: length = 1
[1] 5e+05


errorList$selectionMethod: length = 1
[1] "var"


errorList$varFeatures: length = 1
[1] 25000


errorList$tstart: length = 1
[1] "2021-08-09 13:33:26 EDT"


errorList$threads: length = 1
[1] 4


errorList$verbose: length = 1
[1] TRUE


errorList$logFile: length = 1
[1] "ArchRLogs/ArchR-addIterativeLSI-12178417a033c-Date-2021-08-09_Time-13-33-26.log"



************************************************************

