
           ___      .______        ______  __    __  .______      
          /   \     |   _  \      /      ||  |  |  | |   _  \     
         /  ^  \    |  |_)  |    |  ,----'|  |__|  | |  |_)  |    
        /  /_\  \   |      /     |  |     |   __   | |      /     
       /  _____  \  |  |\  \\___ |  `----.|  |  |  | |  |\  \\___.
      /__/     \__\ | _| `._____| \______||__|  |__| | _| `._____|
    
Logging With ArchR!

Start Time : 2021-07-27 20:31:42

------- ArchR Info

ArchRThreads = 4
ArchRGenome = Hg38

------- System Info

Computer OS = unix
Total Cores = 8

------- Session Info

R version 4.1.0 (2021-05-18)
Platform: x86_64-apple-darwin17.0 (64-bit)
Running under: macOS Big Sur 11.2.3

Matrix products: default
LAPACK: /Library/Frameworks/R.framework/Versions/4.1/Resources/lib/libRlapack.dylib

locale:
[1] en_US.UTF-8/en_US.UTF-8/en_US.UTF-8/C/en_US.UTF-8/en_US.UTF-8

attached base packages:
 [1] grid      parallel  stats4    stats     graphics  grDevices utils     datasets  methods   base     

other attached packages:
 [1] gridExtra_2.3                     Rsamtools_2.8.0                   BSgenome.Hsapiens.UCSC.hg38_1.4.3
 [4] BSgenome_1.60.0                   rtracklayer_1.52.0                Biostrings_2.60.1                
 [7] XVector_0.32.0                    ArchR_1.0.1                       magrittr_2.0.1                   
[10] rhdf5_2.36.0                      Matrix_1.3-4                      data.table_1.14.0                
[13] SummarizedExperiment_1.22.0       Biobase_2.52.0                    MatrixGenerics_1.4.0             
[16] matrixStats_0.60.0                ggplot2_3.3.5                     GenomicRanges_1.44.0             
[19] GenomeInfoDb_1.28.1               IRanges_2.26.0                    S4Vectors_0.30.0                 
[22] BiocGenerics_0.38.0              

loaded via a namespace (and not attached):
  [1] plyr_1.8.6               igraph_1.2.6             lazyeval_0.2.2           splines_4.1.0           
  [5] BiocParallel_1.26.1      listenv_0.8.0            scattermore_0.7          digest_0.6.27           
  [9] htmltools_0.5.1.1        fansi_0.5.0              tensor_1.5               cluster_2.1.2           
 [13] ROCR_1.0-11              globals_0.14.0           spatstat.sparse_2.0-0    colorspace_2.0-2        
 [17] ggrepel_0.9.1            xfun_0.24                dplyr_1.0.7              crayon_1.4.1            
 [21] RCurl_1.98-1.3           jsonlite_1.7.2           spatstat.data_2.1-0      survival_3.2-11         
 [25] zoo_1.8-9                glue_1.4.2               polyclip_1.10-0          gtable_0.3.0            
 [29] zlibbioc_1.38.0          leiden_0.3.8             DelayedArray_0.18.0      Rhdf5lib_1.14.2         
 [33] future.apply_1.7.0       abind_1.4-5              scales_1.1.1             pheatmap_1.0.12         
 [37] miniUI_0.1.1.1           Rcpp_1.0.7               viridisLite_0.4.0        xtable_1.8-4            
 [41] reticulate_1.20          spatstat.core_2.3-0      htmlwidgets_1.5.3        httr_1.4.2              
 [45] RColorBrewer_1.1-2       ellipsis_0.3.2           Seurat_4.0.3             ica_1.0-2               
 [49] farver_2.1.0             pkgconfig_2.0.3          XML_3.99-0.6             uwot_0.1.10             
 [53] deldir_0.2-10            utf8_1.2.2               labeling_0.4.2           tidyselect_1.1.1        
 [57] rlang_0.4.11             reshape2_1.4.4           later_1.2.0              munsell_0.5.0           
 [61] tools_4.1.0              cli_3.0.1                generics_0.1.0           ggridges_0.5.3          
 [65] evaluate_0.14            stringr_1.4.0            fastmap_1.1.0            yaml_2.2.1              
 [69] goftest_1.2-2            knitr_1.33               fitdistrplus_1.1-5       purrr_0.3.4             
 [73] RANN_2.6.1               pbapply_1.4-3            future_1.21.0            nlme_3.1-152            
 [77] mime_0.11                compiler_4.1.0           rstudioapi_0.13          plotly_4.9.4.1          
 [81] png_0.1-7                spatstat.utils_2.2-0     tibble_3.1.3             stringi_1.7.3           
 [85] lattice_0.20-44          vctrs_0.3.8              pillar_1.6.1             lifecycle_1.0.0         
 [89] rhdf5filters_1.4.0       spatstat.geom_2.2-2      lmtest_0.9-38            RcppAnnoy_0.0.18        
 [93] cowplot_1.1.1            bitops_1.0-7             irlba_2.3.3              httpuv_1.6.1            
 [97] patchwork_1.1.1          R6_2.5.0                 BiocIO_1.2.0             promises_1.2.0.1        
[101] KernSmooth_2.23-20       parallelly_1.27.0        codetools_0.2-18         MASS_7.3-54             
[105] rjson_0.2.20             withr_2.4.2              SeuratObject_4.0.2       GenomicAlignments_1.28.0
[109] sctransform_0.3.2        GenomeInfoDbData_1.2.6   mgcv_1.8-36              rpart_4.1-15            
[113] tidyr_1.1.3              rmarkdown_2.9            Cairo_1.5-12.2           Rtsne_0.15              
[117] shiny_1.6.0              restfulr_0.0.13         


------- Log Info


2021-07-27 20:31:42 : addGeneExpressionMatrix Input-Parameters, Class = list

addGeneExpressionMatrix Input-Parameters$input: length = 1

addGeneExpressionMatrix Input-Parameters$seRNA: length = 36578
class: RangedSummarizedExperiment 
dim: 6 11909 
metadata(0):
assays(1): counts
rownames(6): MIR1302-2HG FAM138A ... AL627309.3 AL627309.2
rowData names(5): feature_type genome id interval name
colnames(11909): PBMC_10k#AAACAGCCAAGGAATC-1 PBMC_10k#AAACAGCCAATCCCTT-1 ... PBMC_10k#TTTGTTGGTTGGTTAG-1
  PBMC_10k#TTTGTTGGTTTGCAGA-1
colData names(0):


addGeneExpressionMatrix Input-Parameters$chromSizes: length = 24
GRanges object with 6 ranges and 0 metadata columns:
      seqnames      ranges strand
         <Rle>   <IRanges>  <Rle>
  [1]     chr1 1-248956422      *
  [2]     chr2 1-242193529      *
  [3]     chr3 1-198295559      *
  [4]     chr4 1-190214555      *
  [5]     chr5 1-181538259      *
  [6]     chr6 1-170805979      *
  -------
  seqinfo: 24 sequences from an unspecified genome


addGeneExpressionMatrix Input-Parameters$excludeChr: length = 2
[1] "chrM" "chrY"


addGeneExpressionMatrix Input-Parameters$scaleTo: length = 1
[1] 10000


addGeneExpressionMatrix Input-Parameters$verbose: length = 1
[1] TRUE


addGeneExpressionMatrix Input-Parameters$threads: length = 1
[1] 4


addGeneExpressionMatrix Input-Parameters$parallelParam: length = 0
NULL


addGeneExpressionMatrix Input-Parameters$force: length = 1
[1] TRUE


addGeneExpressionMatrix Input-Parameters$logFile: length = 1
[1] "ArchRLogs/ArchR-addGeneExpressionMatrix-23bf82ce92a-Date-2021-07-27_Time-20-31-42.log"



2021-07-27 20:31:42 : Overlap w/ scATAC = 0.996

2021-07-27 20:31:42 : Overlap Per Sample w/ scATAC : PBMC_10k=10387

2021-07-27 20:31:45 : qcInfo, Class = DFrame
DataFrame with 11909 rows and 4 columns
                             Gex_nUMI Gex_nGenes Gex_MitoRatio Gex_RiboRatio
                            <numeric>  <numeric>     <numeric>     <numeric>
PBMC_10k#AAACAGCCAAGGAATC-1      7754       3295    0.00399794      0.155404
PBMC_10k#AAACAGCCAATCCCTT-1      3374       1883    0.00326023      0.106402
PBMC_10k#AAACAGCCAATGCGCT-1      6432       2892    0.00435323      0.153296
PBMC_10k#AAACAGCCACACTAAT-1      1421        834    0.01055595      0.263195
PBMC_10k#AAACAGCCACCAACCG-1      5063       2271    0.00375272      0.224768
...                               ...        ...           ...           ...
PBMC_10k#TTTGTTGGTGTTAAAC-1      2549       1513    0.00666928     0.0710082
PBMC_10k#TTTGTTGGTTAGGATT-1      3736       2012    0.00856531     0.0976981
PBMC_10k#TTTGTTGGTTGCAGTA-1      4475       2103    0.00759777     0.1901676
PBMC_10k#TTTGTTGGTTGGTTAG-1      2817       1607    0.00816471     0.1334753
PBMC_10k#TTTGTTGGTTTGCAGA-1      4169       1907    0.00287839     0.2374670

2021-07-27 20:31:45 : Batch Execution w/ safelapply!, 0 mins elapsed.

2021-07-27 20:31:45 : featureDF, Class = data.frame
featureDF: nRows = 36438, nCols = 6


2021-07-27 20:31:46 : Adding PBMC_10k to GeneExpressionMatrix for Chr (1 of 23)!, 0.022 mins elapsed.
2021-07-27 20:31:48 : Adding PBMC_10k to GeneExpressionMatrix for Chr (2 of 23)!, 0.05 mins elapsed.
2021-07-27 20:31:49 : Adding PBMC_10k to GeneExpressionMatrix for Chr (3 of 23)!, 0.069 mins elapsed.
2021-07-27 20:31:50 : Adding PBMC_10k to GeneExpressionMatrix for Chr (4 of 23)!, 0.093 mins elapsed.
2021-07-27 20:31:51 : Adding PBMC_10k to GeneExpressionMatrix for Chr (5 of 23)!, 0.11 mins elapsed.
2021-07-27 20:31:52 : Adding PBMC_10k to GeneExpressionMatrix for Chr (6 of 23)!, 0.126 mins elapsed.
2021-07-27 20:31:54 : Adding PBMC_10k to GeneExpressionMatrix for Chr (7 of 23)!, 0.149 mins elapsed.
2021-07-27 20:31:55 : Adding PBMC_10k to GeneExpressionMatrix for Chr (8 of 23)!, 0.166 mins elapsed.
2021-07-27 20:31:56 : Adding PBMC_10k to GeneExpressionMatrix for Chr (9 of 23)!, 0.183 mins elapsed.
2021-07-27 20:31:57 : Adding PBMC_10k to GeneExpressionMatrix for Chr (10 of 23)!, 0.206 mins elapsed.
2021-07-27 20:31:58 : Adding PBMC_10k to GeneExpressionMatrix for Chr (11 of 23)!, 0.224 mins elapsed.
2021-07-27 20:31:59 : Adding PBMC_10k to GeneExpressionMatrix for Chr (12 of 23)!, 0.241 mins elapsed.
2021-07-27 20:32:01 : Adding PBMC_10k to GeneExpressionMatrix for Chr (13 of 23)!, 0.267 mins elapsed.
2021-07-27 20:32:02 : Adding PBMC_10k to GeneExpressionMatrix for Chr (14 of 23)!, 0.284 mins elapsed.
2021-07-27 20:32:03 : Adding PBMC_10k to GeneExpressionMatrix for Chr (15 of 23)!, 0.301 mins elapsed.
2021-07-27 20:32:04 : Adding PBMC_10k to GeneExpressionMatrix for Chr (16 of 23)!, 0.324 mins elapsed.
2021-07-27 20:32:05 : Adding PBMC_10k to GeneExpressionMatrix for Chr (17 of 23)!, 0.341 mins elapsed.
2021-07-27 20:32:06 : Adding PBMC_10k to GeneExpressionMatrix for Chr (18 of 23)!, 0.358 mins elapsed.
2021-07-27 20:32:07 : Adding PBMC_10k to GeneExpressionMatrix for Chr (19 of 23)!, 0.38 mins elapsed.
2021-07-27 20:32:08 : Adding PBMC_10k to GeneExpressionMatrix for Chr (20 of 23)!, 0.397 mins elapsed.
2021-07-27 20:32:10 : Adding PBMC_10k to GeneExpressionMatrix for Chr (21 of 23)!, 0.414 mins elapsed.
2021-07-27 20:32:11 : Adding PBMC_10k to GeneExpressionMatrix for Chr (22 of 23)!, 0.436 mins elapsed.
2021-07-27 20:32:12 : Adding PBMC_10k to GeneExpressionMatrix for Chr (23 of 23)!, 0.452 mins elapsed.

------- Completed

End Time : 2021-07-27 20:32:13
Elapsed Time Minutes = 0.526356283823649
Elapsed Time Hours = 0.00877275082800123

-------



