
           ___      .______        ______  __    __  .______      
          /   \     |   _  \      /      ||  |  |  | |   _  \     
         /  ^  \    |  |_)  |    |  ,----'|  |__|  | |  |_)  |    
        /  /_\  \   |      /     |  |     |   __   | |      /     
       /  _____  \  |  |\  \\___ |  `----.|  |  |  | |  |\  \\___.
      /__/     \__\ | _| `._____| \______||__|  |__| | _| `._____|
    
Logging With ArchR!

Start Time : 2021-08-09 13:27:02

------- ArchR Info

ArchRThreads = 4

------- System Info

Computer OS = unix
Total Cores = 8

------- Session Info

R version 4.1.0 (2021-05-18)
Platform: x86_64-apple-darwin17.0 (64-bit)
Running under: macOS Big Sur 11.2.3

Matrix products: default
LAPACK: /Library/Frameworks/R.framework/Versions/4.1/Resources/lib/libRlapack.dylib

locale:
[1] en_US.UTF-8/en_US.UTF-8/en_US.UTF-8/C/en_US.UTF-8/en_US.UTF-8

attached base packages:
[1] parallel  stats4    stats     graphics  grDevices utils     datasets  methods   base     

other attached packages:
 [1] cowplot_1.1.1                 EnsDb.Hsapiens.v86_2.99.0     ensembldb_2.16.3              AnnotationFilter_1.16.0      
 [5] GenomicFeatures_1.44.0        AnnotationDbi_1.54.1          Signac_1.3.0                  pbmcMultiome.SeuratData_0.1.0
 [9] SeuratData_0.2.1              SeuratObject_4.0.2            Seurat_4.0.3                  ArchR_1.0.1                  
[13] magrittr_2.0.1                rhdf5_2.36.0                  Matrix_1.3-4                  data.table_1.14.0            
[17] SummarizedExperiment_1.22.0   Biobase_2.52.0                MatrixGenerics_1.4.0          matrixStats_0.60.0           
[21] ggplot2_3.3.5                 GenomicRanges_1.44.0          GenomeInfoDb_1.28.1           IRanges_2.26.0               
[25] S4Vectors_0.30.0              BiocGenerics_0.38.0          

loaded via a namespace (and not attached):
  [1] rappdirs_0.3.3           SnowballC_0.7.0          rtracklayer_1.52.0       scattermore_0.7          tidyr_1.1.3             
  [6] bit64_4.0.5              knitr_1.33               irlba_2.3.3              DelayedArray_0.18.0      rpart_4.1-15            
 [11] KEGGREST_1.32.0          RCurl_1.98-1.3           generics_0.1.0           callr_3.7.0              usethis_2.0.1           
 [16] RSQLite_2.2.7            RANN_2.6.1               future_1.21.0            bit_4.0.4                spatstat.data_2.1-0     
 [21] xml2_1.3.2               httpuv_1.6.1             assertthat_0.2.1         xfun_0.24                hms_1.1.0               
 [26] evaluate_0.14            promises_1.2.0.1         fansi_0.5.0              restfulr_0.0.13          progress_1.2.2          
 [31] dbplyr_2.1.1             igraph_1.2.6             DBI_1.1.1                htmlwidgets_1.5.3        sparsesvd_0.2           
 [36] spatstat.geom_2.2-2      purrr_0.3.4              ellipsis_0.3.2           RSpectra_0.16-0          backports_1.2.1         
 [41] dplyr_1.0.7              biomaRt_2.48.2           deldir_0.2-10            vctrs_0.3.8              remotes_2.4.0           
 [46] Cairo_1.5-12.2           ROCR_1.0-11              abind_1.4-5              cachem_1.0.5             withr_2.4.2             
 [51] ggforce_0.3.3            BSgenome_1.60.0          checkmate_2.0.0          sctransform_0.3.2        GenomicAlignments_1.28.0
 [56] prettyunits_1.1.1        goftest_1.2-2            cluster_2.1.2            lazyeval_0.2.2           crayon_1.4.1            
 [61] labeling_0.4.2           pkgconfig_2.0.3          slam_0.1-48              tweenr_1.0.2             nlme_3.1-152            
 [66] pkgload_1.2.1            ProtGenerics_1.24.0      nnet_7.3-16              devtools_2.4.2           rlang_0.4.11            
 [71] globals_0.14.0           lifecycle_1.0.0          miniUI_0.1.1.1           filelock_1.0.2           BiocFileCache_2.0.0     
 [76] dichromat_2.0-0          rprojroot_2.0.2          polyclip_1.10-0          lmtest_0.9-38            ggseqlogo_0.1           
 [81] Rhdf5lib_1.14.2          zoo_1.8-9                base64enc_0.1-3          ggridges_0.5.3           processx_3.5.2          
 [86] pheatmap_1.0.12          png_0.1-7                viridisLite_0.4.0        rjson_0.2.20             bitops_1.0-7            
 [91] KernSmooth_2.23-20       rhdf5filters_1.4.0       Biostrings_2.60.1        blob_1.2.2               stringr_1.4.0           
 [96] parallelly_1.27.0        jpeg_0.1-9               scales_1.1.1             memoise_2.0.0            plyr_1.8.6              
[101] ica_1.0-2                zlibbioc_1.38.0          compiler_4.1.0           BiocIO_1.2.0             RColorBrewer_1.1-2      
[106] fitdistrplus_1.1-5       Rsamtools_2.8.0          cli_3.0.1                XVector_0.32.0           listenv_0.8.0           
[111] patchwork_1.1.1          pbapply_1.4-3            ps_1.6.0                 htmlTable_2.2.1          Formula_1.2-4           
[116] MASS_7.3-54              mgcv_1.8-36              tidyselect_1.1.1         stringi_1.7.3            yaml_2.2.1              
[121] latticeExtra_0.6-29      ggrepel_0.9.1            grid_4.1.0               VariantAnnotation_1.38.0 fastmatch_1.1-3         
[126] tools_4.1.0              future.apply_1.7.0       rstudioapi_0.13          foreign_0.8-81           lsa_0.73.2              
[131] gridExtra_2.3            farver_2.1.0             Rtsne_0.15               digest_0.6.27            BiocManager_1.30.16     
[136] shiny_1.6.0              qlcMatrix_0.9.7          Rcpp_1.0.7               later_1.2.0              RcppAnnoy_0.0.19        
[141] httr_1.4.2               biovizBase_1.40.0        colorspace_2.0-2         XML_3.99-0.6             fs_1.5.0                
[146] tensor_1.5               reticulate_1.20          splines_4.1.0            uwot_0.1.10              RcppRoll_0.3.0          
[151] spatstat.utils_2.2-0     plotly_4.9.4.1           sessioninfo_1.1.1        xtable_1.8-4             jsonlite_1.7.2          
[156] testthat_3.0.4           R6_2.5.0                 Hmisc_4.5-0              pillar_1.6.2             htmltools_0.5.1.1       
[161] mime_0.11                glue_1.4.2               fastmap_1.1.0            BiocParallel_1.26.1      codetools_0.2-18        
[166] pkgbuild_1.2.0           utf8_1.2.2               lattice_0.20-44          spatstat.sparse_2.0-0    tibble_3.1.3            
[171] curl_4.3.2               leiden_0.3.9             survival_3.2-11          rmarkdown_2.9            docopt_0.7.1            
[176] desc_1.3.0               munsell_0.5.0            GenomeInfoDbData_1.2.6   reshape2_1.4.4           gtable_0.3.0            
[181] spatstat.core_2.3-0     


------- Log Info


2021-08-09 13:27:03 : Input-Parameters, Class = list

Input-Parameters$ArchRProj: length = 1

Input-Parameters$embedding: length = 1
[1] "UMAP_ATAC_iter1"


Input-Parameters$colorBy: length = 1
[1] "cellColData"


Input-Parameters$name: length = 1
[1] "Clusters_ATAC_iter1"


Input-Parameters$log2Norm: length = 0
NULL


Input-Parameters$imputeWeights: length = 0
NULL


Input-Parameters$pal: length = 0
NULL


Input-Parameters$size: length = 1
[1] 1.5


Input-Parameters$sampleCells: length = 0
NULL


Input-Parameters$highlightCells: length = 0
NULL


Input-Parameters$rastr: length = 1
[1] TRUE


Input-Parameters$quantCut: length = 2
[1] 0.01 0.99


Input-Parameters$discreteSet: length = 0
NULL


Input-Parameters$continuousSet: length = 0
NULL


Input-Parameters$randomize: length = 1
[1] TRUE


Input-Parameters$keepAxis: length = 1
[1] FALSE


Input-Parameters$baseSize: length = 1
[1] 10


Input-Parameters$plotAs: length = 0
NULL


Input-Parameters$threads: length = 1
[1] 4


Input-Parameters$logFile: length = 1
[1] "ArchRLogs/ArchR-plotEmbedding-10bac326f17d2-Date-2021-08-09_Time-13-27-02.log"


Input-Parameters$...: length = 2


2021-08-09 13:27:03 : Getting UMAP Embedding

2021-08-09 13:27:03 : Embedding data.frame, Class = data.frame
Embedding data.frame: nRows = 10387, nCols = 2



2021-08-09 13:27:03 : ColorBy = cellColData

2021-08-09 13:27:03 : ColorParams 1, Class = list

ColorParams 1$color: length = 10387
[1] "C13" "C13" "C13" "C14" "C13" "C13"


ColorParams 1$discrete: length = 1
[1] TRUE


ColorParams 1$continuousSet: length = 1
[1] "solarExtra"


ColorParams 1$discreteSet: length = 1
[1] "stallion"


ColorParams 1$title: length = 1
[1] "UMAP_ATAC_iter1 of LSI_ATAC_iter1  colored by\ncolData :  Clusters_ATAC_iter1"



2021-08-09 13:27:03 : PlotParams-1, Class = list

PlotParams-1$color: length = 10387
[1] "C13" "C13" "C13" "C14" "C13" "C13"


PlotParams-1$discrete: length = 1
[1] TRUE


PlotParams-1$continuousSet: length = 1
[1] "solarExtra"


PlotParams-1$discreteSet: length = 1
[1] "stallion"


PlotParams-1$title: length = 1
[1] "UMAP_ATAC_iter1 of LSI_ATAC_iter1  colored by\ncolData :  Clusters_ATAC_iter1"


PlotParams-1$labelAsFactors: length = 1
[1] FALSE


PlotParams-1$labelMeans: length = 1
[1] FALSE


PlotParams-1$x: length = 10387
[1] 5.979534 5.344216 6.614047 6.175131 5.562296 5.372368


PlotParams-1$y: length = 10387
[1] 11.834962 10.739073 11.483360  8.133943  9.917843 11.488596


PlotParams-1$baseSize: length = 1
[1] 10


PlotParams-1$xlabel: length = 1
[1] "UMAP Dimension 1"


PlotParams-1$ylabel: length = 1
[1] "UMAP Dimension 2"


PlotParams-1$rastr: length = 1
[1] TRUE


PlotParams-1$size: length = 1
[1] 1.5


PlotParams-1$randomize: length = 1
[1] TRUE



------- Completed

End Time : 2021-08-09 13:27:03
Elapsed Time Minutes = 0.0250541170438131
Elapsed Time Hours = 0.000419551399019029

-------



